#
# There is insufficient memory for the Java Runtime Environment to continue.
# Native memory allocation (malloc) failed to allocate 1300016 bytes for Chunk::new
# Possible reasons:
#   The system is out of physical RAM or swap space
#   The process is running with CompressedOops enabled, and the Java Heap may be blocking the growth of the native heap
# Possible solutions:
#   Reduce memory load on the system
#   Increase physical memory or swap space
#   Check if swap backing store is full
#   Decrease Java heap size (-Xmx/-Xms)
#   Decrease number of Java threads
#   Decrease Java thread stack sizes (-Xss)
#   Set larger code cache with -XX:ReservedCodeCacheSize=
#   JVM is running with Unscaled Compressed Oops mode in which the Java heap is
#     placed in the first 4GB address space. The Java Heap base address is the
#     maximum limit for the native heap growth. Please use -XX:HeapBaseMinAddress
#     to set the Java Heap base and to place the Java Heap above 4GB virtual address.
# This output file may be truncated or incomplete.
#
#  Out of Memory Error (./src/hotspot/share/memory/arena.cpp:197), pid=3760, tid=7172
#
# JRE version: OpenJDK Runtime Environment (11.0.8+10) (build 11.0.8+10-b944.6842174)
# Java VM: OpenJDK 64-Bit Server VM (11.0.8+10-b944.6842174, mixed mode, tiered, compressed oops, g1 gc, windows-amd64)
# No core dump will be written. Minidumps are not enabled by default on client versions of Windows
#

---------------  S U M M A R Y ------------

Command Line: --add-opens=java.base/java.util=ALL-UNNAMED --add-opens=java.base/java.lang=ALL-UNNAMED --add-opens=java.base/java.lang.invoke=ALL-UNNAMED --add-opens=java.prefs/java.util.prefs=ALL-UNNAMED -Xmx2048m -Dfile.encoding=UTF-8 -Duser.country=US -Duser.language=en -Duser.variant org.gradle.launcher.daemon.bootstrap.GradleDaemon 6.7.1

Host: Intel(R) Core(TM) i5-8300H CPU @ 2.30GHz, 8 cores, 7G,  Windows 10 , 64 bit Build 19041 (10.0.19041.804)
Time: Sat Jun  5 01:43:57 2021 SE Asia Standard Time elapsed time: 361 seconds (0d 0h 6m 1s)

---------------  T H R E A D  ---------------

Current thread (0x000001907eddd000):  JavaThread "C2 CompilerThread0" daemon [_thread_in_native, id=7172, stack(0x00000026bb900000,0x00000026bba00000)]


Current CompileTask:
C2: 361793 10051       4       java.io.File::<init> (113 bytes)

Stack: [0x00000026bb900000,0x00000026bba00000]
Native frames: (J=compiled Java code, j=interpreted, Vv=VM code, C=native code)
V  [jvm.dll+0x5de50a]
V  [jvm.dll+0x7122f5]
V  [jvm.dll+0x71384d]
V  [jvm.dll+0x713f03]
V  [jvm.dll+0x23e728]
V  [jvm.dll+0xb899c]
V  [jvm.dll+0xb8e9c]
V  [jvm.dll+0x35024d]
V  [jvm.dll+0x193cbc]
V  [jvm.dll+0x1f780e]
V  [jvm.dll+0x1f68d4]
V  [jvm.dll+0x17f32c]
V  [jvm.dll+0x205047]
V  [jvm.dll+0x203891]
V  [jvm.dll+0x6dad3f]
V  [jvm.dll+0x6d3895]
V  [jvm.dll+0x5dd4a6]
C  [ucrtbase.dll+0x21bb2]
C  [KERNEL32.DLL+0x17034]
C  [ntdll.dll+0x52651]


---------------  P R O C E S S  ---------------

Threads class SMR info:
_java_thread_list=0x0000019016da17c0, length=136, elements={
0x0000019079acf800, 0x000001907edc1000, 0x000001907edc4800, 0x000001907f742800,
0x000001907edd9000, 0x000001907eddd000, 0x000001907edeb800, 0x000001907eded000,
0x000001907f889000, 0x000001907f8c1000, 0x00000190162c9000, 0x00000190166cd800,
0x00000190162db800, 0x0000019015544000, 0x0000019015540800, 0x0000019015544800,
0x0000019019d48800, 0x0000019019d47000, 0x0000019019751800, 0x0000019019753000,
0x0000019019755000, 0x0000019019752800, 0x0000019019758000, 0x0000019019755800,
0x0000019019754000, 0x000001901975a000, 0x000001901975b800, 0x000001901975c000,
0x000001901975a800, 0x0000019019756800, 0x000001901975d000, 0x0000019019757800,
0x000001901975e000, 0x000001901975e800, 0x0000019019759000, 0x000001901975f800,
0x0000019019760800, 0x0000019019d4a000, 0x0000019019d4b000, 0x0000019019d49800,
0x0000019019d4c000, 0x0000019019d46000, 0x0000019019d50800, 0x0000019019d51800,
0x0000019019d4c800, 0x0000019019d50000, 0x0000019019d52800, 0x0000019019d53000,
0x0000019019d4d800, 0x0000019019d4f000, 0x0000019019d54000, 0x0000019019d4e800,
0x0000019019d55000, 0x0000019015541800, 0x0000019015540000, 0x000001901553f000,
0x0000019015542000, 0x0000019015545800, 0x0000019015543000, 0x000001901a17a800,
0x000001901a17d000, 0x000001901a179000, 0x000001901a17b800, 0x000001901a17c800,
0x000001901a177800, 0x000001901a17e000, 0x000001901a17a000, 0x000001901a178000,
0x0000019016cc3000, 0x0000019016cc3800, 0x0000019016cc4800, 0x0000019016cc5800,
0x0000019016cbf800, 0x0000019016cc6000, 0x0000019016cc0800, 0x0000019016cc1000,
0x0000019016cc2000, 0x000001901aad1000, 0x000001901aacd800, 0x000001901aacb000,
0x000001901aad0000, 0x000001901aace800, 0x000001901aacf000, 0x000001901aad1800,
0x000001901aacc000, 0x000001901aad2800, 0x000001901aacc800, 0x000001901aad4000,
0x000001901aad9000, 0x000001901aad3000, 0x000001901aad7800, 0x000001901aad6800,
0x000001901aad9800, 0x000001901aad5000, 0x000001901aad8000, 0x000001901aad5800,
0x000001901a230000, 0x000001901a231000, 0x000001901a234000, 0x000001901a232000,
0x000001901a232800, 0x000001901a233800, 0x000001901a22f800, 0x000001901a235000,
0x000001901a237800, 0x000001901a23a000, 0x000001901a238800, 0x000001901a239000,
0x000001901a23a800, 0x000001901a23b800, 0x000001901a236000, 0x000001901a23c800,
0x000001901a236800, 0x000001901a23d000, 0x000001901a23e000, 0x00000190192e1800,
0x00000190192e2000, 0x00000190192e4000, 0x00000190192e3000, 0x00000190192de000,
0x00000190192e0800, 0x00000190192e4800, 0x00000190192df000, 0x00000190192e5800,
0x00000190192e0000, 0x00000190192e9800, 0x00000190192eb000, 0x00000190192ec000,
0x00000190192e6800, 0x00000190192ed000, 0x00000190192e7000, 0x00000190192ea800,
0x00000190192e8000, 0x00000190192e9000, 0x000001901a261800, 0x000001901a263800
}

Java Threads: ( => current thread )
  0x0000019079acf800 JavaThread "main" [_thread_blocked, id=5896, stack(0x00000026bae00000,0x00000026baf00000)]
  0x000001907edc1000 JavaThread "Reference Handler" daemon [_thread_blocked, id=10452, stack(0x00000026bb500000,0x00000026bb600000)]
  0x000001907edc4800 JavaThread "Finalizer" daemon [_thread_blocked, id=4836, stack(0x00000026bb600000,0x00000026bb700000)]
  0x000001907f742800 JavaThread "Signal Dispatcher" daemon [_thread_blocked, id=3008, stack(0x00000026bb700000,0x00000026bb800000)]
  0x000001907edd9000 JavaThread "Attach Listener" daemon [_thread_blocked, id=1948, stack(0x00000026bb800000,0x00000026bb900000)]
=>0x000001907eddd000 JavaThread "C2 CompilerThread0" daemon [_thread_in_native, id=7172, stack(0x00000026bb900000,0x00000026bba00000)]
  0x000001907edeb800 JavaThread "C1 CompilerThread0" daemon [_thread_blocked, id=4712, stack(0x00000026bba00000,0x00000026bbb00000)]
  0x000001907eded000 JavaThread "Sweeper thread" daemon [_thread_blocked, id=8928, stack(0x00000026bbb00000,0x00000026bbc00000)]
  0x000001907f889000 JavaThread "Common-Cleaner" daemon [_thread_blocked, id=4592, stack(0x00000026bbc00000,0x00000026bbd00000)]
  0x000001907f8c1000 JavaThread "Service Thread" daemon [_thread_blocked, id=8500, stack(0x00000026bbd00000,0x00000026bbe00000)]
  0x00000190162c9000 JavaThread "Daemon health stats" [_thread_blocked, id=8400, stack(0x00000026bc000000,0x00000026bc100000)]
  0x00000190166cd800 JavaThread "Incoming local TCP Connector on port 57510" [_thread_in_native, id=4764, stack(0x00000026bc400000,0x00000026bc500000)]
  0x00000190162db800 JavaThread "Daemon periodic checks" [_thread_blocked, id=11796, stack(0x00000026bc500000,0x00000026bc600000)]
  0x0000019015544000 JavaThread "Cache worker for file hash cache (C:\Users\ACER\.gradle\caches\6.7.1\fileHashes)" [_thread_blocked, id=5844, stack(0x00000026bc800000,0x00000026bc900000)]
  0x0000019015540800 JavaThread "File lock request listener" [_thread_in_native, id=12160, stack(0x00000026bd400000,0x00000026bd500000)]
  0x0000019015544800 JavaThread "Cache worker for journal cache (C:\Users\ACER\.gradle\caches\journal-1)" [_thread_blocked, id=12588, stack(0x00000026bd600000,0x00000026bd700000)]
  0x0000019019d48800 JavaThread "Cache worker for execution history cache (C:\Users\ACER\.gradle\caches\6.7.1\executionHistory)" [_thread_blocked, id=12388, stack(0x00000026bf100000,0x00000026bf200000)]
  0x0000019019d47000 JavaThread "Cache worker for file content cache (C:\Users\ACER\.gradle\caches\6.7.1\fileContent)" [_thread_blocked, id=8324, stack(0x00000026bf200000,0x00000026bf300000)]
  0x0000019019751800 JavaThread "Memory manager" [_thread_blocked, id=2636, stack(0x00000026c4800000,0x00000026c4900000)]
  0x0000019019753000 JavaThread "Daemon Thread 2" [_thread_blocked, id=9508, stack(0x00000026bab00000,0x00000026bac00000)]
  0x0000019019755000 JavaThread "Handler for socket connection from /127.0.0.1:57510 to /127.0.0.1:58477" [_thread_in_native, id=7032, stack(0x00000026bac00000,0x00000026bad00000)]
  0x0000019019752800 JavaThread "Cancel handler" [_thread_blocked, id=4496, stack(0x00000026bad00000,0x00000026bae00000)]
  0x0000019019758000 JavaThread "Daemon worker Thread 2" [_thread_in_vm, id=1668, stack(0x00000026bc600000,0x00000026bc700000)]
  0x0000019019755800 JavaThread "Asynchronous log dispatcher for DefaultDaemonConnection: socket connection from /127.0.0.1:57510 to /127.0.0.1:58477" [_thread_blocked, id=3724, stack(0x00000026bc700000,0x00000026bc800000)]
  0x0000019019754000 JavaThread "Stdin handler" [_thread_blocked, id=7600, stack(0x00000026bc900000,0x00000026bca00000)]
  0x000001901975a000 JavaThread "Thread-138" [_thread_blocked, id=1252, stack(0x00000026bca00000,0x00000026bcb00000)]
  0x000001901975b800 JavaThread "Cache worker for file hash cache (E:\UTS-MySelfApp-master\.gradle\6.7.1\fileHashes)" [_thread_blocked, id=7072, stack(0x00000026bcb00000,0x00000026bcc00000)]
  0x000001901975c000 JavaThread "Cache worker for checksums cache (E:\UTS-MySelfApp-master\.gradle\checksums)" [_thread_blocked, id=13016, stack(0x00000026bcc00000,0x00000026bcd00000)]
  0x000001901975a800 JavaThread "Cache worker for cache directory md-supplier (C:\Users\ACER\.gradle\caches\6.7.1\md-supplier)" [_thread_blocked, id=14068, stack(0x00000026bcd00000,0x00000026bce00000)]
  0x0000019019756800 JavaThread "Cache worker for cache directory md-rule (C:\Users\ACER\.gradle\caches\6.7.1\md-rule)" [_thread_blocked, id=1944, stack(0x00000026bd700000,0x00000026bd800000)]
  0x000001901975d000 JavaThread "Cache worker for Build Output Cleanup Cache (E:\UTS-MySelfApp-master\.gradle\buildOutputCleanup)" [_thread_blocked, id=12344, stack(0x00000026bd800000,0x00000026bd900000)]
  0x0000019019757800 JavaThread "Build operations" [_thread_blocked, id=5280, stack(0x00000026bd900000,0x00000026bda00000)]
  0x000001901975e000 JavaThread "Build operations Thread 2" [_thread_blocked, id=6912, stack(0x00000026bda00000,0x00000026bdb00000)]
  0x000001901975e800 JavaThread "Build operations Thread 3" [_thread_blocked, id=6988, stack(0x00000026bdb00000,0x00000026bdc00000)]
  0x0000019019759000 JavaThread "Build operations Thread 4" [_thread_blocked, id=11564, stack(0x00000026bdc00000,0x00000026bdd00000)]
  0x000001901975f800 JavaThread "Build operations Thread 5" [_thread_blocked, id=9104, stack(0x00000026bdd00000,0x00000026bde00000)]
  0x0000019019760800 JavaThread "Build operations Thread 6" [_thread_blocked, id=11040, stack(0x00000026bde00000,0x00000026bdf00000)]
  0x0000019019d4a000 JavaThread "Build operations Thread 7" [_thread_blocked, id=9800, stack(0x00000026bdf00000,0x00000026be000000)]
  0x0000019019d4b000 JavaThread "Build operations Thread 8" [_thread_blocked, id=3320, stack(0x00000026be000000,0x00000026be100000)]
  0x0000019019d49800 JavaThread "jar transforms Thread 98" [_thread_blocked, id=8188, stack(0x00000026be100000,0x00000026be200000)]
  0x0000019019d4c000 JavaThread "jar transforms Thread 99" [_thread_blocked, id=3728, stack(0x00000026be200000,0x00000026be300000)]
  0x0000019019d46000 JavaThread "jar transforms Thread 100" [_thread_blocked, id=11768, stack(0x00000026be300000,0x00000026be400000)]
  0x0000019019d50800 JavaThread "jar transforms Thread 101" [_thread_blocked, id=13804, stack(0x00000026be400000,0x00000026be500000)]
  0x0000019019d51800 JavaThread "jar transforms Thread 102" [_thread_blocked, id=10572, stack(0x00000026be500000,0x00000026be600000)]
  0x0000019019d4c800 JavaThread "jar transforms Thread 103" [_thread_blocked, id=14300, stack(0x00000026be600000,0x00000026be700000)]
  0x0000019019d50000 JavaThread "jar transforms Thread 104" [_thread_blocked, id=6192, stack(0x00000026be700000,0x00000026be800000)]
  0x0000019019d52800 JavaThread "jar transforms Thread 105" [_thread_blocked, id=14184, stack(0x00000026be800000,0x00000026be900000)]
  0x0000019019d53000 JavaThread "jar transforms Thread 106" [_thread_blocked, id=11412, stack(0x00000026be900000,0x00000026bea00000)]
  0x0000019019d4d800 JavaThread "jar transforms Thread 107" [_thread_blocked, id=8388, stack(0x00000026bea00000,0x00000026beb00000)]
  0x0000019019d4f000 JavaThread "jar transforms Thread 108" [_thread_blocked, id=1932, stack(0x00000026beb00000,0x00000026bec00000)]
  0x0000019019d54000 JavaThread "jar transforms Thread 109" [_thread_blocked, id=14224, stack(0x00000026bec00000,0x00000026bed00000)]
  0x0000019019d4e800 JavaThread "jar transforms Thread 110" [_thread_blocked, id=7828, stack(0x00000026bed00000,0x00000026bee00000)]
  0x0000019019d55000 JavaThread "jar transforms Thread 111" [_thread_blocked, id=5364, stack(0x00000026bee00000,0x00000026bef00000)]
  0x0000019015541800 JavaThread "jar transforms Thread 112" [_thread_blocked, id=4216, stack(0x00000026bef00000,0x00000026bf000000)]
  0x0000019015540000 JavaThread "jar transforms Thread 113" [_thread_blocked, id=13784, stack(0x00000026bf000000,0x00000026bf100000)]
  0x000001901553f000 JavaThread "jar transforms Thread 114" [_thread_blocked, id=6184, stack(0x00000026bf300000,0x00000026bf400000)]
  0x0000019015542000 JavaThread "jar transforms Thread 115" [_thread_blocked, id=14180, stack(0x00000026bf400000,0x00000026bf500000)]
  0x0000019015545800 JavaThread "jar transforms Thread 116" [_thread_blocked, id=3996, stack(0x00000026bf500000,0x00000026bf600000)]
  0x0000019015543000 JavaThread "jar transforms Thread 117" [_thread_blocked, id=13364, stack(0x00000026bf600000,0x00000026bf700000)]
  0x000001901a17a800 JavaThread "jar transforms Thread 118" [_thread_blocked, id=9092, stack(0x00000026bf700000,0x00000026bf800000)]
  0x000001901a17d000 JavaThread "jar transforms Thread 119" [_thread_blocked, id=10624, stack(0x00000026bf800000,0x00000026bf900000)]
  0x000001901a179000 JavaThread "jar transforms Thread 120" [_thread_blocked, id=3796, stack(0x00000026bf900000,0x00000026bfa00000)]
  0x000001901a17b800 JavaThread "jar transforms Thread 121" [_thread_blocked, id=10704, stack(0x00000026bfa00000,0x00000026bfb00000)]
  0x000001901a17c800 JavaThread "jar transforms Thread 122" [_thread_blocked, id=9500, stack(0x00000026bfb00000,0x00000026bfc00000)]
  0x000001901a177800 JavaThread "jar transforms Thread 123" [_thread_blocked, id=13692, stack(0x00000026bfc00000,0x00000026bfd00000)]
  0x000001901a17e000 JavaThread "jar transforms Thread 124" [_thread_blocked, id=13224, stack(0x00000026bfd00000,0x00000026bfe00000)]
  0x000001901a17a000 JavaThread "jar transforms Thread 125" [_thread_blocked, id=9820, stack(0x00000026bfe00000,0x00000026bff00000)]
  0x000001901a178000 JavaThread "jar transforms Thread 126" [_thread_blocked, id=3604, stack(0x00000026bff00000,0x00000026c0000000)]
  0x0000019016cc3000 JavaThread "jar transforms Thread 127" [_thread_blocked, id=6108, stack(0x00000026c0000000,0x00000026c0100000)]
  0x0000019016cc3800 JavaThread "jar transforms Thread 128" [_thread_blocked, id=5228, stack(0x00000026c0100000,0x00000026c0200000)]
  0x0000019016cc4800 JavaThread "jar transforms Thread 129" [_thread_blocked, id=10044, stack(0x00000026c0200000,0x00000026c0300000)]
  0x0000019016cc5800 JavaThread "jar transforms Thread 130" [_thread_blocked, id=8776, stack(0x00000026c0300000,0x00000026c0400000)]
  0x0000019016cbf800 JavaThread "jar transforms Thread 131" [_thread_blocked, id=11404, stack(0x00000026c0400000,0x00000026c0500000)]
  0x0000019016cc6000 JavaThread "jar transforms Thread 132" [_thread_blocked, id=1636, stack(0x00000026c0500000,0x00000026c0600000)]
  0x0000019016cc0800 JavaThread "jar transforms Thread 133" [_thread_blocked, id=11748, stack(0x00000026c0600000,0x00000026c0700000)]
  0x0000019016cc1000 JavaThread "jar transforms Thread 134" [_thread_blocked, id=7236, stack(0x00000026c0700000,0x00000026c0800000)]
  0x0000019016cc2000 JavaThread "jar transforms Thread 135" [_thread_blocked, id=6644, stack(0x00000026c0800000,0x00000026c0900000)]
  0x000001901aad1000 JavaThread "jar transforms Thread 136" [_thread_blocked, id=12116, stack(0x00000026c0900000,0x00000026c0a00000)]
  0x000001901aacd800 JavaThread "jar transforms Thread 137" [_thread_blocked, id=6276, stack(0x00000026c0a00000,0x00000026c0b00000)]
  0x000001901aacb000 JavaThread "jar transforms Thread 138" [_thread_blocked, id=4296, stack(0x00000026c0b00000,0x00000026c0c00000)]
  0x000001901aad0000 JavaThread "jar transforms Thread 139" [_thread_blocked, id=11308, stack(0x00000026c0c00000,0x00000026c0d00000)]
  0x000001901aace800 JavaThread "jar transforms Thread 140" [_thread_blocked, id=3376, stack(0x00000026c0d00000,0x00000026c0e00000)]
  0x000001901aacf000 JavaThread "jar transforms Thread 141" [_thread_blocked, id=5972, stack(0x00000026c0e00000,0x00000026c0f00000)]
  0x000001901aad1800 JavaThread "jar transforms Thread 142" [_thread_blocked, id=2724, stack(0x00000026c0f00000,0x00000026c1000000)]
  0x000001901aacc000 JavaThread "jar transforms Thread 143" [_thread_blocked, id=10444, stack(0x00000026c1000000,0x00000026c1100000)]
  0x000001901aad2800 JavaThread "jar transforms Thread 144" [_thread_blocked, id=2192, stack(0x00000026c1100000,0x00000026c1200000)]
  0x000001901aacc800 JavaThread "jar transforms Thread 145" [_thread_blocked, id=14248, stack(0x00000026c1200000,0x00000026c1300000)]
  0x000001901aad4000 JavaThread "jar transforms Thread 146" [_thread_blocked, id=10580, stack(0x00000026c1300000,0x00000026c1400000)]
  0x000001901aad9000 JavaThread "jar transforms Thread 147" [_thread_blocked, id=9416, stack(0x00000026c1400000,0x00000026c1500000)]
  0x000001901aad3000 JavaThread "jar transforms Thread 148" [_thread_blocked, id=6372, stack(0x00000026c1500000,0x00000026c1600000)]
  0x000001901aad7800 JavaThread "jar transforms Thread 149" [_thread_blocked, id=6264, stack(0x00000026c1600000,0x00000026c1700000)]
  0x000001901aad6800 JavaThread "jar transforms Thread 150" [_thread_blocked, id=5720, stack(0x00000026c1700000,0x00000026c1800000)]
  0x000001901aad9800 JavaThread "jar transforms Thread 151" [_thread_blocked, id=6040, stack(0x00000026c1800000,0x00000026c1900000)]
  0x000001901aad5000 JavaThread "jar transforms Thread 152" [_thread_blocked, id=6652, stack(0x00000026c1900000,0x00000026c1a00000)]
  0x000001901aad8000 JavaThread "jar transforms Thread 153" [_thread_blocked, id=1204, stack(0x00000026c1a00000,0x00000026c1b00000)]
  0x000001901aad5800 JavaThread "jar transforms Thread 154" [_thread_blocked, id=8424, stack(0x00000026c1b00000,0x00000026c1c00000)]
  0x000001901a230000 JavaThread "jar transforms Thread 155" [_thread_blocked, id=3892, stack(0x00000026c1c00000,0x00000026c1d00000)]
  0x000001901a231000 JavaThread "jar transforms Thread 156" [_thread_blocked, id=4504, stack(0x00000026c1d00000,0x00000026c1e00000)]
  0x000001901a234000 JavaThread "jar transforms Thread 157" [_thread_blocked, id=11664, stack(0x00000026c1e00000,0x00000026c1f00000)]
  0x000001901a232000 JavaThread "jar transforms Thread 158" [_thread_blocked, id=13900, stack(0x00000026c1f00000,0x00000026c2000000)]
  0x000001901a232800 JavaThread "jar transforms Thread 159" [_thread_blocked, id=8088, stack(0x00000026c2000000,0x00000026c2100000)]
  0x000001901a233800 JavaThread "jar transforms Thread 160" [_thread_blocked, id=6284, stack(0x00000026c2100000,0x00000026c2200000)]
  0x000001901a22f800 JavaThread "jar transforms Thread 161" [_thread_blocked, id=2640, stack(0x00000026c2200000,0x00000026c2300000)]
  0x000001901a235000 JavaThread "jar transforms Thread 162" [_thread_blocked, id=13388, stack(0x00000026c2300000,0x00000026c2400000)]
  0x000001901a237800 JavaThread "jar transforms Thread 163" [_thread_blocked, id=1356, stack(0x00000026c2400000,0x00000026c2500000)]
  0x000001901a23a000 JavaThread "jar transforms Thread 164" [_thread_blocked, id=11476, stack(0x00000026c2500000,0x00000026c2600000)]
  0x000001901a238800 JavaThread "jar transforms Thread 165" [_thread_blocked, id=6000, stack(0x00000026c2600000,0x00000026c2700000)]
  0x000001901a239000 JavaThread "jar transforms Thread 166" [_thread_blocked, id=10668, stack(0x00000026c2700000,0x00000026c2800000)]
  0x000001901a23a800 JavaThread "jar transforms Thread 167" [_thread_blocked, id=12676, stack(0x00000026c2800000,0x00000026c2900000)]
  0x000001901a23b800 JavaThread "jar transforms Thread 168" [_thread_blocked, id=1812, stack(0x00000026c2900000,0x00000026c2a00000)]
  0x000001901a236000 JavaThread "jar transforms Thread 169" [_thread_blocked, id=424, stack(0x00000026c2a00000,0x00000026c2b00000)]
  0x000001901a23c800 JavaThread "jar transforms Thread 170" [_thread_blocked, id=12292, stack(0x00000026c2b00000,0x00000026c2c00000)]
  0x000001901a236800 JavaThread "jar transforms Thread 171" [_thread_blocked, id=6636, stack(0x00000026c2c00000,0x00000026c2d00000)]
  0x000001901a23d000 JavaThread "jar transforms Thread 172" [_thread_blocked, id=4536, stack(0x00000026c2d00000,0x00000026c2e00000)]
  0x000001901a23e000 JavaThread "jar transforms Thread 173" [_thread_blocked, id=2716, stack(0x00000026c2e00000,0x00000026c2f00000)]
  0x00000190192e1800 JavaThread "jar transforms Thread 174" [_thread_blocked, id=6776, stack(0x00000026c2f00000,0x00000026c3000000)]
  0x00000190192e2000 JavaThread "jar transforms Thread 175" [_thread_blocked, id=10028, stack(0x00000026c3000000,0x00000026c3100000)]
  0x00000190192e4000 JavaThread "jar transforms Thread 176" [_thread_blocked, id=7152, stack(0x00000026c3100000,0x00000026c3200000)]
  0x00000190192e3000 JavaThread "jar transforms Thread 177" [_thread_blocked, id=14048, stack(0x00000026c3200000,0x00000026c3300000)]
  0x00000190192de000 JavaThread "jar transforms Thread 178" [_thread_blocked, id=12416, stack(0x00000026c3300000,0x00000026c3400000)]
  0x00000190192e0800 JavaThread "jar transforms Thread 179" [_thread_blocked, id=7080, stack(0x00000026c3400000,0x00000026c3500000)]
  0x00000190192e4800 JavaThread "jar transforms Thread 180" [_thread_blocked, id=7248, stack(0x00000026c3500000,0x00000026c3600000)]
  0x00000190192df000 JavaThread "jar transforms Thread 181" [_thread_blocked, id=9456, stack(0x00000026c3600000,0x00000026c3700000)]
  0x00000190192e5800 JavaThread "jar transforms Thread 182" [_thread_blocked, id=13280, stack(0x00000026c3700000,0x00000026c3800000)]
  0x00000190192e0000 JavaThread "jar transforms Thread 183" [_thread_blocked, id=5700, stack(0x00000026c3800000,0x00000026c3900000)]
  0x00000190192e9800 JavaThread "jar transforms Thread 184" [_thread_blocked, id=8348, stack(0x00000026c3900000,0x00000026c3a00000)]
  0x00000190192eb000 JavaThread "jar transforms Thread 185" [_thread_blocked, id=2188, stack(0x00000026c3a00000,0x00000026c3b00000)]
  0x00000190192ec000 JavaThread "jar transforms Thread 186" [_thread_blocked, id=5368, stack(0x00000026c3b00000,0x00000026c3c00000)]
  0x00000190192e6800 JavaThread "jar transforms Thread 187" [_thread_blocked, id=13564, stack(0x00000026c3c00000,0x00000026c3d00000)]
  0x00000190192ed000 JavaThread "jar transforms Thread 188" [_thread_blocked, id=10956, stack(0x00000026c3d00000,0x00000026c3e00000)]
  0x00000190192e7000 JavaThread "jar transforms Thread 189" [_thread_blocked, id=3224, stack(0x00000026c3e00000,0x00000026c3f00000)]
  0x00000190192ea800 JavaThread "jar transforms Thread 190" [_thread_blocked, id=14240, stack(0x00000026c3f00000,0x00000026c4000000)]
  0x00000190192e8000 JavaThread "jar transforms Thread 191" [_thread_blocked, id=2492, stack(0x00000026c4000000,0x00000026c4100000)]
  0x00000190192e9000 JavaThread "jar transforms Thread 192" [_thread_blocked, id=11444, stack(0x00000026c4100000,0x00000026c4200000)]
  0x000001901a261800 JavaThread "jar transforms Thread 193" [_thread_blocked, id=3156, stack(0x00000026c4200000,0x00000026c4300000)]
  0x000001901a263800 JavaThread "jar transforms Thread 194" [_thread_blocked, id=13996, stack(0x00000026c4300000,0x00000026c4400000)]

Other Threads:
  0x000001907edbf000 VMThread "VM Thread" [stack: 0x00000026bb400000,0x00000026bb500000] [id=13556]
  0x000001907f8c1800 WatcherThread [stack: 0x00000026bbe00000,0x00000026bbf00000] [id=2896]
  0x0000019079ae2000 GCTaskThread "GC Thread#0" [stack: 0x00000026baf00000,0x00000026bb000000] [id=4360]
  0x0000019015842800 GCTaskThread "GC Thread#1" [stack: 0x00000026bc100000,0x00000026bc200000] [id=6992]
  0x0000019015bf9000 GCTaskThread "GC Thread#2" [stack: 0x00000026bc200000,0x00000026bc300000] [id=2708]
  0x0000019016771800 GCTaskThread "GC Thread#3" [stack: 0x00000026bce00000,0x00000026bcf00000] [id=8104]
  0x0000019015f4b800 GCTaskThread "GC Thread#4" [stack: 0x00000026bcf00000,0x00000026bd000000] [id=5744]
  0x0000019016c91000 GCTaskThread "GC Thread#5" [stack: 0x00000026bd000000,0x00000026bd100000] [id=2316]
  0x0000019016c05800 GCTaskThread "GC Thread#6" [stack: 0x00000026bd100000,0x00000026bd200000] [id=11388]
  0x00000190163c4000 GCTaskThread "GC Thread#7" [stack: 0x00000026bd200000,0x00000026bd300000] [id=11588]
  0x0000019079b14800 ConcurrentGCThread "G1 Main Marker" [stack: 0x00000026bb000000,0x00000026bb100000] [id=8712]
  0x0000019079b17800 ConcurrentGCThread "G1 Conc#0" [stack: 0x00000026bb100000,0x00000026bb200000] [id=12736]
  0x000001907fa90000 ConcurrentGCThread "G1 Conc#1" [stack: 0x00000026bd500000,0x00000026bd600000] [id=10424]
  0x000001907ec10800 ConcurrentGCThread "G1 Refine#0" [stack: 0x00000026bb200000,0x00000026bb300000] [id=2952]
  0x000001901626b800 ConcurrentGCThread "G1 Refine#1" [stack: 0x00000026bd300000,0x00000026bd400000] [id=4968]
  0x000001907ec11000 ConcurrentGCThread "G1 Young RemSet Sampling" [stack: 0x00000026bb300000,0x00000026bb400000] [id=7116]

Threads with active compile tasks:
C2 CompilerThread0 361962 10051       4       java.io.File::<init> (113 bytes)
C1 CompilerThread0 361963 10550       2       java.util.ArrayList$ArrayListSpliterator::getFence (35 bytes)

VM state:not at safepoint (normal execution)

VM Mutex/Monitor currently owned by a thread:  ([mutex/lock_event])
[0x0000019079ac9680] CodeCache_lock - owner thread: 0x0000000000000000

Heap address: 0x0000000080000000, size: 2048 MB, Compressed Oops mode: 32-bit
Narrow klass base: 0x0000000000000000, Narrow klass shift: 3
Compressed class space size: 1073741824 Address: 0x0000000100000000

Heap:
 garbage-first heap   total 187392K, used 108822K [0x0000000080000000, 0x0000000100000000)
  region size 1024K, 22 young (22528K), 6 survivors (6144K)
 Metaspace       used 96932K, capacity 99828K, committed 99968K, reserved 1136640K
  class space    used 12388K, capacity 13408K, committed 13440K, reserved 1048576K
Heap Regions: E=young(eden), S=young(survivor), O=old, HS=humongous(starts), HC=humongous(continues), CS=collection set, F=free, A=archive, TAMS=top-at-mark-start (previous, next)
|   0|0x0000000080000000, 0x0000000080100000, 0x0000000080100000|100%| O|  |TAMS 0x0000000080100000, 0x0000000080000000| Untracked 
|   1|0x0000000080100000, 0x0000000080200000, 0x0000000080200000|100%| O|  |TAMS 0x0000000080200000, 0x0000000080100000| Untracked 
|   2|0x0000000080200000, 0x0000000080300000, 0x0000000080300000|100%| O|  |TAMS 0x0000000080300000, 0x0000000080200000| Untracked 
|   3|0x0000000080300000, 0x0000000080400000, 0x0000000080400000|100%|HS|  |TAMS 0x0000000080400000, 0x0000000080300000| Complete 
|   4|0x0000000080400000, 0x0000000080500000, 0x0000000080500000|100%|HC|  |TAMS 0x0000000080500000, 0x0000000080400000| Complete 
|   5|0x0000000080500000, 0x0000000080600000, 0x0000000080600000|100%|HC|  |TAMS 0x0000000080600000, 0x0000000080500000| Complete 
|   6|0x0000000080600000, 0x0000000080700000, 0x0000000080700000|100%| O|  |TAMS 0x0000000080700000, 0x0000000080600000| Untracked 
|   7|0x0000000080700000, 0x0000000080800000, 0x0000000080800000|100%| O|  |TAMS 0x0000000080800000, 0x0000000080700000| Untracked 
|   8|0x0000000080800000, 0x0000000080900000, 0x0000000080900000|100%| O|  |TAMS 0x0000000080900000, 0x0000000080800000| Untracked 
|   9|0x0000000080900000, 0x0000000080a00000, 0x0000000080a00000|100%| O|  |TAMS 0x0000000080a00000, 0x0000000080900000| Untracked 
|  10|0x0000000080a00000, 0x0000000080b00000, 0x0000000080b00000|100%| O|  |TAMS 0x0000000080b00000, 0x0000000080a00000| Untracked 
|  11|0x0000000080b00000, 0x0000000080c00000, 0x0000000080c00000|100%| O|  |TAMS 0x0000000080c00000, 0x0000000080b00000| Untracked 
|  12|0x0000000080c00000, 0x0000000080d00000, 0x0000000080d00000|100%| O|  |TAMS 0x0000000080d00000, 0x0000000080c00000| Untracked 
|  13|0x0000000080d00000, 0x0000000080e00000, 0x0000000080e00000|100%| O|  |TAMS 0x0000000080e00000, 0x0000000080d00000| Untracked 
|  14|0x0000000080e00000, 0x0000000080f00000, 0x0000000080f00000|100%| O|  |TAMS 0x0000000080f00000, 0x0000000080e00000| Untracked 
|  15|0x0000000080f00000, 0x0000000081000000, 0x0000000081000000|100%| O|  |TAMS 0x0000000081000000, 0x0000000080f00000| Untracked 
|  16|0x0000000081000000, 0x0000000081100000, 0x0000000081100000|100%|HS|  |TAMS 0x0000000081100000, 0x0000000081000000| Complete 
|  17|0x0000000081100000, 0x0000000081200000, 0x0000000081200000|100%|HC|  |TAMS 0x0000000081200000, 0x0000000081100000| Complete 
|  18|0x0000000081200000, 0x0000000081300000, 0x0000000081300000|100%|HS|  |TAMS 0x0000000081300000, 0x0000000081200000| Complete 
|  19|0x0000000081300000, 0x0000000081400000, 0x0000000081400000|100%|HC|  |TAMS 0x0000000081400000, 0x0000000081300000| Complete 
|  20|0x0000000081400000, 0x0000000081500000, 0x0000000081500000|100%|HC|  |TAMS 0x0000000081500000, 0x0000000081400000| Complete 
|  21|0x0000000081500000, 0x0000000081600000, 0x0000000081600000|100%|HS|  |TAMS 0x0000000081600000, 0x0000000081500000| Complete 
|  22|0x0000000081600000, 0x0000000081700000, 0x0000000081700000|100%|HC|  |TAMS 0x0000000081700000, 0x0000000081600000| Complete 
|  23|0x0000000081700000, 0x0000000081800000, 0x0000000081800000|100%|HC|  |TAMS 0x0000000081800000, 0x0000000081700000| Complete 
|  24|0x0000000081800000, 0x0000000081900000, 0x0000000081900000|100%|HC|  |TAMS 0x0000000081900000, 0x0000000081800000| Complete 
|  25|0x0000000081900000, 0x0000000081a00000, 0x0000000081a00000|100%| O|  |TAMS 0x0000000081a00000, 0x0000000081900000| Untracked 
|  26|0x0000000081a00000, 0x0000000081b00000, 0x0000000081b00000|100%| O|  |TAMS 0x0000000081b00000, 0x0000000081a00000| Untracked 
|  27|0x0000000081b00000, 0x0000000081c00000, 0x0000000081c00000|100%| O|  |TAMS 0x0000000081c00000, 0x0000000081b00000| Untracked 
|  28|0x0000000081c00000, 0x0000000081d00000, 0x0000000081d00000|100%| O|  |TAMS 0x0000000081d00000, 0x0000000081c00000| Untracked 
|  29|0x0000000081d00000, 0x0000000081e00000, 0x0000000081e00000|100%| O|  |TAMS 0x0000000081e00000, 0x0000000081d00000| Untracked 
|  30|0x0000000081e00000, 0x0000000081f00000, 0x0000000081f00000|100%| O|  |TAMS 0x0000000081f00000, 0x0000000081e00000| Untracked 
|  31|0x0000000081f00000, 0x0000000082000000, 0x0000000082000000|100%| O|  |TAMS 0x0000000082000000, 0x0000000081f00000| Untracked 
|  32|0x0000000082000000, 0x0000000082100000, 0x0000000082100000|100%| O|  |TAMS 0x0000000082100000, 0x0000000082000000| Untracked 
|  33|0x0000000082100000, 0x0000000082200000, 0x0000000082200000|100%|HS|  |TAMS 0x0000000082200000, 0x0000000082100000| Complete 
|  34|0x0000000082200000, 0x0000000082300000, 0x0000000082300000|100%|HC|  |TAMS 0x0000000082300000, 0x0000000082200000| Complete 
|  35|0x0000000082300000, 0x0000000082400000, 0x0000000082400000|100%|HC|  |TAMS 0x0000000082400000, 0x0000000082300000| Complete 
|  36|0x0000000082400000, 0x0000000082500000, 0x0000000082500000|100%|HC|  |TAMS 0x0000000082500000, 0x0000000082400000| Complete 
|  37|0x0000000082500000, 0x0000000082600000, 0x0000000082600000|100%|HS|  |TAMS 0x0000000082600000, 0x0000000082500000| Complete 
|  38|0x0000000082600000, 0x0000000082700000, 0x0000000082700000|100%|HC|  |TAMS 0x0000000082700000, 0x0000000082600000| Complete 
|  39|0x0000000082700000, 0x0000000082800000, 0x0000000082800000|100%|HC|  |TAMS 0x0000000082800000, 0x0000000082700000| Complete 
|  40|0x0000000082800000, 0x0000000082900000, 0x0000000082900000|100%| O|  |TAMS 0x0000000082900000, 0x0000000082800000| Untracked 
|  41|0x0000000082900000, 0x0000000082a00000, 0x0000000082a00000|100%| O|  |TAMS 0x0000000082a00000, 0x0000000082900000| Untracked 
|  42|0x0000000082a00000, 0x0000000082b00000, 0x0000000082b00000|100%| O|  |TAMS 0x0000000082b00000, 0x0000000082a00000| Untracked 
|  43|0x0000000082b00000, 0x0000000082c00000, 0x0000000082c00000|100%| O|  |TAMS 0x0000000082c00000, 0x0000000082b00000| Untracked 
|  44|0x0000000082c00000, 0x0000000082d00000, 0x0000000082d00000|100%| O|  |TAMS 0x0000000082d00000, 0x0000000082c00000| Untracked 
|  45|0x0000000082d00000, 0x0000000082e00000, 0x0000000082e00000|100%| O|  |TAMS 0x0000000082e00000, 0x0000000082d00000| Untracked 
|  46|0x0000000082e00000, 0x0000000082f00000, 0x0000000082f00000|100%| O|  |TAMS 0x0000000082f00000, 0x0000000082e00000| Untracked 
|  47|0x0000000082f00000, 0x0000000083000000, 0x0000000083000000|100%|HS|  |TAMS 0x0000000083000000, 0x0000000082f00000| Complete 
|  48|0x0000000083000000, 0x0000000083100000, 0x0000000083100000|100%| O|  |TAMS 0x0000000083100000, 0x0000000083000000| Untracked 
|  49|0x0000000083100000, 0x0000000083200000, 0x0000000083200000|100%|HS|  |TAMS 0x0000000083200000, 0x0000000083100000| Complete 
|  50|0x0000000083200000, 0x0000000083300000, 0x0000000083300000|100%|HC|  |TAMS 0x0000000083300000, 0x0000000083200000| Complete 
|  51|0x0000000083300000, 0x0000000083400000, 0x0000000083400000|100%| O|  |TAMS 0x0000000083400000, 0x0000000083300000| Untracked 
|  52|0x0000000083400000, 0x0000000083500000, 0x0000000083500000|100%| O|  |TAMS 0x0000000083500000, 0x0000000083400000| Untracked 
|  53|0x0000000083500000, 0x0000000083600000, 0x0000000083600000|100%| O|  |TAMS 0x0000000083600000, 0x0000000083500000| Untracked 
|  54|0x0000000083600000, 0x0000000083700000, 0x0000000083700000|100%| O|  |TAMS 0x0000000083700000, 0x0000000083600000| Untracked 
|  55|0x0000000083700000, 0x0000000083800000, 0x0000000083800000|100%| O|  |TAMS 0x0000000083800000, 0x0000000083700000| Untracked 
|  56|0x0000000083800000, 0x0000000083900000, 0x0000000083900000|100%| O|  |TAMS 0x0000000083900000, 0x0000000083800000| Untracked 
|  57|0x0000000083900000, 0x0000000083a00000, 0x0000000083a00000|100%| O|  |TAMS 0x0000000083a00000, 0x0000000083900000| Untracked 
|  58|0x0000000083a00000, 0x0000000083b00000, 0x0000000083b00000|100%| O|  |TAMS 0x0000000083b00000, 0x0000000083a00000| Untracked 
|  59|0x0000000083b00000, 0x0000000083c00000, 0x0000000083c00000|100%| O|  |TAMS 0x0000000083c00000, 0x0000000083b00000| Untracked 
|  60|0x0000000083c00000, 0x0000000083d00000, 0x0000000083d00000|100%| O|  |TAMS 0x0000000083d00000, 0x0000000083c00000| Untracked 
|  61|0x0000000083d00000, 0x0000000083e00000, 0x0000000083e00000|100%| O|  |TAMS 0x0000000083e00000, 0x0000000083d00000| Untracked 
|  62|0x0000000083e00000, 0x0000000083f00000, 0x0000000083f00000|100%| O|  |TAMS 0x0000000083f00000, 0x0000000083e00000| Untracked 
|  63|0x0000000083f00000, 0x0000000084000000, 0x0000000084000000|100%| O|  |TAMS 0x0000000084000000, 0x0000000083f00000| Untracked 
|  64|0x0000000084000000, 0x0000000084100000, 0x0000000084100000|100%| O|  |TAMS 0x0000000084100000, 0x0000000084000000| Untracked 
|  65|0x0000000084100000, 0x0000000084200000, 0x0000000084200000|100%| O|  |TAMS 0x0000000084200000, 0x0000000084100000| Untracked 
|  66|0x0000000084200000, 0x0000000084300000, 0x0000000084300000|100%| O|  |TAMS 0x0000000084300000, 0x0000000084200000| Untracked 
|  67|0x0000000084300000, 0x0000000084400000, 0x0000000084400000|100%| O|  |TAMS 0x0000000084400000, 0x0000000084300000| Untracked 
|  68|0x0000000084400000, 0x0000000084500000, 0x0000000084500000|100%| O|  |TAMS 0x0000000084500000, 0x0000000084400000| Untracked 
|  69|0x0000000084500000, 0x0000000084600000, 0x0000000084600000|100%| O|  |TAMS 0x0000000084600000, 0x0000000084500000| Untracked 
|  70|0x0000000084600000, 0x0000000084700000, 0x0000000084700000|100%| O|  |TAMS 0x0000000084700000, 0x0000000084600000| Untracked 
|  71|0x0000000084700000, 0x0000000084800000, 0x0000000084800000|100%| O|  |TAMS 0x0000000084800000, 0x0000000084700000| Untracked 
|  72|0x0000000084800000, 0x0000000084900000, 0x0000000084900000|100%| O|  |TAMS 0x0000000084900000, 0x0000000084800000| Untracked 
|  73|0x0000000084900000, 0x0000000084a00000, 0x0000000084a00000|100%| O|  |TAMS 0x0000000084a00000, 0x0000000084900000| Untracked 
|  74|0x0000000084a00000, 0x0000000084b00000, 0x0000000084b00000|100%| O|  |TAMS 0x0000000084b00000, 0x0000000084a00000| Untracked 
|  75|0x0000000084b00000, 0x0000000084c00000, 0x0000000084c00000|100%| O|  |TAMS 0x0000000084c00000, 0x0000000084b00000| Untracked 
|  76|0x0000000084c00000, 0x0000000084d00000, 0x0000000084d00000|100%| O|  |TAMS 0x0000000084d00000, 0x0000000084c00000| Untracked 
|  77|0x0000000084d00000, 0x0000000084e00000, 0x0000000084e00000|100%| O|  |TAMS 0x0000000084e00000, 0x0000000084d00000| Untracked 
|  78|0x0000000084e00000, 0x0000000084f00000, 0x0000000084f00000|100%| O|  |TAMS 0x0000000084f00000, 0x0000000084e00000| Untracked 
|  79|0x0000000084f00000, 0x0000000085000000, 0x0000000085000000|100%| O|  |TAMS 0x0000000085000000, 0x0000000084f00000| Untracked 
|  80|0x0000000085000000, 0x0000000085100000, 0x0000000085100000|100%| O|  |TAMS 0x0000000085100000, 0x0000000085000000| Untracked 
|  81|0x0000000085100000, 0x0000000085200000, 0x0000000085200000|100%| O|  |TAMS 0x0000000085200000, 0x0000000085100000| Untracked 
|  82|0x0000000085200000, 0x0000000085300000, 0x0000000085300000|100%| O|  |TAMS 0x0000000085300000, 0x0000000085200000| Untracked 
|  83|0x0000000085300000, 0x0000000085400000, 0x0000000085400000|100%| O|  |TAMS 0x00000000853b8600, 0x0000000085300000| Untracked 
|  84|0x0000000085400000, 0x0000000085400000, 0x0000000085500000|  0%| F|  |TAMS 0x0000000085400000, 0x0000000085400000| Untracked 
|  85|0x0000000085500000, 0x0000000085600000, 0x0000000085600000|100%| O|  |TAMS 0x0000000085500000, 0x0000000085500000| Untracked 
|  86|0x0000000085600000, 0x00000000856ee600, 0x0000000085700000| 93%| O|  |TAMS 0x0000000085600000, 0x0000000085600000| Untracked 
|  87|0x0000000085700000, 0x0000000085700000, 0x0000000085800000|  0%| F|  |TAMS 0x0000000085700000, 0x0000000085700000| Untracked 
|  88|0x0000000085800000, 0x0000000085800000, 0x0000000085900000|  0%| F|  |TAMS 0x0000000085800000, 0x0000000085800000| Untracked 
|  89|0x0000000085900000, 0x0000000085900000, 0x0000000085a00000|  0%| F|  |TAMS 0x0000000085900000, 0x0000000085900000| Untracked 
|  90|0x0000000085a00000, 0x0000000085a00000, 0x0000000085b00000|  0%| F|  |TAMS 0x0000000085a00000, 0x0000000085a00000| Untracked 
|  91|0x0000000085b00000, 0x0000000085b00000, 0x0000000085c00000|  0%| F|  |TAMS 0x0000000085b00000, 0x0000000085b00000| Untracked 
|  92|0x0000000085c00000, 0x0000000085c00000, 0x0000000085d00000|  0%| F|  |TAMS 0x0000000085c00000, 0x0000000085c00000| Untracked 
|  93|0x0000000085d00000, 0x0000000085d00000, 0x0000000085e00000|  0%| F|  |TAMS 0x0000000085d00000, 0x0000000085d00000| Untracked 
|  94|0x0000000085e00000, 0x0000000085e00000, 0x0000000085f00000|  0%| F|  |TAMS 0x0000000085e00000, 0x0000000085e00000| Untracked 
|  95|0x0000000085f00000, 0x0000000085f00000, 0x0000000086000000|  0%| F|  |TAMS 0x0000000085f00000, 0x0000000085f00000| Untracked 
|  96|0x0000000086000000, 0x0000000086000000, 0x0000000086100000|  0%| F|  |TAMS 0x0000000086000000, 0x0000000086000000| Untracked 
|  97|0x0000000086100000, 0x0000000086100000, 0x0000000086200000|  0%| F|  |TAMS 0x0000000086100000, 0x0000000086100000| Untracked 
|  98|0x0000000086200000, 0x0000000086200000, 0x0000000086300000|  0%| F|  |TAMS 0x0000000086200000, 0x0000000086200000| Untracked 
|  99|0x0000000086300000, 0x0000000086300000, 0x0000000086400000|  0%| F|  |TAMS 0x0000000086300000, 0x0000000086300000| Untracked 
| 100|0x0000000086400000, 0x0000000086400000, 0x0000000086500000|  0%| F|  |TAMS 0x0000000086400000, 0x0000000086400000| Untracked 
| 101|0x0000000086500000, 0x0000000086500000, 0x0000000086600000|  0%| F|  |TAMS 0x0000000086500000, 0x0000000086500000| Untracked 
| 102|0x0000000086600000, 0x0000000086600000, 0x0000000086700000|  0%| F|  |TAMS 0x0000000086600000, 0x0000000086600000| Untracked 
| 103|0x0000000086700000, 0x0000000086700000, 0x0000000086800000|  0%| F|  |TAMS 0x0000000086700000, 0x0000000086700000| Untracked 
| 104|0x0000000086800000, 0x0000000086800000, 0x0000000086900000|  0%| F|  |TAMS 0x0000000086800000, 0x0000000086800000| Untracked 
| 105|0x0000000086900000, 0x0000000086900000, 0x0000000086a00000|  0%| F|  |TAMS 0x0000000086900000, 0x0000000086900000| Untracked 
| 106|0x0000000086a00000, 0x0000000086a00000, 0x0000000086b00000|  0%| F|  |TAMS 0x0000000086a00000, 0x0000000086a00000| Untracked 
| 107|0x0000000086b00000, 0x0000000086b00000, 0x0000000086c00000|  0%| F|  |TAMS 0x0000000086b00000, 0x0000000086b00000| Untracked 
| 108|0x0000000086c00000, 0x0000000086c00000, 0x0000000086d00000|  0%| F|  |TAMS 0x0000000086c00000, 0x0000000086c00000| Untracked 
| 109|0x0000000086d00000, 0x0000000086d00000, 0x0000000086e00000|  0%| F|  |TAMS 0x0000000086d00000, 0x0000000086d00000| Untracked 
| 110|0x0000000086e00000, 0x0000000086e00000, 0x0000000086f00000|  0%| F|  |TAMS 0x0000000086e00000, 0x0000000086e00000| Untracked 
| 111|0x0000000086f00000, 0x0000000086f00000, 0x0000000087000000|  0%| F|  |TAMS 0x0000000086f00000, 0x0000000086f00000| Untracked 
| 112|0x0000000087000000, 0x0000000087000000, 0x0000000087100000|  0%| F|  |TAMS 0x0000000087000000, 0x0000000087000000| Untracked 
| 113|0x0000000087100000, 0x0000000087100000, 0x0000000087200000|  0%| F|  |TAMS 0x0000000087100000, 0x0000000087100000| Untracked 
| 114|0x0000000087200000, 0x0000000087200000, 0x0000000087300000|  0%| F|  |TAMS 0x0000000087200000, 0x0000000087200000| Untracked 
| 115|0x0000000087300000, 0x0000000087300000, 0x0000000087400000|  0%| F|  |TAMS 0x0000000087300000, 0x0000000087300000| Untracked 
| 116|0x0000000087400000, 0x0000000087400000, 0x0000000087500000|  0%| F|  |TAMS 0x0000000087400000, 0x0000000087400000| Untracked 
| 117|0x0000000087500000, 0x00000000875575d0, 0x0000000087600000| 34%| S|CS|TAMS 0x0000000087500000, 0x0000000087500000| Complete 
| 118|0x0000000087600000, 0x0000000087700000, 0x0000000087700000|100%| S|CS|TAMS 0x0000000087600000, 0x0000000087600000| Complete 
| 119|0x0000000087700000, 0x0000000087800000, 0x0000000087800000|100%| S|CS|TAMS 0x0000000087700000, 0x0000000087700000| Complete 
| 120|0x0000000087800000, 0x0000000087900000, 0x0000000087900000|100%| S|CS|TAMS 0x0000000087800000, 0x0000000087800000| Complete 
| 121|0x0000000087900000, 0x0000000087a00000, 0x0000000087a00000|100%| S|CS|TAMS 0x0000000087900000, 0x0000000087900000| Complete 
| 122|0x0000000087a00000, 0x0000000087b00000, 0x0000000087b00000|100%| S|CS|TAMS 0x0000000087a00000, 0x0000000087a00000| Complete 
| 123|0x0000000087b00000, 0x0000000087b00000, 0x0000000087c00000|  0%| F|  |TAMS 0x0000000087b00000, 0x0000000087b00000| Untracked 
| 124|0x0000000087c00000, 0x0000000087c00000, 0x0000000087d00000|  0%| F|  |TAMS 0x0000000087c00000, 0x0000000087c00000| Untracked 
| 125|0x0000000087d00000, 0x0000000087d00000, 0x0000000087e00000|  0%| F|  |TAMS 0x0000000087d00000, 0x0000000087d00000| Untracked 
| 126|0x0000000087e00000, 0x0000000087e00000, 0x0000000087f00000|  0%| F|  |TAMS 0x0000000087e00000, 0x0000000087e00000| Untracked 
| 127|0x0000000087f00000, 0x0000000087f00000, 0x0000000088000000|  0%| F|  |TAMS 0x0000000087f00000, 0x0000000087f00000| Untracked 
| 128|0x0000000088000000, 0x0000000088000000, 0x0000000088100000|  0%| F|  |TAMS 0x0000000088000000, 0x0000000088000000| Untracked 
| 129|0x0000000088100000, 0x0000000088100000, 0x0000000088200000|  0%| F|  |TAMS 0x0000000088100000, 0x0000000088100000| Untracked 
| 130|0x0000000088200000, 0x0000000088200000, 0x0000000088300000|  0%| F|  |TAMS 0x0000000088200000, 0x0000000088200000| Untracked 
| 131|0x0000000088300000, 0x0000000088300000, 0x0000000088400000|  0%| F|  |TAMS 0x0000000088300000, 0x0000000088300000| Untracked 
| 132|0x0000000088400000, 0x0000000088400000, 0x0000000088500000|  0%| F|  |TAMS 0x0000000088400000, 0x0000000088400000| Untracked 
| 133|0x0000000088500000, 0x0000000088500000, 0x0000000088600000|  0%| F|  |TAMS 0x0000000088500000, 0x0000000088500000| Untracked 
| 134|0x0000000088600000, 0x0000000088600000, 0x0000000088700000|  0%| F|  |TAMS 0x0000000088600000, 0x0000000088600000| Untracked 
| 135|0x0000000088700000, 0x0000000088700000, 0x0000000088800000|  0%| F|  |TAMS 0x0000000088700000, 0x0000000088700000| Untracked 
| 136|0x0000000088800000, 0x0000000088800000, 0x0000000088900000|  0%| F|  |TAMS 0x0000000088800000, 0x0000000088800000| Untracked 
| 137|0x0000000088900000, 0x0000000088900000, 0x0000000088a00000|  0%| F|  |TAMS 0x0000000088900000, 0x0000000088900000| Untracked 
| 138|0x0000000088a00000, 0x0000000088a00000, 0x0000000088b00000|  0%| F|  |TAMS 0x0000000088a00000, 0x0000000088a00000| Untracked 
| 139|0x0000000088b00000, 0x0000000088b00000, 0x0000000088c00000|  0%| F|  |TAMS 0x0000000088b00000, 0x0000000088b00000| Untracked 
| 140|0x0000000088c00000, 0x0000000088c00000, 0x0000000088d00000|  0%| F|  |TAMS 0x0000000088c00000, 0x0000000088c00000| Untracked 
| 141|0x0000000088d00000, 0x0000000088d00000, 0x0000000088e00000|  0%| F|  |TAMS 0x0000000088d00000, 0x0000000088d00000| Untracked 
| 142|0x0000000088e00000, 0x0000000088e00000, 0x0000000088f00000|  0%| F|  |TAMS 0x0000000088e00000, 0x0000000088e00000| Untracked 
| 143|0x0000000088f00000, 0x0000000088f00000, 0x0000000089000000|  0%| F|  |TAMS 0x0000000088f00000, 0x0000000088f00000| Untracked 
| 144|0x0000000089000000, 0x0000000089000000, 0x0000000089100000|  0%| F|  |TAMS 0x0000000089000000, 0x0000000089000000| Untracked 
| 145|0x0000000089100000, 0x0000000089100000, 0x0000000089200000|  0%| F|  |TAMS 0x0000000089100000, 0x0000000089100000| Untracked 
| 146|0x0000000089200000, 0x0000000089200000, 0x0000000089300000|  0%| F|  |TAMS 0x0000000089200000, 0x0000000089200000| Untracked 
| 147|0x0000000089300000, 0x0000000089300000, 0x0000000089400000|  0%| F|  |TAMS 0x0000000089300000, 0x0000000089300000| Untracked 
| 148|0x0000000089400000, 0x0000000089400000, 0x0000000089500000|  0%| F|  |TAMS 0x0000000089400000, 0x0000000089400000| Untracked 
| 149|0x0000000089500000, 0x0000000089500000, 0x0000000089600000|  0%| F|  |TAMS 0x0000000089500000, 0x0000000089500000| Untracked 
| 150|0x0000000089600000, 0x0000000089600000, 0x0000000089700000|  0%| F|  |TAMS 0x0000000089600000, 0x0000000089600000| Untracked 
| 151|0x0000000089700000, 0x0000000089700000, 0x0000000089800000|  0%| F|  |TAMS 0x0000000089700000, 0x0000000089700000| Untracked 
| 152|0x0000000089800000, 0x0000000089800000, 0x0000000089900000|  0%| F|  |TAMS 0x0000000089800000, 0x0000000089800000| Untracked 
| 153|0x0000000089900000, 0x0000000089900000, 0x0000000089a00000|  0%| F|  |TAMS 0x0000000089900000, 0x0000000089900000| Untracked 
| 154|0x0000000089a00000, 0x0000000089a00000, 0x0000000089b00000|  0%| F|  |TAMS 0x0000000089a00000, 0x0000000089a00000| Untracked 
| 155|0x0000000089b00000, 0x0000000089b00000, 0x0000000089c00000|  0%| F|  |TAMS 0x0000000089b00000, 0x0000000089b00000| Untracked 
| 156|0x0000000089c00000, 0x0000000089c00000, 0x0000000089d00000|  0%| F|  |TAMS 0x0000000089c00000, 0x0000000089c00000| Untracked 
| 157|0x0000000089d00000, 0x0000000089d00000, 0x0000000089e00000|  0%| F|  |TAMS 0x0000000089d00000, 0x0000000089d00000| Untracked 
| 158|0x0000000089e00000, 0x0000000089e00000, 0x0000000089f00000|  0%| F|  |TAMS 0x0000000089e00000, 0x0000000089e00000| Untracked 
| 159|0x0000000089f00000, 0x0000000089f00000, 0x000000008a000000|  0%| F|  |TAMS 0x0000000089f00000, 0x0000000089f00000| Untracked 
| 160|0x000000008a000000, 0x000000008a000000, 0x000000008a100000|  0%| F|  |TAMS 0x000000008a000000, 0x000000008a000000| Untracked 
| 161|0x000000008a100000, 0x000000008a100000, 0x000000008a200000|  0%| F|  |TAMS 0x000000008a100000, 0x000000008a100000| Untracked 
| 162|0x000000008a200000, 0x000000008a200000, 0x000000008a300000|  0%| F|  |TAMS 0x000000008a200000, 0x000000008a200000| Untracked 
| 163|0x000000008a300000, 0x000000008a300000, 0x000000008a400000|  0%| F|  |TAMS 0x000000008a300000, 0x000000008a300000| Untracked 
| 164|0x000000008a400000, 0x000000008a400000, 0x000000008a500000|  0%| F|  |TAMS 0x000000008a400000, 0x000000008a400000| Untracked 
| 165|0x000000008a500000, 0x000000008a500000, 0x000000008a600000|  0%| F|  |TAMS 0x000000008a500000, 0x000000008a500000| Untracked 
| 166|0x000000008a600000, 0x000000008a694840, 0x000000008a700000| 58%| E|  |TAMS 0x000000008a600000, 0x000000008a600000| Complete 
| 167|0x000000008a700000, 0x000000008a800000, 0x000000008a800000|100%| E|CS|TAMS 0x000000008a700000, 0x000000008a700000| Complete 
| 168|0x000000008a800000, 0x000000008a900000, 0x000000008a900000|100%| E|CS|TAMS 0x000000008a800000, 0x000000008a800000| Complete 
| 169|0x000000008a900000, 0x000000008aa00000, 0x000000008aa00000|100%| E|CS|TAMS 0x000000008a900000, 0x000000008a900000| Complete 
| 170|0x000000008aa00000, 0x000000008ab00000, 0x000000008ab00000|100%| E|CS|TAMS 0x000000008aa00000, 0x000000008aa00000| Complete 
| 171|0x000000008ab00000, 0x000000008ac00000, 0x000000008ac00000|100%| E|CS|TAMS 0x000000008ab00000, 0x000000008ab00000| Complete 
| 172|0x000000008ac00000, 0x000000008ad00000, 0x000000008ad00000|100%| E|CS|TAMS 0x000000008ac00000, 0x000000008ac00000| Complete 
| 173|0x000000008ad00000, 0x000000008ae00000, 0x000000008ae00000|100%| E|CS|TAMS 0x000000008ad00000, 0x000000008ad00000| Complete 
| 174|0x000000008ae00000, 0x000000008af00000, 0x000000008af00000|100%| E|CS|TAMS 0x000000008ae00000, 0x000000008ae00000| Complete 
| 175|0x000000008af00000, 0x000000008b000000, 0x000000008b000000|100%| E|CS|TAMS 0x000000008af00000, 0x000000008af00000| Complete 
| 176|0x000000008b000000, 0x000000008b100000, 0x000000008b100000|100%| E|CS|TAMS 0x000000008b000000, 0x000000008b000000| Complete 
| 177|0x000000008b100000, 0x000000008b200000, 0x000000008b200000|100%| E|CS|TAMS 0x000000008b100000, 0x000000008b100000| Complete 
| 178|0x000000008b200000, 0x000000008b300000, 0x000000008b300000|100%| E|CS|TAMS 0x000000008b200000, 0x000000008b200000| Complete 
| 179|0x000000008b300000, 0x000000008b400000, 0x000000008b400000|100%| E|CS|TAMS 0x000000008b300000, 0x000000008b300000| Complete 
| 180|0x000000008b400000, 0x000000008b500000, 0x000000008b500000|100%| E|CS|TAMS 0x000000008b400000, 0x000000008b400000| Complete 
| 181|0x000000008b500000, 0x000000008b600000, 0x000000008b600000|100%| E|CS|TAMS 0x000000008b500000, 0x000000008b500000| Complete 
| 182|0x000000008b600000, 0x000000008b700000, 0x000000008b700000|100%| E|CS|TAMS 0x000000008b600000, 0x000000008b600000| Complete 

Card table byte_map: [0x000001907db80000,0x000001907df80000] _byte_map_base: 0x000001907d780000

Marking Bits (Prev, Next): (CMBitMap*) 0x0000019079b0bc50, (CMBitMap*) 0x0000019079b0bc18
 Prev Bits: [0x0000019011000000, 0x0000019013000000)
 Next Bits: [0x000001900f000000, 0x0000019011000000)

Polling page: 0x0000019077a40000

Metaspace:

Usage:
  Non-class:     84.40 MB capacity,    82.58 MB ( 98%) used,     1.55 MB (  2%) free+waste,   272.50 KB ( <1%) overhead. 
      Class:     13.09 MB capacity,    12.10 MB ( 92%) used,   889.60 KB (  7%) free+waste,   128.44 KB ( <1%) overhead. 
       Both:     97.49 MB capacity,    94.68 MB ( 97%) used,     2.42 MB (  2%) free+waste,   400.94 KB ( <1%) overhead. 

Virtual space:
  Non-class space:       86.00 MB reserved,      84.50 MB ( 98%) committed 
      Class space:        1.00 GB reserved,      13.13 MB (  1%) committed 
             Both:        1.08 GB reserved,      97.63 MB (  9%) committed 

Chunk freelists:
   Non-Class:  42.00 KB
       Class:  0 bytes
        Both:  42.00 KB

MaxMetaspaceSize: 17179869184.00 GB
CompressedClassSpaceSize: 1.00 GB

CodeHeap 'non-profiled nmethods': size=120000Kb used=5272Kb max_used=5272Kb free=114728Kb
 bounds [0x0000019007ad0000, 0x0000019008000000, 0x000001900f000000]
CodeHeap 'profiled nmethods': size=120000Kb used=21880Kb max_used=21880Kb free=98120Kb
 bounds [0x00000190005a0000, 0x0000019001b10000, 0x0000019007ad0000]
CodeHeap 'non-nmethods': size=5760Kb used=2286Kb max_used=2327Kb free=3474Kb
 bounds [0x0000019000000000, 0x0000019000270000, 0x00000190005a0000]
 total_blobs=10915 nmethods=10032 adapters=794
 compilation: enabled
              stopped_count=0, restarted_count=0
 full_count=0

Compilation events (20 events):
Event: 361.756 Thread 0x000001907edeb800 10485   !   2       com.sun.proxy.$Proxy31::annotationType (29 bytes)
Event: 361.757 Thread 0x000001907edeb800 nmethod 10485 0x0000019001add810 code [0x0000019001add9e0, 0x0000019001addc38]
Event: 361.757 Thread 0x000001907edeb800 10482       1       com.android.build.api.variant.impl.ApplicationVariantImpl::getVariantBuilder (5 bytes)
Event: 361.757 Thread 0x000001907edeb800 nmethod 10482 0x0000019007ff3310 code [0x0000019007ff34c0, 0x0000019007ff3578]
Event: 361.757 Thread 0x000001907edeb800 10479       2       com.google.common.collect.Hashing::smearedHash (16 bytes)
Event: 361.758 Thread 0x000001907edeb800 nmethod 10479 0x0000019001addd90 code [0x0000019001addf40, 0x0000019001ade088]
Event: 361.758 Thread 0x000001907edeb800 10483       1       com.android.build.api.variant.AndroidVersion::getApiLevel (5 bytes)
Event: 361.758 Thread 0x000001907edeb800 nmethod 10483 0x0000019007ff3610 code [0x0000019007ff37c0, 0x0000019007ff3878]
Event: 361.759 Thread 0x000001907edeb800 10486       1       org.gradle.internal.reflect.annotations.impl.DefaultTypeAnnotationMetadataStore::access$200 (5 bytes)
Event: 361.759 Thread 0x000001907edeb800 nmethod 10486 0x0000019007ff3910 code [0x0000019007ff3ac0, 0x0000019007ff3b58]
Event: 361.764 Thread 0x000001907edeb800 10487   !   2       com.sun.proxy.$Proxy51::annotationType (29 bytes)
Event: 361.765 Thread 0x000001907edeb800 nmethod 10487 0x0000019001ade110 code [0x0000019001ade2e0, 0x0000019001ade538]
Event: 361.765 Thread 0x000001907edeb800 10488       2       java.util.Spliterators$IteratorSpliterator::tryAdvance (77 bytes)
Event: 361.766 Thread 0x000001907edeb800 nmethod 10488 0x0000019001ade690 code [0x0000019001ade8a0, 0x0000019001adebb8]
Event: 361.766 Thread 0x000001907edeb800 10489       2       org.gradle.internal.reflect.annotations.impl.DefaultTypeAnnotationMetadataStore$PropertyAnnotationMetadataBuilder::allAnnotationCategories (43 bytes)
Event: 361.767 Thread 0x000001907edeb800 nmethod 10489 0x0000019001aded10 code [0x0000019001adef40, 0x0000019001adf318]
Event: 361.768 Thread 0x000001907edeb800 10490       2       com.google.common.collect.ArrayListMultimap::keySet (5 bytes)
Event: 361.770 Thread 0x000001907edeb800 nmethod 10490 0x0000019001adf510 code [0x0000019001adf6e0, 0x0000019001adfa88]
Event: 361.783 Thread 0x000001907edeb800 10491       2       org.gradle.internal.reflect.annotations.impl.DefaultTypeAnnotationMetadataStore$$Lambda$384/0x0000000100720840::<init> (26 bytes)
Event: 361.784 Thread 0x000001907edeb800 nmethod 10491 0x0000019001adfc10 code [0x0000019001adfdc0, 0x0000019001ae0038]

GC Heap History (20 events):
Event: 32.683 GC heap before
{Heap before GC invocations=18 (full 0):
 garbage-first heap   total 129024K, used 101980K [0x0000000080000000, 0x0000000100000000)
  region size 1024K, 36 young (36864K), 4 survivors (4096K)
 Metaspace       used 65890K, capacity 67587K, committed 67840K, reserved 1107968K
  class space    used 8584K, capacity 9128K, committed 9216K, reserved 1048576K
}
Event: 32.710 GC heap after
{Heap after GC invocations=19 (full 0):
 garbage-first heap   total 129024K, used 71268K [0x0000000080000000, 0x0000000100000000)
  region size 1024K, 2 young (2048K), 2 survivors (2048K)
 Metaspace       used 65890K, capacity 67587K, committed 67840K, reserved 1107968K
  class space    used 8584K, capacity 9128K, committed 9216K, reserved 1048576K
}
Event: 34.343 GC heap before
{Heap before GC invocations=20 (full 0):
 garbage-first heap   total 129024K, used 105060K [0x0000000080000000, 0x0000000100000000)
  region size 1024K, 35 young (35840K), 2 survivors (2048K)
 Metaspace       used 68740K, capacity 70442K, committed 70528K, reserved 1110016K
  class space    used 8992K, capacity 9523K, committed 9600K, reserved 1048576K
}
Event: 34.363 GC heap after
{Heap after GC invocations=21 (full 0):
 garbage-first heap   total 155648K, used 72923K [0x0000000080000000, 0x0000000100000000)
  region size 1024K, 4 young (4096K), 4 survivors (4096K)
 Metaspace       used 68740K, capacity 70442K, committed 70528K, reserved 1110016K
  class space    used 8992K, capacity 9523K, committed 9600K, reserved 1048576K
}
Event: 36.284 GC heap before
{Heap before GC invocations=21 (full 0):
 garbage-first heap   total 155648K, used 114907K [0x0000000080000000, 0x0000000100000000)
  region size 1024K, 46 young (47104K), 4 survivors (4096K)
 Metaspace       used 72150K, capacity 73958K, committed 73984K, reserved 1114112K
  class space    used 9368K, capacity 9979K, committed 9984K, reserved 1048576K
}
Event: 36.305 GC heap after
{Heap after GC invocations=22 (full 0):
 garbage-first heap   total 155648K, used 75618K [0x0000000080000000, 0x0000000100000000)
  region size 1024K, 5 young (5120K), 5 survivors (5120K)
 Metaspace       used 72150K, capacity 73958K, committed 73984K, reserved 1114112K
  class space    used 9368K, capacity 9979K, committed 9984K, reserved 1048576K
}
Event: 38.090 GC heap before
{Heap before GC invocations=22 (full 0):
 garbage-first heap   total 155648K, used 118626K [0x0000000080000000, 0x0000000100000000)
  region size 1024K, 47 young (48128K), 5 survivors (5120K)
 Metaspace       used 75113K, capacity 77107K, committed 77312K, reserved 1116160K
  class space    used 9815K, capacity 10457K, committed 10496K, reserved 1048576K
}
Event: 38.112 GC heap after
{Heap after GC invocations=23 (full 0):
 garbage-first heap   total 155648K, used 78162K [0x0000000080000000, 0x0000000100000000)
  region size 1024K, 6 young (6144K), 6 survivors (6144K)
 Metaspace       used 75113K, capacity 77107K, committed 77312K, reserved 1116160K
  class space    used 9815K, capacity 10457K, committed 10496K, reserved 1048576K
}
Event: 40.199 GC heap before
{Heap before GC invocations=24 (full 0):
 garbage-first heap   total 155648K, used 121170K [0x0000000080000000, 0x0000000100000000)
  region size 1024K, 48 young (49152K), 6 survivors (6144K)
 Metaspace       used 78891K, capacity 80931K, committed 81280K, reserved 1120256K
  class space    used 10377K, capacity 11037K, committed 11136K, reserved 1048576K
}
Event: 40.224 GC heap after
{Heap after GC invocations=25 (full 0):
 garbage-first heap   total 155648K, used 79997K [0x0000000080000000, 0x0000000100000000)
  region size 1024K, 5 young (5120K), 5 survivors (5120K)
 Metaspace       used 78891K, capacity 80931K, committed 81280K, reserved 1120256K
  class space    used 10377K, capacity 11037K, committed 11136K, reserved 1048576K
}
Event: 42.204 GC heap before
{Heap before GC invocations=25 (full 0):
 garbage-first heap   total 155648K, used 123005K [0x0000000080000000, 0x0000000100000000)
  region size 1024K, 47 young (48128K), 5 survivors (5120K)
 Metaspace       used 83444K, capacity 85420K, committed 85632K, reserved 1124352K
  class space    used 10948K, capacity 11571K, committed 11648K, reserved 1048576K
}
Event: 42.232 GC heap after
{Heap after GC invocations=26 (full 0):
 garbage-first heap   total 155648K, used 83483K [0x0000000080000000, 0x0000000100000000)
  region size 1024K, 6 young (6144K), 6 survivors (6144K)
 Metaspace       used 83444K, capacity 85420K, committed 85632K, reserved 1124352K
  class space    used 10948K, capacity 11571K, committed 11648K, reserved 1048576K
}
Event: 44.313 GC heap before
{Heap before GC invocations=27 (full 0):
 garbage-first heap   total 155648K, used 124443K [0x0000000080000000, 0x0000000100000000)
  region size 1024K, 47 young (48128K), 6 survivors (6144K)
 Metaspace       used 86922K, capacity 89163K, committed 89216K, reserved 1126400K
  class space    used 11399K, capacity 12148K, committed 12160K, reserved 1048576K
}
Event: 44.344 GC heap after
{Heap after GC invocations=28 (full 0):
 garbage-first heap   total 155648K, used 86234K [0x0000000080000000, 0x0000000100000000)
  region size 1024K, 3 young (3072K), 3 survivors (3072K)
 Metaspace       used 86922K, capacity 89163K, committed 89216K, reserved 1126400K
  class space    used 11399K, capacity 12148K, committed 12160K, reserved 1048576K
}
Event: 45.398 GC heap before
{Heap before GC invocations=28 (full 0):
 garbage-first heap   total 155648K, used 126169K [0x0000000080000000, 0x0000000100000000)
  region size 1024K, 43 young (44032K), 3 survivors (3072K)
 Metaspace       used 87347K, capacity 89638K, committed 89728K, reserved 1126400K
  class space    used 11416K, capacity 12152K, committed 12160K, reserved 1048576K
}
Event: 45.426 GC heap after
{Heap after GC invocations=29 (full 0):
 garbage-first heap   total 187392K, used 88445K [0x0000000080000000, 0x0000000100000000)
  region size 1024K, 6 young (6144K), 6 survivors (6144K)
 Metaspace       used 87347K, capacity 89638K, committed 89728K, reserved 1126400K
  class space    used 11416K, capacity 12152K, committed 12160K, reserved 1048576K
}
Event: 48.556 GC heap before
{Heap before GC invocations=30 (full 0):
 garbage-first heap   total 187392K, used 137597K [0x0000000080000000, 0x0000000100000000)
  region size 1024K, 56 young (57344K), 6 survivors (6144K)
 Metaspace       used 91581K, capacity 94053K, committed 94336K, reserved 1130496K
  class space    used 11993K, capacity 12822K, committed 12928K, reserved 1048576K
}
Event: 48.586 GC heap after
{Heap after GC invocations=31 (full 0):
 garbage-first heap   total 187392K, used 91411K [0x0000000080000000, 0x0000000100000000)
  region size 1024K, 6 young (6144K), 6 survivors (6144K)
 Metaspace       used 91581K, capacity 94053K, committed 94336K, reserved 1130496K
  class space    used 11993K, capacity 12822K, committed 12928K, reserved 1048576K
}
Event: 361.048 GC heap before
{Heap before GC invocations=32 (full 0):
 garbage-first heap   total 187392K, used 146707K [0x0000000080000000, 0x0000000100000000)
  region size 1024K, 60 young (61440K), 6 survivors (6144K)
 Metaspace       used 96400K, capacity 99103K, committed 99328K, reserved 1134592K
  class space    used 12338K, capacity 13274K, committed 13312K, reserved 1048576K
}
Event: 361.069 GC heap after
{Heap after GC invocations=33 (full 0):
 garbage-first heap   total 187392K, used 93462K [0x0000000080000000, 0x0000000100000000)
  region size 1024K, 6 young (6144K), 6 survivors (6144K)
 Metaspace       used 96400K, capacity 99103K, committed 99328K, reserved 1134592K
  class space    used 12338K, capacity 13274K, committed 13312K, reserved 1048576K
}

Deoptimization events (20 events):
Event: 361.154 Thread 0x0000019019758000 DEOPT PACKING pc=0x0000019007eed4ac sp=0x00000026bc6f9c20
Event: 361.155 Thread 0x0000019019758000 DEOPT UNPACKING pc=0x00000190000274af sp=0x00000026bc6f9c20 mode 2
Event: 361.175 Thread 0x0000019019758000 Uncommon trap: trap_request=0xffffff4d fr.pc=0x0000019007fce51c relative=0x000000000000007c
Event: 361.175 Thread 0x0000019019758000 Uncommon trap: reason=unstable_if action=reinterpret pc=0x0000019007fce51c method=java.util.Spliterator.getExactSizeIfKnown()J @ 9 c2
Event: 361.175 Thread 0x0000019019758000 DEOPT PACKING pc=0x0000019007fce51c sp=0x00000026bc6fb720
Event: 361.176 Thread 0x0000019019758000 DEOPT UNPACKING pc=0x00000190000274af sp=0x00000026bc6fb6b8 mode 2
Event: 361.181 Thread 0x0000019019758000 Uncommon trap: trap_request=0xffffffc6 fr.pc=0x0000019007eed4ac relative=0x000000000000446c
Event: 361.181 Thread 0x0000019019758000 Uncommon trap: reason=bimorphic_or_optimized_type_check action=maybe_recompile pc=0x0000019007eed4ac method=java.util.AbstractCollection.addAll(Ljava/util/Collection;)Z @ 29 c2
Event: 361.181 Thread 0x0000019019758000 DEOPT PACKING pc=0x0000019007eed4ac sp=0x00000026bc6fc250
Event: 361.181 Thread 0x0000019019758000 DEOPT UNPACKING pc=0x00000190000274af sp=0x00000026bc6fc250 mode 2
Event: 361.184 Thread 0x000001901975a000 Uncommon trap: trap_request=0xffffff7e fr.pc=0x0000019007fe1c2c relative=0x00000000000007cc
Event: 361.184 Thread 0x000001901975a000 Uncommon trap: reason=predicate action=maybe_recompile pc=0x0000019007fe1c2c method=sun.security.provider.DigestBase.implCompressMultiBlock0([BII)I @ 2 c2
Event: 361.184 Thread 0x000001901975a000 DEOPT PACKING pc=0x0000019007fe1c2c sp=0x00000026bcafcb10
Event: 361.184 Thread 0x000001901975a000 DEOPT UNPACKING pc=0x00000190000274af sp=0x00000026bcafc9f0 mode 2
Event: 361.206 Thread 0x000001901975a000 DEOPT PACKING pc=0x00000190012296ad sp=0x00000026bcafd440
Event: 361.206 Thread 0x000001901975a000 DEOPT UNPACKING pc=0x00000190000272ce sp=0x00000026bcafc908 mode 0
Event: 361.229 Thread 0x0000019019758000 Uncommon trap: trap_request=0xffffffc6 fr.pc=0x0000019007eed4ac relative=0x000000000000446c
Event: 361.229 Thread 0x0000019019758000 Uncommon trap: reason=bimorphic_or_optimized_type_check action=maybe_recompile pc=0x0000019007eed4ac method=java.util.AbstractCollection.addAll(Ljava/util/Collection;)Z @ 29 c2
Event: 361.229 Thread 0x0000019019758000 DEOPT PACKING pc=0x0000019007eed4ac sp=0x00000026bc6f9160
Event: 361.229 Thread 0x0000019019758000 DEOPT UNPACKING pc=0x00000190000274af sp=0x00000026bc6f9160 mode 2

Classes redefined (0 events):
No events

Internal exceptions (20 events):
Event: 49.536 Thread 0x0000019017035000 Exception <a 'java/lang/NoSuchMethodError'{0x000000008a62d160}: <clinit>> (0x000000008a62d160) thrown at [./src/hotspot/share/prims/jni.cpp, line 1362]
Event: 49.585 Thread 0x000001907f962000 Exception <a 'java/lang/NoSuchMethodError'{0x000000008a6bda48}: 'java.lang.Object java.lang.invoke.DirectMethodHandle$Holder.invokeSpecial(java.lang.Object, java.lang.Object, java.lang.Object, int, int, java.lang.Object, java.lang.Object)'> (0x000000008a6bda48) thrown at [./src/hotspot/share/interpreter/linkResolver.cpp, line 773]
Event: 49.587 Thread 0x000001907f962000 Exception <a 'java/lang/NoSuchMethodError'{0x000000008a6c6bb8}: 'java.lang.Object java.lang.invoke.DirectMethodHandle$Holder.invokeStatic(java.lang.Object, java.lang.Object, java.lang.Object, int, int, java.lang.Object)'> (0x000000008a6c6bb8) thrown at [./src/hotspot/share/interpreter/linkResolver.cpp, line 773]
Event: 49.589 Thread 0x000001907f962000 Exception <a 'java/lang/NoSuchMethodError'{0x000000008a6ca8d8}: 'java.lang.Object java.lang.invoke.DirectMethodHandle$Holder.invokeSpecial(java.lang.Object, java.lang.Object, java.lang.Object, java.lang.Object, int, int, java.lang.Object)'> (0x000000008a6ca8d8) thrown at [./src/hotspot/share/interpreter/linkResolver.cpp, line 773]
Event: 49.589 Thread 0x000001907f962000 Exception <a 'java/lang/NoSuchMethodError'{0x000000008a6cddf8}: 'java.lang.Object java.lang.invoke.Invokers$Holder.linkToTargetMethod(java.lang.Object, java.lang.Object, int, int, java.lang.Object, java.lang.Object)'> (0x000000008a6cddf8) thrown at [./src/hotspot/share/interpreter/linkResolver.cpp, line 773]
Event: 360.263 Thread 0x0000019019755000 Exception <a 'java/lang/NoSuchMethodError'{0x00000000892fa340}: <clinit>> (0x00000000892fa340) thrown at [./src/hotspot/share/prims/jni.cpp, line 1362]
Event: 360.446 Thread 0x000001901975a000 Exception <a 'java/lang/NoSuchMethodError'{0x0000000089169ea0}: <clinit>> (0x0000000089169ea0) thrown at [./src/hotspot/share/prims/jni.cpp, line 1362]
Event: 360.447 Thread 0x000001901975a000 Exception <a 'java/lang/NoSuchMethodError'{0x000000008916b490}: <clinit>> (0x000000008916b490) thrown at [./src/hotspot/share/prims/jni.cpp, line 1362]
Event: 360.451 Thread 0x000001901975a000 Exception <a 'java/lang/NoSuchMethodError'{0x0000000088f1df90}: <clinit>> (0x0000000088f1df90) thrown at [./src/hotspot/share/prims/jni.cpp, line 1362]
Event: 360.451 Thread 0x000001901975a000 Exception <a 'java/lang/NoSuchMethodError'{0x0000000088f1fde0}: <clinit>> (0x0000000088f1fde0) thrown at [./src/hotspot/share/prims/jni.cpp, line 1362]
Event: 360.453 Thread 0x000001901975a000 Exception <a 'java/lang/NoSuchMethodError'{0x0000000088f27610}: <clinit>> (0x0000000088f27610) thrown at [./src/hotspot/share/prims/jni.cpp, line 1362]
Event: 361.170 Thread 0x0000019019758000 Exception <a 'java/lang/NoSuchMethodError'{0x000000008b12cb90}: 'long java.lang.invoke.DirectMethodHandle$Holder.invokeVirtual(java.lang.Object, java.lang.Object)'> (0x000000008b12cb90) thrown at [./src/hotspot/share/interpreter/linkResolver.cpp, line 773]
Event: 361.184 Thread 0x000001901975a000 Exception <a 'java/lang/NoSuchMethodError'{0x000000008b608610}: <clinit>> (0x000000008b608610) thrown at [./src/hotspot/share/prims/jni.cpp, line 1362]
Event: 361.192 Thread 0x000001901975a000 Exception <a 'java/lang/NoSuchMethodError'{0x000000008b198b10}: <clinit>> (0x000000008b198b10) thrown at [./src/hotspot/share/prims/jni.cpp, line 1362]
Event: 361.192 Thread 0x000001901975a000 Exception <a 'java/lang/NoSuchMethodError'{0x000000008b199f30}: <clinit>> (0x000000008b199f30) thrown at [./src/hotspot/share/prims/jni.cpp, line 1362]
Event: 361.192 Thread 0x000001901975a000 Exception <a 'java/lang/NoSuchMethodError'{0x000000008b19b238}: <clinit>> (0x000000008b19b238) thrown at [./src/hotspot/share/prims/jni.cpp, line 1362]
Event: 361.193 Thread 0x000001901975a000 Exception <a 'java/lang/NoSuchMethodError'{0x000000008b19c258}: <clinit>> (0x000000008b19c258) thrown at [./src/hotspot/share/prims/jni.cpp, line 1362]
Event: 361.195 Thread 0x000001901975a000 Exception <a 'java/lang/NoSuchMethodError'{0x000000008b1a5f80}: <clinit>> (0x000000008b1a5f80) thrown at [./src/hotspot/share/prims/jni.cpp, line 1362]
Event: 361.197 Thread 0x000001901975a000 Exception <a 'java/lang/NoSuchMethodError'{0x000000008b1ccd00}: <clinit>> (0x000000008b1ccd00) thrown at [./src/hotspot/share/prims/jni.cpp, line 1362]
Event: 361.205 Thread 0x000001901975a000 Exception <a 'java/lang/NoSuchMethodError'{0x000000008b1fd298}: <clinit>> (0x000000008b1fd298) thrown at [./src/hotspot/share/prims/jni.cpp, line 1362]

Events (20 events):
Event: 361.767 loading class org/gradle/jvm/platform/internal/DefaultJavaPlatform
Event: 361.767 loading class org/gradle/jvm/platform/internal/DefaultJavaPlatform done
Event: 361.768 Executing VM operation: RevokeBias
Event: 361.769 Executing VM operation: RevokeBias done
Event: 361.769 Executing VM operation: RevokeBias
Event: 361.769 Executing VM operation: RevokeBias done
Event: 361.774 loading class org/gradle/api/internal/tasks/CurrentJvmJavaToolChain
Event: 361.774 loading class org/gradle/api/internal/tasks/CurrentJvmJavaToolChain done
Event: 361.775 Executing VM operation: RevokeBias
Event: 361.775 Executing VM operation: RevokeBias done
Event: 361.775 Executing VM operation: RevokeBias
Event: 361.775 Executing VM operation: RevokeBias done
Event: 361.776 loading class org/gradle/api/internal/tasks/AbstractJavaToolChain
Event: 361.776 loading class org/gradle/api/internal/tasks/AbstractJavaToolChain done
Event: 361.778 loading class org/gradle/platform/base/internal/toolchain/ToolProvider
Event: 361.778 loading class org/gradle/platform/base/internal/toolchain/ToolProvider done
Event: 361.779 Executing VM operation: RevokeBias
Event: 361.780 Executing VM operation: RevokeBias done
Event: 361.780 Executing VM operation: RevokeBias
Event: 361.780 Executing VM operation: RevokeBias done


Dynamic libraries:
0x00007ff70cb20000 - 0x00007ff70cb2a000 	C:\Program Files\Android\Android Studio\jre\bin\java.exe
0x00007ffa40fd0000 - 0x00007ffa411c5000 	C:\WINDOWS\SYSTEM32\ntdll.dll
0x00007ffa3f580000 - 0x00007ffa3f63d000 	C:\WINDOWS\System32\KERNEL32.DLL
0x00007ffa3ec00000 - 0x00007ffa3eec9000 	C:\WINDOWS\System32\KERNELBASE.dll
0x00007ffa3eb00000 - 0x00007ffa3ec00000 	C:\WINDOWS\System32\ucrtbase.dll
0x00007ffa2e860000 - 0x00007ffa2e879000 	C:\Program Files\Android\Android Studio\jre\bin\jli.dll
0x00007ffa2e840000 - 0x00007ffa2e857000 	C:\Program Files\Android\Android Studio\jre\bin\VCRUNTIME140.dll
0x00007ffa40320000 - 0x00007ffa404c0000 	C:\WINDOWS\System32\USER32.dll
0x00007ffa3eed0000 - 0x00007ffa3eef2000 	C:\WINDOWS\System32\win32u.dll
0x00007ffa2b850000 - 0x00007ffa2baea000 	C:\WINDOWS\WinSxS\amd64_microsoft.windows.common-controls_6595b64144ccf1df_6.0.19041.844_none_ca00b6081b84eb1d\COMCTL32.dll
0x00007ffa40250000 - 0x00007ffa4027a000 	C:\WINDOWS\System32\GDI32.dll
0x00007ffa3fe50000 - 0x00007ffa3feee000 	C:\WINDOWS\System32\msvcrt.dll
0x00007ffa3e710000 - 0x00007ffa3e81b000 	C:\WINDOWS\System32\gdi32full.dll
0x00007ffa3e870000 - 0x00007ffa3e90d000 	C:\WINDOWS\System32\msvcp_win.dll
0x00007ffa40220000 - 0x00007ffa40250000 	C:\WINDOWS\System32\IMM32.DLL
0x00007ffa28eb0000 - 0x00007ffa28f4d000 	C:\Program Files\Android\Android Studio\jre\bin\msvcp140.dll
0x00007ffa11b00000 - 0x00007ffa125bc000 	C:\Program Files\Android\Android Studio\jre\bin\server\jvm.dll
0x00007ffa3fc90000 - 0x00007ffa3fd3c000 	C:\WINDOWS\System32\ADVAPI32.dll
0x00007ffa40740000 - 0x00007ffa407dc000 	C:\WINDOWS\System32\sechost.dll
0x00007ffa3fb60000 - 0x00007ffa3fc8b000 	C:\WINDOWS\System32\RPCRT4.dll
0x00007ffa3f640000 - 0x00007ffa3f648000 	C:\WINDOWS\System32\PSAPI.DLL
0x00007ffa3a220000 - 0x00007ffa3a229000 	C:\WINDOWS\SYSTEM32\WSOCK32.dll
0x00007ffa2efd0000 - 0x00007ffa2eff7000 	C:\WINDOWS\SYSTEM32\WINMM.dll
0x00007ffa2aee0000 - 0x00007ffa2aeea000 	C:\WINDOWS\SYSTEM32\VERSION.dll
0x00007ffa402b0000 - 0x00007ffa4031b000 	C:\WINDOWS\System32\WS2_32.dll
0x00007ffa3c650000 - 0x00007ffa3c662000 	C:\WINDOWS\SYSTEM32\kernel.appcore.dll
0x00007ffa3a1e0000 - 0x00007ffa3a1f1000 	C:\Program Files\Android\Android Studio\jre\bin\verify.dll
0x00007ffa2a4d0000 - 0x00007ffa2a6b4000 	C:\WINDOWS\SYSTEM32\DBGHELP.DLL
0x00007ffa29c00000 - 0x00007ffa29c2c000 	C:\WINDOWS\SYSTEM32\dbgcore.DLL
0x00007ffa3efb0000 - 0x00007ffa3f030000 	C:\WINDOWS\System32\bcryptPrimitives.dll
0x00007ffa3a120000 - 0x00007ffa3a149000 	C:\Program Files\Android\Android Studio\jre\bin\java.dll
0x00007ffa39940000 - 0x00007ffa3994b000 	C:\Program Files\Android\Android Studio\jre\bin\jimage.dll
0x00007ffa36980000 - 0x00007ffa36998000 	C:\Program Files\Android\Android Studio\jre\bin\zip.dll
0x00007ffa407e0000 - 0x00007ffa40f22000 	C:\WINDOWS\System32\SHELL32.dll
0x00007ffa3c850000 - 0x00007ffa3cfe0000 	C:\WINDOWS\SYSTEM32\windows.storage.dll
0x00007ffa3f800000 - 0x00007ffa3fb55000 	C:\WINDOWS\System32\combase.dll
0x00007ffa3e180000 - 0x00007ffa3e1ac000 	C:\WINDOWS\SYSTEM32\Wldp.dll
0x00007ffa3fd40000 - 0x00007ffa3fdee000 	C:\WINDOWS\System32\SHCORE.dll
0x00007ffa404c0000 - 0x00007ffa40515000 	C:\WINDOWS\System32\shlwapi.dll
0x00007ffa3e650000 - 0x00007ffa3e66f000 	C:\WINDOWS\SYSTEM32\profapi.dll
0x00007ffa368a0000 - 0x00007ffa368ba000 	C:\Program Files\Android\Android Studio\jre\bin\net.dll
0x00007ffa38460000 - 0x00007ffa3856c000 	C:\WINDOWS\SYSTEM32\WINHTTP.dll
0x00007ffa3df00000 - 0x00007ffa3df6a000 	C:\WINDOWS\system32\mswsock.dll
0x00007ffa36880000 - 0x00007ffa36894000 	C:\Program Files\Android\Android Studio\jre\bin\nio.dll
0x00007ffa2e440000 - 0x00007ffa2e467000 	C:\Users\ACER\.gradle\native\fdc75f09e3144964f2cf3f50f0aa648679c211496f362492102eb8c894070792\windows-amd64\native-platform.dll
0x00007ffa132c0000 - 0x00007ffa13456000 	C:\Users\ACER\.gradle\native\12488b8bf47d2d4c9fbf2f6322a914ad602e24e48041cd04a747c6da556b65c4\windows-amd64\native-platform-file-events.dll
0x00007ffa39220000 - 0x00007ffa3922a000 	C:\Program Files\Android\Android Studio\jre\bin\management.dll
0x00007ffa39040000 - 0x00007ffa3904c000 	C:\Program Files\Android\Android Studio\jre\bin\management_ext.dll
0x00007ffa3e0d0000 - 0x00007ffa3e0e8000 	C:\WINDOWS\SYSTEM32\CRYPTSP.dll
0x00007ffa3d830000 - 0x00007ffa3d864000 	C:\WINDOWS\system32\rsaenh.dll
0x00007ffa3ea70000 - 0x00007ffa3ea97000 	C:\WINDOWS\System32\bcrypt.dll
0x00007ffa3e610000 - 0x00007ffa3e63e000 	C:\WINDOWS\SYSTEM32\USERENV.dll
0x00007ffa3e0f0000 - 0x00007ffa3e0fc000 	C:\WINDOWS\SYSTEM32\CRYPTBASE.dll
0x00007ffa3dba0000 - 0x00007ffa3dbdb000 	C:\WINDOWS\SYSTEM32\IPHLPAPI.DLL
0x00007ffa3f030000 - 0x00007ffa3f038000 	C:\WINDOWS\System32\NSI.dll
0x00007ffa36f40000 - 0x00007ffa36f57000 	C:\WINDOWS\SYSTEM32\dhcpcsvc6.DLL
0x00007ffa37d20000 - 0x00007ffa37d3d000 	C:\WINDOWS\SYSTEM32\dhcpcsvc.DLL
0x00007ffa3dbe0000 - 0x00007ffa3dcab000 	C:\WINDOWS\SYSTEM32\DNSAPI.dll
0x00007ffa38950000 - 0x00007ffa3895b000 	C:\WINDOWS\SYSTEM32\WINNSI.DLL

dbghelp: loaded successfully - version: 4.0.5 - missing functions: none
symbol engine: initialized successfully - sym options: 0x614 - pdb path: .;C:\Program Files\Android\Android Studio\jre\bin;C:\WINDOWS\SYSTEM32;C:\WINDOWS\WinSxS\amd64_microsoft.windows.common-controls_6595b64144ccf1df_6.0.19041.844_none_ca00b6081b84eb1d;C:\Program Files\Android\Android Studio\jre\bin\server;C:\Users\ACER\.gradle\native\fdc75f09e3144964f2cf3f50f0aa648679c211496f362492102eb8c894070792\windows-amd64;C:\Users\ACER\.gradle\native\12488b8bf47d2d4c9fbf2f6322a914ad602e24e48041cd04a747c6da556b65c4\windows-amd64

VM Arguments:
jvm_args: --add-opens=java.base/java.util=ALL-UNNAMED --add-opens=java.base/java.lang=ALL-UNNAMED --add-opens=java.base/java.lang.invoke=ALL-UNNAMED --add-opens=java.prefs/java.util.prefs=ALL-UNNAMED -Xmx2048m -Dfile.encoding=UTF-8 -Duser.country=US -Duser.language=en -Duser.variant 
java_command: org.gradle.launcher.daemon.bootstrap.GradleDaemon 6.7.1
java_class_path (initial): C:\Users\ACER\.gradle\wrapper\dists\gradle-6.7.1-bin\bwlcbys1h7rz3272sye1xwiv6\gradle-6.7.1\lib\gradle-launcher-6.7.1.jar
Launcher Type: SUN_STANDARD

[Global flags]
     intx CICompilerCount                          = 4                                         {product} {ergonomic}
     uint ConcGCThreads                            = 2                                         {product} {ergonomic}
     uint G1ConcRefinementThreads                  = 8                                         {product} {ergonomic}
   size_t G1HeapRegionSize                         = 1048576                                   {product} {ergonomic}
    uintx GCDrainStackTargetSize                   = 64                                        {product} {ergonomic}
   size_t InitialHeapSize                          = 132120576                                 {product} {ergonomic}
   size_t MarkStackSize                            = 4194304                                   {product} {ergonomic}
   size_t MaxHeapSize                              = 2147483648                                {product} {command line}
   size_t MaxNewSize                               = 1287651328                                {product} {ergonomic}
   size_t MinHeapDeltaBytes                        = 1048576                                   {product} {ergonomic}
    uintx NonNMethodCodeHeapSize                   = 5836300                                {pd product} {ergonomic}
    uintx NonProfiledCodeHeapSize                  = 122910970                              {pd product} {ergonomic}
    uintx ProfiledCodeHeapSize                     = 122910970                              {pd product} {ergonomic}
    uintx ReservedCodeCacheSize                    = 251658240                              {pd product} {ergonomic}
     bool SegmentedCodeCache                       = true                                      {product} {ergonomic}
     bool UseCompressedClassPointers               = true                                 {lp64_product} {ergonomic}
     bool UseCompressedOops                        = true                                 {lp64_product} {ergonomic}
     bool UseG1GC                                  = true                                      {product} {ergonomic}
     bool UseLargePagesIndividualAllocation        = false                                  {pd product} {ergonomic}

Logging:
Log output configuration:
 #0: stdout all=warning uptime,level,tags
 #1: stderr all=off uptime,level,tags

Environment Variables:
PATH=C:\Program Files (x86)\Common Files\Oracle\Java\javapath;C:\Users\ACER\AppData\Local\Microsoft\WindowsApps;C:\Program Files\Java\jdk1.8.0_181\bin;C:\Program Files (x86)\Microsoft SQL Server\90\Tools\binn\;C:\xampp\mysql\bin;C:\WINDOWS\system32;C:\WINDOWS;C:\WINDOWS\System32\Wbem;C:\WINDOWS\System32\WindowsPowerShell\v1.0\;C:\WINDOWS\System32\OpenSSH\;C:\Program Files\NVIDIA Corporation\NVIDIA NvDLISR;C:\Program Files (x86)\NVIDIA Corporation\PhysX\Common;C:\Program Files\Git\cmd;C:\WINDOWS\system32;C:\Users\ACER\AppData\Local\Microsoft\WindowsApps;
USERNAME=ACER
OS=Windows_NT
PROCESSOR_IDENTIFIER=Intel64 Family 6 Model 158 Stepping 10, GenuineIntel



---------------  S Y S T E M  ---------------

OS: Windows 10 , 64 bit Build 19041 (10.0.19041.804)
OS uptime: 0 days 2:58 hours

CPU:total 8 (initial active 8) (4 cores per cpu, 2 threads per core) family 6 model 158 stepping 10, cmov, cx8, fxsr, mmx, sse, sse2, sse3, ssse3, sse4.1, sse4.2, popcnt, avx, avx2, aes, clmul, erms, 3dnowpref, lzcnt, ht, tsc, tscinvbit, bmi1, bmi2, adx, fma

Memory: 4k page, system-wide physical 8034M (277M free)
TotalPageFile size 11574M (AvailPageFile size 3M)
current process WorkingSet (physical memory assigned to process): 428M, peak: 434M
current process commit charge ("private bytes"): 471M, peak: 476M

vm_info: OpenJDK 64-Bit Server VM (11.0.8+10-b944.6842174) for windows-amd64 JRE (11.0.8+10-b944.6842174), built on Sep 19 2020 01:11:42 by "builder" with MS VC++ 14.0 (VS2015)

END.
