#
# There is insufficient memory for the Java Runtime Environment to continue.
# Native memory allocation (mmap) failed to map 71303168 bytes for Failed to commit area from 0x0000000091d00000 to 0x0000000096100000 of length 71303168.
# Possible reasons:
#   The system is out of physical RAM or swap space
#   The process is running with CompressedOops enabled, and the Java Heap may be blocking the growth of the native heap
# Possible solutions:
#   Reduce memory load on the system
#   Increase physical memory or swap space
#   Check if swap backing store is full
#   Decrease Java heap size (-Xmx/-Xms)
#   Decrease number of Java threads
#   Decrease Java thread stack sizes (-Xss)
#   Set larger code cache with -XX:ReservedCodeCacheSize=
#   JVM is running with Unscaled Compressed Oops mode in which the Java heap is
#     placed in the first 4GB address space. The Java Heap base address is the
#     maximum limit for the native heap growth. Please use -XX:HeapBaseMinAddress
#     to set the Java Heap base and to place the Java Heap above 4GB virtual address.
# This output file may be truncated or incomplete.
#
#  Out of Memory Error (./src/hotspot/os/windows/os_windows.cpp:3303), pid=6420, tid=1444
#
# JRE version: OpenJDK Runtime Environment (11.0.8+10) (build 11.0.8+10-b944.6842174)
# Java VM: OpenJDK 64-Bit Server VM (11.0.8+10-b944.6842174, mixed mode, tiered, compressed oops, g1 gc, windows-amd64)
# No core dump will be written. Minidumps are not enabled by default on client versions of Windows
#

---------------  S U M M A R Y ------------

Command Line: --add-opens=java.base/java.util=ALL-UNNAMED --add-opens=java.base/java.lang=ALL-UNNAMED --add-opens=java.base/java.lang.invoke=ALL-UNNAMED --add-opens=java.prefs/java.util.prefs=ALL-UNNAMED -Xmx2048m -Dfile.encoding=UTF-8 -Duser.country=US -Duser.language=en -Duser.variant org.gradle.launcher.daemon.bootstrap.GradleDaemon 6.7.1

Host: Intel(R) Core(TM) i5-8300H CPU @ 2.30GHz, 8 cores, 7G,  Windows 10 , 64 bit Build 19041 (10.0.19041.804)
Time: Sat Jun  5 01:47:21 2021 SE Asia Standard Time elapsed time: 71 seconds (0d 0h 1m 11s)

---------------  T H R E A D  ---------------

Current thread (0x0000020dc7542800):  VMThread "VM Thread" [stack: 0x000000b6d6b00000,0x000000b6d6c00000] [id=1444]

Stack: [0x000000b6d6b00000,0x000000b6d6c00000]
[error occurred during error reporting (printing stack bounds), id 0xc0000005, EXCEPTION_ACCESS_VIOLATION (0xc0000005) at pc=0x0000020db0390dad]

Native frames: (J=compiled Java code, j=interpreted, Vv=VM code, C=native code)
V  [jvm.dll+0x5de50a]
V  [jvm.dll+0x7122f5]
V  [jvm.dll+0x71384d]
V  [jvm.dll+0x713e65]
V  [jvm.dll+0x713e1b]
V  [jvm.dll+0x5dd958]
V  [jvm.dll+0x5de0f8]
C  [ntdll.dll+0xa1f6f]
C  [ntdll.dll+0x51454]
C  [ntdll.dll+0xa0a9e]
C  0x0000020db0390dad

VM_Operation (0x000000b6d9df9810): G1CollectForAllocation, mode: safepoint, requested by thread 0x0000020dca210800


---------------  P R O C E S S  ---------------

Threads class SMR info:
_java_thread_list=0x0000020dd6dbdc30, length=155, elements={
0x0000020daca0f800, 0x0000020dc6d28800, 0x0000020dc6d29800, 0x0000020dc6d36000,
0x0000020dc754d800, 0x0000020dc7551800, 0x0000020dc7560000, 0x0000020dc7561800,
0x0000020dc76ea800, 0x0000020dc76f8800, 0x0000020dc917b800, 0x0000020dc7b2f800,
0x0000020dc95d4000, 0x0000020dc9739800, 0x0000020dc880a000, 0x0000020dc8ea1000,
0x0000020dc8bb0000, 0x0000020dc9027000, 0x0000020dc9b10800, 0x0000020dc8ce9000,
0x0000020dc8cea000, 0x0000020dc8ceb000, 0x0000020dc8ceb800, 0x0000020dca206800,
0x0000020dca207800, 0x0000020dca208800, 0x0000020dca209000, 0x0000020dca20a000,
0x0000020dca205000, 0x0000020dca20c800, 0x0000020dca213000, 0x0000020dca20f800,
0x0000020dca20e000, 0x0000020dca20d800, 0x0000020dca212000, 0x0000020dca214000,
0x0000020dca211800, 0x0000020dca210800, 0x0000020dca20f000, 0x0000020dc7de4800,
0x0000020dc7de3800, 0x0000020dc7de2800, 0x0000020dc7de5000, 0x0000020dc7ddf800,
0x0000020dc7de6000, 0x0000020dc7de0800, 0x0000020dc7de1000, 0x0000020dc7de2000,
0x0000020dcb6bb000, 0x0000020dcb6bd000, 0x0000020dcb6b9800, 0x0000020dcb6bc000,
0x0000020dcb6b7000, 0x0000020dcb6ba800, 0x0000020dcb6bd800, 0x0000020dcb6b8000,
0x0000020dcb6be800, 0x0000020dcb6b8800, 0x0000020dcb6c2800, 0x0000020dcb6c4000,
0x0000020dcb6bf000, 0x0000020dcb6c6000, 0x0000020dcb6c0000, 0x0000020dcb6c1000,
0x0000020dcb6c1800, 0x0000020dcb6c5000, 0x0000020dcb6c3800, 0x0000020dc7dcd000,
0x0000020dc7dce000, 0x0000020dc7dcf800, 0x0000020dc7dd3800, 0x0000020dc7dd3000,
0x0000020dc7dd1000, 0x0000020dc7dd2000, 0x0000020dc7dd4800, 0x0000020dc7dce800,
0x0000020dc7dd5800, 0x0000020dc7dd6000, 0x0000020dc7dd0800, 0x0000020dc7dd8800,
0x0000020dc7dd7800, 0x0000020dc7dd9800, 0x0000020dc7dd7000, 0x0000020dc7dda000,
0x0000020dc7ddb000, 0x0000020dc7ddc000, 0x0000020dca02e800, 0x0000020dca033000,
0x0000020dca034800, 0x0000020dca030800, 0x0000020dca033800, 0x0000020dca035000,
0x0000020dca02f800, 0x0000020dca036000, 0x0000020dca031000, 0x0000020dca037000,
0x0000020dca037800, 0x0000020dca032000, 0x0000020dca03a000, 0x0000020dca03d800,
0x0000020dca03c800, 0x0000020dca03b000, 0x0000020dca038800, 0x0000020dca03c000,
0x0000020dca039800, 0x0000020dc9b57000, 0x0000020dc9b55800, 0x0000020dc9b57800,
0x0000020dc9b54800, 0x0000020dc9b56000, 0x0000020dc9b52000, 0x0000020dc9b53800,
0x0000020dc9b58800, 0x0000020dc9b53000, 0x0000020dc9b5f000, 0x0000020dc9b59800,
0x0000020dc9b5c000, 0x0000020dc9b5e000, 0x0000020dc9b5c800, 0x0000020dc9b60000,
0x0000020dc9b5d800, 0x0000020dc9b5a000, 0x0000020dc9b60800, 0x0000020dc9b5b000,
0x0000020dcb079000, 0x0000020dcb07a800, 0x0000020dcb079800, 0x0000020dcb078000,
0x0000020dcb07b800, 0x0000020dcb07c000, 0x0000020dcb077800, 0x0000020dcb081000,
0x0000020dcb082800, 0x0000020dcb080000, 0x0000020dcb082000, 0x0000020dcb07e000,
0x0000020dcb07e800, 0x0000020dcb07f800, 0x0000020dcb07d000, 0x0000020dcb084800,
0x0000020dcb083800, 0x0000020dcb085000, 0x0000020dcb086000, 0x0000020dcd243800,
0x0000020dcd246800, 0x0000020dcd248800, 0x0000020dcad83000, 0x0000020dcd245000,
0x0000020dcd249000, 0x0000020dcd247800, 0x0000020dcd24a000, 0x0000020dcd246000,
0x0000020dccfcd000, 0x0000020dccfcd800, 0x0000020dccfd0000
}

Java Threads: ( => current thread )
  0x0000020daca0f800 JavaThread "main" [_thread_blocked, id=2904, stack(0x000000b6d6500000,0x000000b6d6600000)]
  0x0000020dc6d28800 JavaThread "Reference Handler" daemon [_thread_blocked, id=14040, stack(0x000000b6d6c00000,0x000000b6d6d00000)]
  0x0000020dc6d29800 JavaThread "Finalizer" daemon [_thread_blocked, id=10652, stack(0x000000b6d6d00000,0x000000b6d6e00000)]
  0x0000020dc6d36000 JavaThread "Signal Dispatcher" daemon [_thread_blocked, id=13228, stack(0x000000b6d6e00000,0x000000b6d6f00000)]
  0x0000020dc754d800 JavaThread "Attach Listener" daemon [_thread_blocked, id=14220, stack(0x000000b6d6f00000,0x000000b6d7000000)]
  0x0000020dc7551800 JavaThread "C2 CompilerThread0" daemon [_thread_in_native, id=10596, stack(0x000000b6d7000000,0x000000b6d7100000)]
  0x0000020dc7560000 JavaThread "C1 CompilerThread0" daemon [_thread_blocked, id=6964, stack(0x000000b6d7100000,0x000000b6d7200000)]
  0x0000020dc7561800 JavaThread "Sweeper thread" daemon [_thread_blocked, id=2644, stack(0x000000b6d7200000,0x000000b6d7300000)]
  0x0000020dc76ea800 JavaThread "Common-Cleaner" daemon [_thread_blocked, id=5320, stack(0x000000b6d7300000,0x000000b6d7400000)]
  0x0000020dc76f8800 JavaThread "Service Thread" daemon [_thread_blocked, id=13336, stack(0x000000b6d7400000,0x000000b6d7500000)]
  0x0000020dc917b800 JavaThread "Daemon health stats" [_thread_blocked, id=1476, stack(0x000000b6d7700000,0x000000b6d7800000)]
  0x0000020dc7b2f800 JavaThread "Incoming local TCP Connector on port 57952" [_thread_in_native, id=2952, stack(0x000000b6d7600000,0x000000b6d7700000)]
  0x0000020dc95d4000 JavaThread "Daemon periodic checks" [_thread_blocked, id=13556, stack(0x000000b6d7d00000,0x000000b6d7e00000)]
  0x0000020dc9739800 JavaThread "Daemon" [_thread_blocked, id=10452, stack(0x000000b6d7e00000,0x000000b6d7f00000)]
  0x0000020dc880a000 JavaThread "Handler for socket connection from /127.0.0.1:57952 to /127.0.0.1:57997" [_thread_in_native, id=4836, stack(0x000000b6d7f00000,0x000000b6d8000000)]
  0x0000020dc8ea1000 JavaThread "Cancel handler" [_thread_blocked, id=3008, stack(0x000000b6d8000000,0x000000b6d8100000)]
  0x0000020dc8bb0000 JavaThread "Daemon worker" [_thread_blocked, id=1948, stack(0x000000b6d8100000,0x000000b6d8200000)]
  0x0000020dc9027000 JavaThread "Asynchronous log dispatcher for DefaultDaemonConnection: socket connection from /127.0.0.1:57952 to /127.0.0.1:57997" [_thread_blocked, id=4592, stack(0x000000b6d8200000,0x000000b6d8300000)]
  0x0000020dc9b10800 JavaThread "Thread-8" [_thread_blocked, id=2896, stack(0x000000b6d8400000,0x000000b6d8500000)]
  0x0000020dc8ce9000 JavaThread "Cache worker for file hash cache (C:\Users\ACER\.gradle\caches\6.7.1\fileHashes)" [_thread_blocked, id=7072, stack(0x000000b6d7c00000,0x000000b6d7d00000)]
  0x0000020dc8cea000 JavaThread "File lock request listener" [_thread_in_native, id=14068, stack(0x000000b6d8a00000,0x000000b6d8b00000)]
  0x0000020dc8ceb000 JavaThread "Cache worker for journal cache (C:\Users\ACER\.gradle\caches\journal-1)" [_thread_blocked, id=3376, stack(0x000000b6d8c00000,0x000000b6d8d00000)]
  0x0000020dc8ceb800 JavaThread "Cache worker for file hash cache (E:\UTS-MySelfApp-master\.gradle\6.7.1\fileHashes)" [_thread_blocked, id=5744, stack(0x000000b6d8e00000,0x000000b6d8f00000)]
  0x0000020dca206800 JavaThread "Cache worker for checksums cache (E:\UTS-MySelfApp-master\.gradle\checksums)" [_thread_blocked, id=2316, stack(0x000000b6d8f00000,0x000000b6d9000000)]
  0x0000020dca207800 JavaThread "Cache worker for cache directory md-supplier (C:\Users\ACER\.gradle\caches\6.7.1\md-supplier)" [_thread_blocked, id=11388, stack(0x000000b6d9000000,0x000000b6d9100000)]
  0x0000020dca208800 JavaThread "Cache worker for cache directory md-rule (C:\Users\ACER\.gradle\caches\6.7.1\md-rule)" [_thread_blocked, id=11588, stack(0x000000b6d9100000,0x000000b6d9200000)]
  0x0000020dca209000 JavaThread "Cache worker for execution history cache (C:\Users\ACER\.gradle\caches\6.7.1\executionHistory)" [_thread_blocked, id=5844, stack(0x000000b6d9200000,0x000000b6d9300000)]
  0x0000020dca20a000 JavaThread "jar transforms" [_thread_blocked, id=10424, stack(0x000000b6d9300000,0x000000b6d9400000)]
  0x0000020dca205000 JavaThread "Cache worker for file content cache (C:\Users\ACER\.gradle\caches\6.7.1\fileContent)" [_thread_blocked, id=10572, stack(0x000000b6d9400000,0x000000b6d9500000)]
  0x0000020dca20c800 JavaThread "Cache worker for Build Output Cleanup Cache (E:\UTS-MySelfApp-master\.gradle\buildOutputCleanup)" [_thread_blocked, id=6636, stack(0x000000b6d9500000,0x000000b6d9600000)]
  0x0000020dca213000 JavaThread "Build operations" [_thread_blocked, id=12416, stack(0x000000b6d9600000,0x000000b6d9700000)]
  0x0000020dca20f800 JavaThread "Build operations Thread 2" [_thread_blocked, id=4536, stack(0x000000b6d9700000,0x000000b6d9800000)]
  0x0000020dca20e000 JavaThread "Build operations Thread 3" [_thread_blocked, id=13224, stack(0x000000b6d9800000,0x000000b6d9900000)]
  0x0000020dca20d800 JavaThread "Build operations Thread 4" [_thread_blocked, id=11768, stack(0x000000b6d9900000,0x000000b6d9a00000)]
  0x0000020dca212000 JavaThread "Build operations Thread 5" [_thread_blocked, id=14248, stack(0x000000b6d9a00000,0x000000b6d9b00000)]
  0x0000020dca214000 JavaThread "Build operations Thread 6" [_thread_blocked, id=11308, stack(0x000000b6d9b00000,0x000000b6d9c00000)]
  0x0000020dca211800 JavaThread "Build operations Thread 7" [_thread_blocked, id=12676, stack(0x000000b6d9c00000,0x000000b6d9d00000)]
  0x0000020dca210800 JavaThread "Build operations Thread 8" [_thread_blocked, id=10580, stack(0x000000b6d9d00000,0x000000b6d9e00000)]
  0x0000020dca20f000 JavaThread "jar transforms Thread 2" [_thread_blocked, id=6000, stack(0x000000b6d9e00000,0x000000b6d9f00000)]
  0x0000020dc7de4800 JavaThread "jar transforms Thread 3" [_thread_blocked, id=2192, stack(0x000000b6d9f00000,0x000000b6da000000)]
  0x0000020dc7de3800 JavaThread "jar transforms Thread 4" [_thread_blocked, id=10444, stack(0x000000b6da000000,0x000000b6da100000)]
  0x0000020dc7de2800 JavaThread "jar transforms Thread 5" [_thread_blocked, id=1636, stack(0x000000b6da100000,0x000000b6da200000)]
  0x0000020dc7de5000 JavaThread "jar transforms Thread 6" [_thread_blocked, id=13804, stack(0x000000b6da200000,0x000000b6da300000)]
  0x0000020dc7ddf800 JavaThread "jar transforms Thread 7" [_thread_blocked, id=6184, stack(0x000000b6da300000,0x000000b6da400000)]
  0x0000020dc7de6000 JavaThread "jar transforms Thread 8" [_thread_blocked, id=6372, stack(0x000000b6da400000,0x000000b6da500000)]
  0x0000020dc7de0800 JavaThread "jar transforms Thread 9" [_thread_blocked, id=10044, stack(0x000000b6da500000,0x000000b6da600000)]
  0x0000020dc7de1000 JavaThread "jar transforms Thread 10" [_thread_blocked, id=7080, stack(0x000000b6da600000,0x000000b6da700000)]
  0x0000020dc7de2000 JavaThread "jar transforms Thread 11" [_thread_blocked, id=13900, stack(0x000000b6da700000,0x000000b6da800000)]
  0x0000020dcb6bb000 JavaThread "jar transforms Thread 12" [_thread_blocked, id=8348, stack(0x000000b6da800000,0x000000b6da900000)]
  0x0000020dcb6bd000 JavaThread "jar transforms Thread 13" [_thread_blocked, id=12388, stack(0x000000b6da900000,0x000000b6daa00000)]
  0x0000020dcb6b9800 JavaThread "jar transforms Thread 14" [_thread_blocked, id=8324, stack(0x000000b6daa00000,0x000000b6dab00000)]
  0x0000020dcb6bc000 JavaThread "jar transforms Thread 15" [_thread_blocked, id=14300, stack(0x000000b6dab00000,0x000000b6dac00000)]
  0x0000020dcb6b7000 JavaThread "jar transforms Thread 16" [_thread_blocked, id=6776, stack(0x000000b6dac00000,0x000000b6dad00000)]
  0x0000020dcb6ba800 JavaThread "jar transforms Thread 17" [_thread_blocked, id=13280, stack(0x000000b6dad00000,0x000000b6dae00000)]
  0x0000020dcb6bd800 JavaThread "jar transforms Thread 18" [_thread_blocked, id=2716, stack(0x000000b6dae00000,0x000000b6daf00000)]
  0x0000020dcb6b8000 JavaThread "jar transforms Thread 19" [_thread_blocked, id=5720, stack(0x000000b6daf00000,0x000000b6db000000)]
  0x0000020dcb6be800 JavaThread "jar transforms Thread 20" [_thread_blocked, id=7248, stack(0x000000b6db000000,0x000000b6db100000)]
  0x0000020dcb6b8800 JavaThread "jar transforms Thread 21" [_thread_blocked, id=9456, stack(0x000000b6db100000,0x000000b6db200000)]
  0x0000020dcb6c2800 JavaThread "jar transforms Thread 22" [_thread_blocked, id=6264, stack(0x000000b6db200000,0x000000b6db300000)]
  0x0000020dcb6c4000 JavaThread "jar transforms Thread 23" [_thread_blocked, id=5700, stack(0x000000b6db300000,0x000000b6db400000)]
  0x0000020dcb6bf000 JavaThread "jar transforms Thread 24" [_thread_blocked, id=9820, stack(0x000000b6db400000,0x000000b6db500000)]
  0x0000020dcb6c6000 JavaThread "jar transforms Thread 25" [_thread_blocked, id=12292, stack(0x000000b6db500000,0x000000b6db600000)]
  0x0000020dcb6c0000 JavaThread "jar transforms Thread 26" [_thread_blocked, id=10624, stack(0x000000b6db600000,0x000000b6db700000)]
  0x0000020dcb6c1000 JavaThread "jar transforms Thread 27" [_thread_blocked, id=1204, stack(0x000000b6db700000,0x000000b6db800000)]
  0x0000020dcb6c1800 JavaThread "jar transforms Thread 28" [_thread_blocked, id=3892, stack(0x000000b6db800000,0x000000b6db900000)]
  0x0000020dcb6c5000 JavaThread "jar transforms Thread 29" [_thread_blocked, id=14048, stack(0x000000b6db900000,0x000000b6dba00000)]
  0x0000020dcb6c3800 JavaThread "jar transforms Thread 30" [_thread_blocked, id=11476, stack(0x000000b6dba00000,0x000000b6dbb00000)]
  0x0000020dc7dcd000 JavaThread "jar transforms Thread 31" [_thread_blocked, id=10704, stack(0x000000b6dbb00000,0x000000b6dbc00000)]
  0x0000020dc7dce000 JavaThread "jar transforms Thread 32" [_thread_blocked, id=4504, stack(0x000000b6dbc00000,0x000000b6dbd00000)]
  0x0000020dc7dcf800 JavaThread "jar transforms Thread 33" [_thread_blocked, id=12116, stack(0x000000b6dbd00000,0x000000b6dbe00000)]
  0x0000020dc7dd3800 JavaThread "jar transforms Thread 34" [_thread_blocked, id=9416, stack(0x000000b6dbe00000,0x000000b6dbf00000)]
  0x0000020dc7dd3000 JavaThread "jar transforms Thread 35" [_thread_blocked, id=8776, stack(0x000000b6dbf00000,0x000000b6dc000000)]
  0x0000020dc7dd1000 JavaThread "jar transforms Thread 36" [_thread_blocked, id=5364, stack(0x000000b6dc000000,0x000000b6dc100000)]
  0x0000020dc7dd2000 JavaThread "jar transforms Thread 37" [_thread_blocked, id=3796, stack(0x000000b6dc100000,0x000000b6dc200000)]
  0x0000020dc7dd4800 JavaThread "jar transforms Thread 38" [_thread_blocked, id=1812, stack(0x000000b6dc200000,0x000000b6dc300000)]
  0x0000020dc7dce800 JavaThread "jar transforms Thread 39" [_thread_blocked, id=11404, stack(0x000000b6dc300000,0x000000b6dc400000)]
  0x0000020dc7dd5800 JavaThread "jar transforms Thread 40" [_thread_blocked, id=7236, stack(0x000000b6dc400000,0x000000b6dc500000)]
  0x0000020dc7dd6000 JavaThread "jar transforms Thread 41" [_thread_blocked, id=9092, stack(0x000000b6dc500000,0x000000b6dc600000)]
  0x0000020dc7dd0800 JavaThread "jar transforms Thread 42" [_thread_blocked, id=424, stack(0x000000b6dc600000,0x000000b6dc700000)]
  0x0000020dc7dd8800 JavaThread "jar transforms Thread 43" [_thread_blocked, id=13364, stack(0x000000b6dc700000,0x000000b6dc800000)]
  0x0000020dc7dd7800 JavaThread "jar transforms Thread 44" [_thread_blocked, id=5228, stack(0x000000b6dc800000,0x000000b6dc900000)]
  0x0000020dc7dd9800 JavaThread "jar transforms Thread 45" [_thread_blocked, id=6108, stack(0x000000b6dc900000,0x000000b6dca00000)]
  0x0000020dc7dd7000 JavaThread "jar transforms Thread 46" [_thread_blocked, id=13692, stack(0x000000b6dca00000,0x000000b6dcb00000)]
  0x0000020dc7dda000 JavaThread "jar transforms Thread 47" [_thread_blocked, id=9508, stack(0x000000b6dcb00000,0x000000b6dcc00000)]
  0x0000020dc7ddb000 JavaThread "jar transforms Thread 48" [_thread_blocked, id=3320, stack(0x000000b6dcc00000,0x000000b6dcd00000)]
  0x0000020dc7ddc000 JavaThread "jar transforms Thread 49" [_thread_blocked, id=12344, stack(0x000000b6dcd00000,0x000000b6dce00000)]
  0x0000020dca02e800 JavaThread "jar transforms Thread 50" [_thread_blocked, id=13016, stack(0x000000b6dce00000,0x000000b6dcf00000)]
  0x0000020dca033000 JavaThread "jar transforms Thread 51" [_thread_blocked, id=14224, stack(0x000000b6dcf00000,0x000000b6dd000000)]
  0x0000020dca034800 JavaThread "jar transforms Thread 52" [_thread_blocked, id=7828, stack(0x000000b6dd000000,0x000000b6dd100000)]
  0x0000020dca030800 JavaThread "jar transforms Thread 53" [_thread_blocked, id=13388, stack(0x000000b6dd100000,0x000000b6dd200000)]
  0x0000020dca033800 JavaThread "jar transforms Thread 54" [_thread_blocked, id=7600, stack(0x000000b6dd200000,0x000000b6dd300000)]
  0x0000020dca035000 JavaThread "jar transforms Thread 55" [_thread_blocked, id=11748, stack(0x000000b6dd300000,0x000000b6dd400000)]
  0x0000020dca02f800 JavaThread "jar transforms Thread 56" [_thread_blocked, id=1932, stack(0x000000b6dd400000,0x000000b6dd500000)]
  0x0000020dca036000 JavaThread "jar transforms Thread 57" [_thread_blocked, id=3724, stack(0x000000b6dd500000,0x000000b6dd600000)]
  0x0000020dca031000 JavaThread "jar transforms Thread 58" [_thread_blocked, id=1356, stack(0x000000b6dd600000,0x000000b6dd700000)]
  0x0000020dca037000 JavaThread "jar transforms Thread 59" [_thread_blocked, id=10668, stack(0x000000b6dd700000,0x000000b6dd800000)]
  0x0000020dca037800 JavaThread "jar transforms Thread 60" [_thread_blocked, id=7152, stack(0x000000b6dd800000,0x000000b6dd900000)]
  0x0000020dca032000 JavaThread "jar transforms Thread 61" [_thread_blocked, id=1668, stack(0x000000b6dd900000,0x000000b6dda00000)]
  0x0000020dca03a000 JavaThread "jar transforms Thread 62" [_thread_blocked, id=8424, stack(0x000000b6dda00000,0x000000b6ddb00000)]
  0x0000020dca03d800 JavaThread "jar transforms Thread 63" [_thread_blocked, id=14184, stack(0x000000b6ddb00000,0x000000b6ddc00000)]
  0x0000020dca03c800 JavaThread "jar transforms Thread 64" [_thread_blocked, id=14180, stack(0x000000b6ddc00000,0x000000b6ddd00000)]
  0x0000020dca03b000 JavaThread "jar transforms Thread 65" [_thread_blocked, id=2724, stack(0x000000b6ddd00000,0x000000b6dde00000)]
  0x0000020dca038800 JavaThread "jar transforms Thread 66" [_thread_blocked, id=3604, stack(0x000000b6dde00000,0x000000b6ddf00000)]
  0x0000020dca03c000 JavaThread "jar transforms Thread 67" [_thread_blocked, id=4496, stack(0x000000b6ddf00000,0x000000b6de000000)]
  0x0000020dca039800 JavaThread "jar transforms Thread 68" [_thread_blocked, id=4764, stack(0x000000b6de000000,0x000000b6de100000)]
  0x0000020dc9b57000 JavaThread "jar transforms Thread 69" [_thread_blocked, id=9500, stack(0x000000b6de100000,0x000000b6de200000)]
  0x0000020dc9b55800 JavaThread "jar transforms Thread 70" [_thread_blocked, id=6988, stack(0x000000b6de200000,0x000000b6de300000)]
  0x0000020dc9b57800 JavaThread "jar transforms Thread 71" [_thread_blocked, id=1944, stack(0x000000b6de300000,0x000000b6de400000)]
  0x0000020dc9b54800 JavaThread "jar transforms Thread 72" [_thread_blocked, id=4216, stack(0x000000b6de400000,0x000000b6de500000)]
  0x0000020dc9b56000 JavaThread "jar transforms Thread 73" [_thread_blocked, id=9104, stack(0x000000b6de500000,0x000000b6de600000)]
  0x0000020dc9b52000 JavaThread "jar transforms Thread 74" [_thread_blocked, id=7032, stack(0x000000b6de600000,0x000000b6de700000)]
  0x0000020dc9b53800 JavaThread "jar transforms Thread 75" [_thread_blocked, id=9800, stack(0x000000b6de700000,0x000000b6de800000)]
  0x0000020dc9b58800 JavaThread "jar transforms Thread 76" [_thread_blocked, id=11412, stack(0x000000b6de800000,0x000000b6de900000)]
  0x0000020dc9b53000 JavaThread "jar transforms Thread 77" [_thread_blocked, id=4296, stack(0x000000b6de900000,0x000000b6dea00000)]
  0x0000020dc9b5f000 JavaThread "jar transforms Thread 78" [_thread_blocked, id=5280, stack(0x000000b6dea00000,0x000000b6deb00000)]
  0x0000020dc9b59800 JavaThread "jar transforms Thread 79" [_thread_blocked, id=11564, stack(0x000000b6deb00000,0x000000b6dec00000)]
  0x0000020dc9b5c000 JavaThread "jar transforms Thread 80" [_thread_blocked, id=3728, stack(0x000000b6dec00000,0x000000b6ded00000)]
  0x0000020dc9b5e000 JavaThread "jar transforms Thread 81" [_thread_blocked, id=2640, stack(0x000000b6ded00000,0x000000b6dee00000)]
  0x0000020dc9b5c800 JavaThread "jar transforms Thread 82" [_thread_blocked, id=1252, stack(0x000000b6dee00000,0x000000b6def00000)]
  0x0000020dc9b60000 JavaThread "jar transforms Thread 83" [_thread_blocked, id=6912, stack(0x000000b6def00000,0x000000b6df000000)]
  0x0000020dc9b5d800 JavaThread "jar transforms Thread 84" [_thread_blocked, id=13784, stack(0x000000b6df000000,0x000000b6df100000)]
  0x0000020dc9b5a000 JavaThread "jar transforms Thread 85" [_thread_blocked, id=6276, stack(0x000000b6df100000,0x000000b6df200000)]
  0x0000020dc9b60800 JavaThread "jar transforms Thread 86" [_thread_blocked, id=8188, stack(0x000000b6df200000,0x000000b6df300000)]
  0x0000020dc9b5b000 JavaThread "jar transforms Thread 87" [_thread_blocked, id=11040, stack(0x000000b6df300000,0x000000b6df400000)]
  0x0000020dcb079000 JavaThread "jar transforms Thread 88" [_thread_blocked, id=10956, stack(0x000000b6df400000,0x000000b6df500000)]
  0x0000020dcb07a800 JavaThread "jar transforms Thread 89" [_thread_blocked, id=2636, stack(0x000000b6df500000,0x000000b6df600000)]
  0x0000020dcb079800 JavaThread "jar transforms Thread 90" [_thread_blocked, id=6040, stack(0x000000b6df600000,0x000000b6df700000)]
  0x0000020dcb078000 JavaThread "jar transforms Thread 91" [_thread_blocked, id=10028, stack(0x000000b6df700000,0x000000b6df800000)]
  0x0000020dcb07b800 JavaThread "jar transforms Thread 92" [_thread_blocked, id=8088, stack(0x000000b6df800000,0x000000b6df900000)]
  0x0000020dcb07c000 JavaThread "jar transforms Thread 93" [_thread_blocked, id=6192, stack(0x000000b6df900000,0x000000b6dfa00000)]
  0x0000020dcb077800 JavaThread "jar transforms Thread 94" [_thread_blocked, id=5368, stack(0x000000b6dfa00000,0x000000b6dfb00000)]
  0x0000020dcb081000 JavaThread "jar transforms Thread 95" [_thread_blocked, id=2188, stack(0x000000b6dfb00000,0x000000b6dfc00000)]
  0x0000020dcb082800 JavaThread "jar transforms Thread 96" [_thread_blocked, id=6284, stack(0x000000b6dfc00000,0x000000b6dfd00000)]
  0x0000020dcb080000 JavaThread "jar transforms Thread 97" [_thread_blocked, id=13564, stack(0x000000b6dfd00000,0x000000b6dfe00000)]
  0x0000020dcb082000 JavaThread "Memory manager" [_thread_blocked, id=2976, stack(0x000000b6dfe00000,0x000000b6dff00000)]
  0x0000020dcb07e000 JavaThread "build event listener" [_thread_blocked, id=8468, stack(0x000000b6dff00000,0x000000b6e0000000)]
  0x0000020dcb07e800 JavaThread "build event listener" [_thread_blocked, id=8284, stack(0x000000b6e0000000,0x000000b6e0100000)]
  0x0000020dcb07f800 JavaThread "Execution worker for ':'" [_thread_blocked, id=9716, stack(0x000000b6e0100000,0x000000b6e0200000)]
  0x0000020dcb07d000 JavaThread "Execution worker for ':' Thread 2" [_thread_blocked, id=14244, stack(0x000000b6e0200000,0x000000b6e0300000)]
  0x0000020dcb084800 JavaThread "Execution worker for ':' Thread 3" [_thread_blocked, id=13496, stack(0x000000b6e0300000,0x000000b6e0400000)]
  0x0000020dcb083800 JavaThread "Execution worker for ':' Thread 4" [_thread_blocked, id=9040, stack(0x000000b6e0400000,0x000000b6e0500000)]
  0x0000020dcb085000 JavaThread "Execution worker for ':' Thread 5" [_thread_blocked, id=11436, stack(0x000000b6e0500000,0x000000b6e0600000)]
  0x0000020dcb086000 JavaThread "Execution worker for ':' Thread 6" [_thread_blocked, id=7940, stack(0x000000b6e0600000,0x000000b6e0700000)]
  0x0000020dcd243800 JavaThread "Execution worker for ':' Thread 7" [_thread_blocked, id=8676, stack(0x000000b6e0700000,0x000000b6e0800000)]
  0x0000020dcd246800 JavaThread "Cache worker for execution history cache (E:\UTS-MySelfApp-master\.gradle\6.7.1\executionHistory)" [_thread_blocked, id=9464, stack(0x000000b6e0800000,0x000000b6e0900000)]
  0x0000020dcd248800 JavaThread "WorkerExecutor Queue" [_thread_blocked, id=1220, stack(0x000000b6e0900000,0x000000b6e0a00000)]
  0x0000020dcad83000 JavaThread "C2 CompilerThread1" daemon [_thread_in_native, id=13512, stack(0x000000b6d8d00000,0x000000b6d8e00000)]
  0x0000020dcd245000 JavaThread "WorkerExecutor Queue Thread 2" [_thread_blocked, id=12612, stack(0x000000b6e0a00000,0x000000b6e0b00000)]
  0x0000020dcd249000 JavaThread "WorkerExecutor Queue Thread 4" [_thread_blocked, id=1104, stack(0x000000b6e0c00000,0x000000b6e0d00000)]
  0x0000020dcd247800 JavaThread "WorkerExecutor Queue Thread 5" [_thread_blocked, id=3652, stack(0x000000b6e0d00000,0x000000b6e0e00000)]
  0x0000020dcd24a000 JavaThread "WorkerExecutor Queue Thread 6" [_thread_blocked, id=2196, stack(0x000000b6e0e00000,0x000000b6e0f00000)]
  0x0000020dcd246000 JavaThread "WorkerExecutor Queue Thread 7" [_thread_blocked, id=4100, stack(0x000000b6e0f00000,0x000000b6e1000000)]
  0x0000020dccfcd000 JavaThread "WorkerExecutor Queue Thread 8" [_thread_blocked, id=144, stack(0x000000b6e1000000,0x000000b6e1100000)]
  0x0000020dccfcd800 JavaThread "Java2D Disposer" daemon [_thread_blocked, id=12168, stack(0x000000b6e1100000,0x000000b6e1200000)]
  0x0000020dccfd0000 JavaThread "WorkerExecutor Queue Thread 9" [_thread_blocked, id=2252, stack(0x000000b6e0b00000,0x000000b6e0c00000)]

Other Threads:
=>0x0000020dc7542800 VMThread "VM Thread" [stack: 0x000000b6d6b00000,0x000000b6d6c00000] [id=1444]
  0x0000020dc76ee800 WatcherThread [stack: 0x000000b6d7500000,0x000000b6d7600000] [id=9396]
  0x0000020daca21000 GCTaskThread "GC Thread#0" [stack: 0x000000b6d6600000,0x000000b6d6700000] [id=1852]
  0x0000020dc8273000 GCTaskThread "GC Thread#1" [stack: 0x000000b6d7800000,0x000000b6d7900000] [id=13360]
  0x0000020dc8275800 GCTaskThread "GC Thread#2" [stack: 0x000000b6d7900000,0x000000b6d7a00000] [id=10336]
  0x0000020dc8cb1800 GCTaskThread "GC Thread#3" [stack: 0x000000b6d8500000,0x000000b6d8600000] [id=6992]
  0x0000020dc8c4e000 GCTaskThread "GC Thread#4" [stack: 0x000000b6d8600000,0x000000b6d8700000] [id=2708]
  0x0000020dc8d5f800 GCTaskThread "GC Thread#5" [stack: 0x000000b6d8700000,0x000000b6d8800000] [id=8400]
  0x0000020dc9731000 GCTaskThread "GC Thread#6" [stack: 0x000000b6d8800000,0x000000b6d8900000] [id=9816]
  0x0000020dc971b000 GCTaskThread "GC Thread#7" [stack: 0x000000b6d8900000,0x000000b6d8a00000] [id=5896]
  0x0000020daca54800 ConcurrentGCThread "G1 Main Marker" [stack: 0x000000b6d6700000,0x000000b6d6800000] [id=13324]
  0x0000020daca57800 ConcurrentGCThread "G1 Conc#0" [stack: 0x000000b6d6800000,0x000000b6d6900000] [id=2364]
  0x0000020dcaf1c800 ConcurrentGCThread "G1 Conc#1" [stack: 0x000000b6d8b00000,0x000000b6d8c00000] [id=8388]
  0x0000020dc6b50800 ConcurrentGCThread "G1 Refine#0" [stack: 0x000000b6d6900000,0x000000b6d6a00000] [id=1248]
  0x0000020dc6b51000 ConcurrentGCThread "G1 Young RemSet Sampling" [stack: 0x000000b6d6a00000,0x000000b6d6b00000] [id=4960]

Threads with active compile tasks:
C2 CompilerThread0  71405 15460 %     4       com.android.tools.r8.ir.regalloc.a::a @ 365 (950 bytes)
C2 CompilerThread1  71406 15901       4       com.android.tools.r8.v.b.Z0::a (455 bytes)

VM state:at safepoint (normal execution)

VM Mutex/Monitor currently owned by a thread:  ([mutex/lock_event])
[0x0000020daca0bbd0] Threads_lock - owner thread: 0x0000020dc7542800
[0x0000020daca0af70] Heap_lock - owner thread: 0x0000020dca210800

Heap address: 0x0000000080000000, size: 2048 MB, Compressed Oops mode: 32-bit
Narrow klass base: 0x0000000000000000, Narrow klass shift: 3
Compressed class space size: 1073741824 Address: 0x0000000100000000

Heap:
 garbage-first heap   total 361472K, used 122868K [0x0000000080000000, 0x0000000100000000)
  region size 1024K, 2 young (2048K), 2 survivors (2048K)
 Metaspace       used 106530K, capacity 109140K, committed 110028K, reserved 1144832K
  class space    used 13342K, capacity 14278K, committed 14592K, reserved 1048576K
Heap Regions: E=young(eden), S=young(survivor), O=old, HS=humongous(starts), HC=humongous(continues), CS=collection set, F=free, A=archive, TAMS=top-at-mark-start (previous, next)
|   0|0x0000000080000000, 0x0000000080100000, 0x0000000080100000|100%| O|  |TAMS 0x0000000080100000, 0x0000000080000000| Untracked 
|   1|0x0000000080100000, 0x0000000080200000, 0x0000000080200000|100%| O|  |TAMS 0x0000000080200000, 0x0000000080100000| Untracked 
|   2|0x0000000080200000, 0x0000000080300000, 0x0000000080300000|100%| O|  |TAMS 0x0000000080300000, 0x0000000080200000| Untracked 
|   3|0x0000000080300000, 0x0000000080400000, 0x0000000080400000|100%|HS|  |TAMS 0x0000000080400000, 0x0000000080300000| Complete 
|   4|0x0000000080400000, 0x0000000080500000, 0x0000000080500000|100%|HC|  |TAMS 0x0000000080500000, 0x0000000080400000| Complete 
|   5|0x0000000080500000, 0x0000000080600000, 0x0000000080600000|100%|HC|  |TAMS 0x0000000080600000, 0x0000000080500000| Complete 
|   6|0x0000000080600000, 0x0000000080700000, 0x0000000080700000|100%| O|  |TAMS 0x0000000080700000, 0x0000000080600000| Untracked 
|   7|0x0000000080700000, 0x0000000080800000, 0x0000000080800000|100%| O|  |TAMS 0x0000000080800000, 0x0000000080700000| Untracked 
|   8|0x0000000080800000, 0x0000000080900000, 0x0000000080900000|100%| O|  |TAMS 0x0000000080900000, 0x0000000080800000| Untracked 
|   9|0x0000000080900000, 0x0000000080a00000, 0x0000000080a00000|100%| O|  |TAMS 0x0000000080a00000, 0x0000000080900000| Untracked 
|  10|0x0000000080a00000, 0x0000000080b00000, 0x0000000080b00000|100%| O|  |TAMS 0x0000000080b00000, 0x0000000080a00000| Untracked 
|  11|0x0000000080b00000, 0x0000000080c00000, 0x0000000080c00000|100%| O|  |TAMS 0x0000000080c00000, 0x0000000080b00000| Untracked 
|  12|0x0000000080c00000, 0x0000000080d00000, 0x0000000080d00000|100%| O|  |TAMS 0x0000000080d00000, 0x0000000080c00000| Untracked 
|  13|0x0000000080d00000, 0x0000000080e00000, 0x0000000080e00000|100%| O|  |TAMS 0x0000000080e00000, 0x0000000080d00000| Untracked 
|  14|0x0000000080e00000, 0x0000000080f00000, 0x0000000080f00000|100%| O|  |TAMS 0x0000000080f00000, 0x0000000080e00000| Untracked 
|  15|0x0000000080f00000, 0x0000000081000000, 0x0000000081000000|100%| O|  |TAMS 0x0000000081000000, 0x0000000080f00000| Untracked 
|  16|0x0000000081000000, 0x0000000081100000, 0x0000000081100000|100%| O|  |TAMS 0x0000000081100000, 0x0000000081000000| Untracked 
|  17|0x0000000081100000, 0x0000000081200000, 0x0000000081200000|100%| O|  |TAMS 0x0000000081200000, 0x0000000081100000| Untracked 
|  18|0x0000000081200000, 0x0000000081300000, 0x0000000081300000|100%|HS|  |TAMS 0x0000000081300000, 0x0000000081200000| Complete 
|  19|0x0000000081300000, 0x0000000081400000, 0x0000000081400000|100%| O|  |TAMS 0x0000000081400000, 0x0000000081300000| Untracked 
|  20|0x0000000081400000, 0x0000000081500000, 0x0000000081500000|100%| O|  |TAMS 0x0000000081500000, 0x0000000081400000| Untracked 
|  21|0x0000000081500000, 0x0000000081600000, 0x0000000081600000|100%| O|  |TAMS 0x0000000081600000, 0x0000000081500000| Untracked 
|  22|0x0000000081600000, 0x0000000081700000, 0x0000000081700000|100%|HS|  |TAMS 0x0000000081700000, 0x0000000081600000| Complete 
|  23|0x0000000081700000, 0x0000000081800000, 0x0000000081800000|100%|HC|  |TAMS 0x0000000081800000, 0x0000000081700000| Complete 
|  24|0x0000000081800000, 0x0000000081900000, 0x0000000081900000|100%| O|  |TAMS 0x0000000081900000, 0x0000000081800000| Untracked 
|  25|0x0000000081900000, 0x0000000081a00000, 0x0000000081a00000|100%| O|  |TAMS 0x0000000081a00000, 0x0000000081900000| Untracked 
|  26|0x0000000081a00000, 0x0000000081b00000, 0x0000000081b00000|100%| O|  |TAMS 0x0000000081b00000, 0x0000000081a00000| Untracked 
|  27|0x0000000081b00000, 0x0000000081c00000, 0x0000000081c00000|100%| O|  |TAMS 0x0000000081c00000, 0x0000000081b00000| Untracked 
|  28|0x0000000081c00000, 0x0000000081d00000, 0x0000000081d00000|100%| O|  |TAMS 0x0000000081d00000, 0x0000000081c00000| Untracked 
|  29|0x0000000081d00000, 0x0000000081e00000, 0x0000000081e00000|100%| O|  |TAMS 0x0000000081e00000, 0x0000000081d00000| Untracked 
|  30|0x0000000081e00000, 0x0000000081f00000, 0x0000000081f00000|100%| O|  |TAMS 0x0000000081f00000, 0x0000000081e00000| Untracked 
|  31|0x0000000081f00000, 0x0000000082000000, 0x0000000082000000|100%| O|  |TAMS 0x0000000082000000, 0x0000000081f00000| Untracked 
|  32|0x0000000082000000, 0x0000000082100000, 0x0000000082100000|100%| O|  |TAMS 0x0000000082100000, 0x0000000082000000| Untracked 
|  33|0x0000000082100000, 0x0000000082200000, 0x0000000082200000|100%| O|  |TAMS 0x0000000082200000, 0x0000000082100000| Untracked 
|  34|0x0000000082200000, 0x0000000082300000, 0x0000000082300000|100%| O|  |TAMS 0x0000000082300000, 0x0000000082200000| Untracked 
|  35|0x0000000082300000, 0x0000000082400000, 0x0000000082400000|100%| O|  |TAMS 0x0000000082400000, 0x0000000082300000| Untracked 
|  36|0x0000000082400000, 0x0000000082500000, 0x0000000082500000|100%| O|  |TAMS 0x0000000082500000, 0x0000000082400000| Untracked 
|  37|0x0000000082500000, 0x0000000082600000, 0x0000000082600000|100%| O|  |TAMS 0x0000000082600000, 0x0000000082500000| Untracked 
|  38|0x0000000082600000, 0x0000000082700000, 0x0000000082700000|100%| O|  |TAMS 0x0000000082700000, 0x0000000082600000| Untracked 
|  39|0x0000000082700000, 0x0000000082800000, 0x0000000082800000|100%| O|  |TAMS 0x0000000082800000, 0x0000000082700000| Untracked 
|  40|0x0000000082800000, 0x0000000082900000, 0x0000000082900000|100%| O|  |TAMS 0x0000000082900000, 0x0000000082800000| Untracked 
|  41|0x0000000082900000, 0x0000000082a00000, 0x0000000082a00000|100%| O|  |TAMS 0x0000000082a00000, 0x0000000082900000| Untracked 
|  42|0x0000000082a00000, 0x0000000082b00000, 0x0000000082b00000|100%| O|  |TAMS 0x0000000082b00000, 0x0000000082a00000| Untracked 
|  43|0x0000000082b00000, 0x0000000082c00000, 0x0000000082c00000|100%| O|  |TAMS 0x0000000082c00000, 0x0000000082b00000| Untracked 
|  44|0x0000000082c00000, 0x0000000082d00000, 0x0000000082d00000|100%| O|  |TAMS 0x0000000082d00000, 0x0000000082c00000| Untracked 
|  45|0x0000000082d00000, 0x0000000082e00000, 0x0000000082e00000|100%| O|  |TAMS 0x0000000082e00000, 0x0000000082d00000| Untracked 
|  46|0x0000000082e00000, 0x0000000082f00000, 0x0000000082f00000|100%| O|  |TAMS 0x0000000082f00000, 0x0000000082e00000| Untracked 
|  47|0x0000000082f00000, 0x0000000083000000, 0x0000000083000000|100%| O|  |TAMS 0x0000000083000000, 0x0000000082f00000| Untracked 
|  48|0x0000000083000000, 0x0000000083100000, 0x0000000083100000|100%| O|  |TAMS 0x0000000083100000, 0x0000000083000000| Untracked 
|  49|0x0000000083100000, 0x0000000083200000, 0x0000000083200000|100%| O|  |TAMS 0x0000000083200000, 0x0000000083100000| Untracked 
|  50|0x0000000083200000, 0x0000000083300000, 0x0000000083300000|100%| O|  |TAMS 0x0000000083300000, 0x0000000083200000| Untracked 
|  51|0x0000000083300000, 0x0000000083400000, 0x0000000083400000|100%| O|  |TAMS 0x0000000083400000, 0x0000000083300000| Untracked 
|  52|0x0000000083400000, 0x0000000083500000, 0x0000000083500000|100%| O|  |TAMS 0x0000000083500000, 0x0000000083400000| Untracked 
|  53|0x0000000083500000, 0x0000000083600000, 0x0000000083600000|100%| O|  |TAMS 0x0000000083600000, 0x0000000083500000| Untracked 
|  54|0x0000000083600000, 0x0000000083600000, 0x0000000083700000|  0%| F|  |TAMS 0x0000000083600000, 0x0000000083600000| Untracked 
|  55|0x0000000083700000, 0x0000000083800000, 0x0000000083800000|100%| O|  |TAMS 0x0000000083800000, 0x0000000083700000| Untracked 
|  56|0x0000000083800000, 0x0000000083900000, 0x0000000083900000|100%| O|  |TAMS 0x0000000083900000, 0x0000000083800000| Untracked 
|  57|0x0000000083900000, 0x0000000083900000, 0x0000000083a00000|  0%| F|  |TAMS 0x0000000083900000, 0x0000000083900000| Untracked 
|  58|0x0000000083a00000, 0x0000000083a00000, 0x0000000083b00000|  0%| F|  |TAMS 0x0000000083a00000, 0x0000000083a00000| Untracked 
|  59|0x0000000083b00000, 0x0000000083c00000, 0x0000000083c00000|100%| O|  |TAMS 0x0000000083c00000, 0x0000000083b00000| Untracked 
|  60|0x0000000083c00000, 0x0000000083c00000, 0x0000000083d00000|  0%| F|  |TAMS 0x0000000083c00000, 0x0000000083c00000| Untracked 
|  61|0x0000000083d00000, 0x0000000083e00000, 0x0000000083e00000|100%| O|  |TAMS 0x0000000083e00000, 0x0000000083d00000| Untracked 
|  62|0x0000000083e00000, 0x0000000083e00000, 0x0000000083f00000|  0%| F|  |TAMS 0x0000000083e00000, 0x0000000083e00000| Untracked 
|  63|0x0000000083f00000, 0x0000000084000000, 0x0000000084000000|100%|HS|  |TAMS 0x0000000084000000, 0x0000000083f00000| Complete 
|  64|0x0000000084000000, 0x0000000084100000, 0x0000000084100000|100%|HC|  |TAMS 0x0000000084100000, 0x0000000084000000| Complete 
|  65|0x0000000084100000, 0x0000000084200000, 0x0000000084200000|100%| O|  |TAMS 0x0000000084200000, 0x0000000084100000| Untracked 
|  66|0x0000000084200000, 0x0000000084300000, 0x0000000084300000|100%| O|  |TAMS 0x0000000084300000, 0x0000000084200000| Untracked 
|  67|0x0000000084300000, 0x0000000084300000, 0x0000000084400000|  0%| F|  |TAMS 0x0000000084300000, 0x0000000084300000| Untracked 
|  68|0x0000000084400000, 0x0000000084500000, 0x0000000084500000|100%| O|  |TAMS 0x0000000084400000, 0x0000000084400000| Untracked 
|  69|0x0000000084500000, 0x0000000084500000, 0x0000000084600000|  0%| F|  |TAMS 0x0000000084500000, 0x0000000084500000| Untracked 
|  70|0x0000000084600000, 0x0000000084700000, 0x0000000084700000|100%| O|  |TAMS 0x0000000084700000, 0x0000000084600000| Untracked 
|  71|0x0000000084700000, 0x0000000084800000, 0x0000000084800000|100%| O|  |TAMS 0x0000000084800000, 0x0000000084700000| Untracked 
|  72|0x0000000084800000, 0x0000000084900000, 0x0000000084900000|100%| O|  |TAMS 0x0000000084900000, 0x0000000084800000| Untracked 
|  73|0x0000000084900000, 0x0000000084a00000, 0x0000000084a00000|100%| O|  |TAMS 0x0000000084a00000, 0x0000000084900000| Untracked 
|  74|0x0000000084a00000, 0x0000000084b00000, 0x0000000084b00000|100%| O|  |TAMS 0x0000000084b00000, 0x0000000084a00000| Untracked 
|  75|0x0000000084b00000, 0x0000000084b00000, 0x0000000084c00000|  0%| F|  |TAMS 0x0000000084b00000, 0x0000000084b00000| Untracked 
|  76|0x0000000084c00000, 0x0000000084d00000, 0x0000000084d00000|100%| O|  |TAMS 0x0000000084d00000, 0x0000000084c00000| Untracked 
|  77|0x0000000084d00000, 0x0000000084e00000, 0x0000000084e00000|100%| O|  |TAMS 0x0000000084e00000, 0x0000000084d00000| Untracked 
|  78|0x0000000084e00000, 0x0000000084f00000, 0x0000000084f00000|100%| O|  |TAMS 0x0000000084f00000, 0x0000000084e00000| Untracked 
|  79|0x0000000084f00000, 0x0000000084f00000, 0x0000000085000000|  0%| F|  |TAMS 0x0000000084f00000, 0x0000000084f00000| Untracked 
|  80|0x0000000085000000, 0x0000000085000000, 0x0000000085100000|  0%| F|  |TAMS 0x0000000085000000, 0x0000000085000000| Untracked 
|  81|0x0000000085100000, 0x0000000085100000, 0x0000000085200000|  0%| F|  |TAMS 0x0000000085100000, 0x0000000085100000| Untracked 
|  82|0x0000000085200000, 0x0000000085300000, 0x0000000085300000|100%| O|  |TAMS 0x0000000085300000, 0x0000000085200000| Untracked 
|  83|0x0000000085300000, 0x0000000085300000, 0x0000000085400000|  0%| F|  |TAMS 0x0000000085300000, 0x0000000085300000| Untracked 
|  84|0x0000000085400000, 0x0000000085500000, 0x0000000085500000|100%| O|  |TAMS 0x0000000085500000, 0x0000000085400000| Untracked 
|  85|0x0000000085500000, 0x0000000085600000, 0x0000000085600000|100%| O|  |TAMS 0x0000000085600000, 0x0000000085500000| Untracked 
|  86|0x0000000085600000, 0x0000000085700000, 0x0000000085700000|100%| O|  |TAMS 0x0000000085700000, 0x0000000085600000| Untracked 
|  87|0x0000000085700000, 0x0000000085700000, 0x0000000085800000|  0%| F|  |TAMS 0x0000000085700000, 0x0000000085700000| Untracked 
|  88|0x0000000085800000, 0x0000000085900000, 0x0000000085900000|100%| O|  |TAMS 0x0000000085900000, 0x0000000085800000| Untracked 
|  89|0x0000000085900000, 0x0000000085a00000, 0x0000000085a00000|100%| O|  |TAMS 0x0000000085a00000, 0x0000000085900000| Untracked 
|  90|0x0000000085a00000, 0x0000000085b00000, 0x0000000085b00000|100%| O|  |TAMS 0x0000000085b00000, 0x0000000085a00000| Untracked 
|  91|0x0000000085b00000, 0x0000000085b00000, 0x0000000085c00000|  0%| F|  |TAMS 0x0000000085b00000, 0x0000000085b00000| Untracked 
|  92|0x0000000085c00000, 0x0000000085d00000, 0x0000000085d00000|100%| O|  |TAMS 0x0000000085d00000, 0x0000000085c00000| Untracked 
|  93|0x0000000085d00000, 0x0000000085e00000, 0x0000000085e00000|100%| O|  |TAMS 0x0000000085e00000, 0x0000000085d00000| Untracked 
|  94|0x0000000085e00000, 0x0000000085f00000, 0x0000000085f00000|100%| O|  |TAMS 0x0000000085f00000, 0x0000000085e00000| Untracked 
|  95|0x0000000085f00000, 0x0000000085f00000, 0x0000000086000000|  0%| F|  |TAMS 0x0000000085f00000, 0x0000000085f00000| Untracked 
|  96|0x0000000086000000, 0x0000000086000000, 0x0000000086100000|  0%| F|  |TAMS 0x0000000086000000, 0x0000000086000000| Untracked 
|  97|0x0000000086100000, 0x0000000086200000, 0x0000000086200000|100%| O|  |TAMS 0x0000000086200000, 0x0000000086100000| Untracked 
|  98|0x0000000086200000, 0x0000000086200000, 0x0000000086300000|  0%| F|  |TAMS 0x0000000086200000, 0x0000000086200000| Untracked 
|  99|0x0000000086300000, 0x0000000086400000, 0x0000000086400000|100%| O|  |TAMS 0x0000000086400000, 0x0000000086300000| Untracked 
| 100|0x0000000086400000, 0x0000000086400000, 0x0000000086500000|  0%| F|  |TAMS 0x0000000086400000, 0x0000000086400000| Untracked 
| 101|0x0000000086500000, 0x0000000086600000, 0x0000000086600000|100%| O|  |TAMS 0x0000000086600000, 0x0000000086500000| Untracked 
| 102|0x0000000086600000, 0x0000000086700000, 0x0000000086700000|100%| O|  |TAMS 0x0000000086700000, 0x0000000086600000| Untracked 
| 103|0x0000000086700000, 0x0000000086800000, 0x0000000086800000|100%| O|  |TAMS 0x0000000086800000, 0x0000000086700000| Untracked 
| 104|0x0000000086800000, 0x0000000086900000, 0x0000000086900000|100%| O|  |TAMS 0x0000000086900000, 0x0000000086800000| Untracked 
| 105|0x0000000086900000, 0x0000000086a00000, 0x0000000086a00000|100%| O|  |TAMS 0x0000000086a00000, 0x0000000086900000| Untracked 
| 106|0x0000000086a00000, 0x0000000086b00000, 0x0000000086b00000|100%| O|  |TAMS 0x0000000086b00000, 0x0000000086a00000| Untracked 
| 107|0x0000000086b00000, 0x0000000086c00000, 0x0000000086c00000|100%| O|  |TAMS 0x0000000086c00000, 0x0000000086b00000| Untracked 
| 108|0x0000000086c00000, 0x0000000086c00000, 0x0000000086d00000|  0%| F|  |TAMS 0x0000000086c00000, 0x0000000086c00000| Untracked 
| 109|0x0000000086d00000, 0x0000000086d00000, 0x0000000086e00000|  0%| F|  |TAMS 0x0000000086d00000, 0x0000000086d00000| Untracked 
| 110|0x0000000086e00000, 0x0000000086f00000, 0x0000000086f00000|100%| O|  |TAMS 0x0000000086f00000, 0x0000000086e00000| Untracked 
| 111|0x0000000086f00000, 0x0000000087000000, 0x0000000087000000|100%| O|  |TAMS 0x0000000087000000, 0x0000000086f00000| Untracked 
| 112|0x0000000087000000, 0x0000000087100000, 0x0000000087100000|100%| O|  |TAMS 0x0000000087100000, 0x0000000087000000| Untracked 
| 113|0x0000000087100000, 0x0000000087200000, 0x0000000087200000|100%| O|  |TAMS 0x0000000087200000, 0x0000000087100000| Untracked 
| 114|0x0000000087200000, 0x0000000087300000, 0x0000000087300000|100%| O|  |TAMS 0x0000000087300000, 0x0000000087200000| Untracked 
| 115|0x0000000087300000, 0x0000000087400000, 0x0000000087400000|100%| O|  |TAMS 0x0000000087400000, 0x0000000087300000| Untracked 
| 116|0x0000000087400000, 0x0000000087500000, 0x0000000087500000|100%| O|  |TAMS 0x0000000087500000, 0x0000000087400000| Untracked 
| 117|0x0000000087500000, 0x0000000087600000, 0x0000000087600000|100%| O|  |TAMS 0x0000000087600000, 0x0000000087500000| Untracked 
| 118|0x0000000087600000, 0x0000000087700000, 0x0000000087700000|100%| O|  |TAMS 0x0000000087700000, 0x0000000087600000| Untracked 
| 119|0x0000000087700000, 0x0000000087800000, 0x0000000087800000|100%| O|  |TAMS 0x0000000087800000, 0x0000000087700000| Untracked 
| 120|0x0000000087800000, 0x0000000087900000, 0x0000000087900000|100%| O|  |TAMS 0x0000000087900000, 0x0000000087800000| Untracked 
| 121|0x0000000087900000, 0x0000000087a00000, 0x0000000087a00000|100%| O|  |TAMS 0x0000000087a00000, 0x0000000087900000| Untracked 
| 122|0x0000000087a00000, 0x0000000087b00000, 0x0000000087b00000|100%| O|  |TAMS 0x0000000087b00000, 0x0000000087a00000| Untracked 
| 123|0x0000000087b00000, 0x0000000087c00000, 0x0000000087c00000|100%| O|  |TAMS 0x0000000087c00000, 0x0000000087b00000| Untracked 
| 124|0x0000000087c00000, 0x0000000087d00000, 0x0000000087d00000|100%| O|  |TAMS 0x0000000087d00000, 0x0000000087c00000| Untracked 
| 125|0x0000000087d00000, 0x0000000087e00000, 0x0000000087e00000|100%| O|  |TAMS 0x0000000087e00000, 0x0000000087d00000| Untracked 
| 126|0x0000000087e00000, 0x0000000087f00000, 0x0000000087f00000|100%| O|  |TAMS 0x0000000087f00000, 0x0000000087e00000| Untracked 
| 127|0x0000000087f00000, 0x0000000088000000, 0x0000000088000000|100%| O|  |TAMS 0x0000000088000000, 0x0000000087f00000| Untracked 
| 128|0x0000000088000000, 0x0000000088100000, 0x0000000088100000|100%| O|  |TAMS 0x0000000088100000, 0x0000000088000000| Untracked 
| 129|0x0000000088100000, 0x0000000088200000, 0x0000000088200000|100%| O|  |TAMS 0x0000000088200000, 0x0000000088100000| Untracked 
| 130|0x0000000088200000, 0x0000000088300000, 0x0000000088300000|100%| O|  |TAMS 0x0000000088300000, 0x0000000088200000| Untracked 
| 131|0x0000000088300000, 0x0000000088300000, 0x0000000088400000|  0%| F|  |TAMS 0x0000000088300000, 0x0000000088300000| Untracked 
| 132|0x0000000088400000, 0x0000000088500000, 0x0000000088500000|100%| O|  |TAMS 0x0000000088400000, 0x0000000088400000| Untracked 
| 133|0x0000000088500000, 0x0000000088600000, 0x0000000088600000|100%| O|  |TAMS 0x0000000088500000, 0x0000000088500000| Untracked 
| 134|0x0000000088600000, 0x0000000088700000, 0x0000000088700000|100%| O|  |TAMS 0x0000000088600000, 0x0000000088600000| Untracked 
| 135|0x0000000088700000, 0x0000000088800000, 0x0000000088800000|100%| O|  |TAMS 0x0000000088700000, 0x0000000088700000| Untracked 
| 136|0x0000000088800000, 0x0000000088900000, 0x0000000088900000|100%| O|  |TAMS 0x0000000088800000, 0x0000000088800000| Untracked 
| 137|0x0000000088900000, 0x0000000088a00000, 0x0000000088a00000|100%| O|  |TAMS 0x0000000088900000, 0x0000000088900000| Untracked 
| 138|0x0000000088a00000, 0x0000000088b00000, 0x0000000088b00000|100%| O|  |TAMS 0x0000000088a00000, 0x0000000088a00000| Untracked 
| 139|0x0000000088b00000, 0x0000000088b4f800, 0x0000000088c00000| 31%| O|  |TAMS 0x0000000088b00000, 0x0000000088b00000| Untracked 
| 140|0x0000000088c00000, 0x0000000088c00000, 0x0000000088d00000|  0%| F|  |TAMS 0x0000000088c00000, 0x0000000088c00000| Untracked 
| 141|0x0000000088d00000, 0x0000000088d00000, 0x0000000088e00000|  0%| F|  |TAMS 0x0000000088d00000, 0x0000000088d00000| Untracked 
| 142|0x0000000088e00000, 0x0000000088e00000, 0x0000000088f00000|  0%| F|  |TAMS 0x0000000088e00000, 0x0000000088e00000| Untracked 
| 143|0x0000000088f00000, 0x0000000088f00000, 0x0000000089000000|  0%| F|  |TAMS 0x0000000088f00000, 0x0000000088f00000| Untracked 
| 144|0x0000000089000000, 0x0000000089000000, 0x0000000089100000|  0%| F|  |TAMS 0x0000000089000000, 0x0000000089000000| Untracked 
| 145|0x0000000089100000, 0x0000000089100000, 0x0000000089200000|  0%| F|  |TAMS 0x0000000089100000, 0x0000000089100000| Untracked 
| 146|0x0000000089200000, 0x0000000089200000, 0x0000000089300000|  0%| F|  |TAMS 0x0000000089200000, 0x0000000089200000| Untracked 
| 147|0x0000000089300000, 0x0000000089300000, 0x0000000089400000|  0%| F|  |TAMS 0x0000000089300000, 0x0000000089300000| Untracked 
| 148|0x0000000089400000, 0x0000000089400000, 0x0000000089500000|  0%| F|  |TAMS 0x0000000089400000, 0x0000000089400000| Untracked 
| 149|0x0000000089500000, 0x0000000089500000, 0x0000000089600000|  0%| F|  |TAMS 0x0000000089500000, 0x0000000089500000| Untracked 
| 150|0x0000000089600000, 0x0000000089600000, 0x0000000089700000|  0%| F|  |TAMS 0x0000000089600000, 0x0000000089600000| Untracked 
| 151|0x0000000089700000, 0x0000000089700000, 0x0000000089800000|  0%| F|  |TAMS 0x0000000089700000, 0x0000000089700000| Untracked 
| 152|0x0000000089800000, 0x0000000089800000, 0x0000000089900000|  0%| F|  |TAMS 0x0000000089800000, 0x0000000089800000| Untracked 
| 153|0x0000000089900000, 0x0000000089900000, 0x0000000089a00000|  0%| F|  |TAMS 0x0000000089900000, 0x0000000089900000| Untracked 
| 154|0x0000000089a00000, 0x0000000089a00000, 0x0000000089b00000|  0%| F|  |TAMS 0x0000000089a00000, 0x0000000089a00000| Untracked 
| 155|0x0000000089b00000, 0x0000000089b00000, 0x0000000089c00000|  0%| F|  |TAMS 0x0000000089b00000, 0x0000000089b00000| Untracked 
| 156|0x0000000089c00000, 0x0000000089c00000, 0x0000000089d00000|  0%| F|  |TAMS 0x0000000089c00000, 0x0000000089c00000| Untracked 
| 157|0x0000000089d00000, 0x0000000089d00000, 0x0000000089e00000|  0%| F|  |TAMS 0x0000000089d00000, 0x0000000089d00000| Untracked 
| 158|0x0000000089e00000, 0x0000000089e00000, 0x0000000089f00000|  0%| F|  |TAMS 0x0000000089e00000, 0x0000000089e00000| Untracked 
| 159|0x0000000089f00000, 0x0000000089f00000, 0x000000008a000000|  0%| F|  |TAMS 0x0000000089f00000, 0x0000000089f00000| Untracked 
| 160|0x000000008a000000, 0x000000008a000000, 0x000000008a100000|  0%| F|  |TAMS 0x000000008a000000, 0x000000008a000000| Untracked 
| 161|0x000000008a100000, 0x000000008a100000, 0x000000008a200000|  0%| F|  |TAMS 0x000000008a100000, 0x000000008a100000| Untracked 
| 162|0x000000008a200000, 0x000000008a200000, 0x000000008a300000|  0%| F|  |TAMS 0x000000008a200000, 0x000000008a200000| Untracked 
| 163|0x000000008a300000, 0x000000008a300000, 0x000000008a400000|  0%| F|  |TAMS 0x000000008a300000, 0x000000008a300000| Untracked 
| 164|0x000000008a400000, 0x000000008a400000, 0x000000008a500000|  0%| F|  |TAMS 0x000000008a400000, 0x000000008a400000| Untracked 
| 165|0x000000008a500000, 0x000000008a500000, 0x000000008a600000|  0%| F|  |TAMS 0x000000008a500000, 0x000000008a500000| Untracked 
| 166|0x000000008a600000, 0x000000008a600000, 0x000000008a700000|  0%| F|  |TAMS 0x000000008a600000, 0x000000008a600000| Untracked 
| 167|0x000000008a700000, 0x000000008a700000, 0x000000008a800000|  0%| F|  |TAMS 0x000000008a700000, 0x000000008a700000| Untracked 
| 168|0x000000008a800000, 0x000000008a800000, 0x000000008a900000|  0%| F|  |TAMS 0x000000008a800000, 0x000000008a800000| Untracked 
| 169|0x000000008a900000, 0x000000008a900000, 0x000000008aa00000|  0%| F|  |TAMS 0x000000008a900000, 0x000000008a900000| Untracked 
| 170|0x000000008aa00000, 0x000000008aa00000, 0x000000008ab00000|  0%| F|  |TAMS 0x000000008aa00000, 0x000000008aa00000| Untracked 
| 171|0x000000008ab00000, 0x000000008ab00000, 0x000000008ac00000|  0%| F|  |TAMS 0x000000008ab00000, 0x000000008ab00000| Untracked 
| 172|0x000000008ac00000, 0x000000008ac00000, 0x000000008ad00000|  0%| F|  |TAMS 0x000000008ac00000, 0x000000008ac00000| Untracked 
| 173|0x000000008ad00000, 0x000000008ad00000, 0x000000008ae00000|  0%| F|  |TAMS 0x000000008ad00000, 0x000000008ad00000| Untracked 
| 174|0x000000008ae00000, 0x000000008ae00000, 0x000000008af00000|  0%| F|  |TAMS 0x000000008ae00000, 0x000000008ae00000| Untracked 
| 175|0x000000008af00000, 0x000000008af00000, 0x000000008b000000|  0%| F|  |TAMS 0x000000008af00000, 0x000000008af00000| Untracked 
| 176|0x000000008b000000, 0x000000008b000000, 0x000000008b100000|  0%| F|  |TAMS 0x000000008b000000, 0x000000008b000000| Untracked 
| 177|0x000000008b100000, 0x000000008b100000, 0x000000008b200000|  0%| F|  |TAMS 0x000000008b100000, 0x000000008b100000| Untracked 
| 178|0x000000008b200000, 0x000000008b200000, 0x000000008b300000|  0%| F|  |TAMS 0x000000008b200000, 0x000000008b200000| Untracked 
| 179|0x000000008b300000, 0x000000008b300000, 0x000000008b400000|  0%| F|  |TAMS 0x000000008b300000, 0x000000008b300000| Untracked 
| 180|0x000000008b400000, 0x000000008b400000, 0x000000008b500000|  0%| F|  |TAMS 0x000000008b400000, 0x000000008b400000| Untracked 
| 181|0x000000008b500000, 0x000000008b500000, 0x000000008b600000|  0%| F|  |TAMS 0x000000008b500000, 0x000000008b500000| Untracked 
| 182|0x000000008b600000, 0x000000008b600000, 0x000000008b700000|  0%| F|  |TAMS 0x000000008b600000, 0x000000008b600000| Untracked 
| 183|0x000000008b700000, 0x000000008b700000, 0x000000008b800000|  0%| F|  |TAMS 0x000000008b700000, 0x000000008b700000| Untracked 
| 184|0x000000008b800000, 0x000000008b800000, 0x000000008b900000|  0%| F|  |TAMS 0x000000008b800000, 0x000000008b800000| Untracked 
| 185|0x000000008b900000, 0x000000008b900000, 0x000000008ba00000|  0%| F|  |TAMS 0x000000008b900000, 0x000000008b900000| Untracked 
| 186|0x000000008ba00000, 0x000000008ba00000, 0x000000008bb00000|  0%| F|  |TAMS 0x000000008ba00000, 0x000000008ba00000| Untracked 
| 187|0x000000008bb00000, 0x000000008bb00000, 0x000000008bc00000|  0%| F|  |TAMS 0x000000008bb00000, 0x000000008bb00000| Untracked 
| 188|0x000000008bc00000, 0x000000008bc00000, 0x000000008bd00000|  0%| F|  |TAMS 0x000000008bc00000, 0x000000008bc00000| Untracked 
| 189|0x000000008bd00000, 0x000000008bdada90, 0x000000008be00000| 67%| S|CS|TAMS 0x000000008bd00000, 0x000000008bd00000| Complete 
| 190|0x000000008be00000, 0x000000008bf00000, 0x000000008bf00000|100%| S|CS|TAMS 0x000000008be00000, 0x000000008be00000| Complete 
| 191|0x000000008bf00000, 0x000000008bf00000, 0x000000008c000000|  0%| F|  |TAMS 0x000000008bf00000, 0x000000008bf00000| Untracked 
| 192|0x000000008c000000, 0x000000008c000000, 0x000000008c100000|  0%| F|  |TAMS 0x000000008c000000, 0x000000008c000000| Untracked 
| 193|0x000000008c100000, 0x000000008c100000, 0x000000008c200000|  0%| F|  |TAMS 0x000000008c100000, 0x000000008c100000| Untracked 
| 194|0x000000008c200000, 0x000000008c200000, 0x000000008c300000|  0%| F|  |TAMS 0x000000008c200000, 0x000000008c200000| Untracked 
| 195|0x000000008c300000, 0x000000008c300000, 0x000000008c400000|  0%| F|  |TAMS 0x000000008c300000, 0x000000008c300000| Untracked 
| 196|0x000000008c400000, 0x000000008c400000, 0x000000008c500000|  0%| F|  |TAMS 0x000000008c400000, 0x000000008c400000| Untracked 
| 197|0x000000008c500000, 0x000000008c500000, 0x000000008c600000|  0%| F|  |TAMS 0x000000008c500000, 0x000000008c500000| Untracked 
| 198|0x000000008c600000, 0x000000008c600000, 0x000000008c700000|  0%| F|  |TAMS 0x000000008c600000, 0x000000008c600000| Untracked 
| 199|0x000000008c700000, 0x000000008c700000, 0x000000008c800000|  0%| F|  |TAMS 0x000000008c700000, 0x000000008c700000| Untracked 
| 200|0x000000008c800000, 0x000000008c800000, 0x000000008c900000|  0%| F|  |TAMS 0x000000008c800000, 0x000000008c800000| Untracked 
| 201|0x000000008c900000, 0x000000008c900000, 0x000000008ca00000|  0%| F|  |TAMS 0x000000008c900000, 0x000000008c900000| Untracked 
| 202|0x000000008ca00000, 0x000000008ca00000, 0x000000008cb00000|  0%| F|  |TAMS 0x000000008ca00000, 0x000000008ca00000| Untracked 
| 203|0x000000008cb00000, 0x000000008cb00000, 0x000000008cc00000|  0%| F|  |TAMS 0x000000008cb00000, 0x000000008cb00000| Untracked 
| 204|0x000000008cc00000, 0x000000008cc00000, 0x000000008cd00000|  0%| F|  |TAMS 0x000000008cc00000, 0x000000008cc00000| Untracked 
| 205|0x000000008cd00000, 0x000000008cd00000, 0x000000008ce00000|  0%| F|  |TAMS 0x000000008cd00000, 0x000000008cd00000| Untracked 
| 206|0x000000008ce00000, 0x000000008ce00000, 0x000000008cf00000|  0%| F|  |TAMS 0x000000008ce00000, 0x000000008ce00000| Untracked 
| 207|0x000000008cf00000, 0x000000008cf00000, 0x000000008d000000|  0%| F|  |TAMS 0x000000008cf00000, 0x000000008cf00000| Untracked 
| 208|0x000000008d000000, 0x000000008d000000, 0x000000008d100000|  0%| F|  |TAMS 0x000000008d000000, 0x000000008d000000| Untracked 
| 209|0x000000008d100000, 0x000000008d100000, 0x000000008d200000|  0%| F|  |TAMS 0x000000008d100000, 0x000000008d100000| Untracked 
| 210|0x000000008d200000, 0x000000008d200000, 0x000000008d300000|  0%| F|  |TAMS 0x000000008d200000, 0x000000008d200000| Untracked 
| 211|0x000000008d300000, 0x000000008d300000, 0x000000008d400000|  0%| F|  |TAMS 0x000000008d300000, 0x000000008d300000| Untracked 
| 212|0x000000008d400000, 0x000000008d400000, 0x000000008d500000|  0%| F|  |TAMS 0x000000008d400000, 0x000000008d400000| Untracked 
| 213|0x000000008d500000, 0x000000008d500000, 0x000000008d600000|  0%| F|  |TAMS 0x000000008d500000, 0x000000008d500000| Untracked 
| 214|0x000000008d600000, 0x000000008d600000, 0x000000008d700000|  0%| F|  |TAMS 0x000000008d600000, 0x000000008d600000| Untracked 
| 215|0x000000008d700000, 0x000000008d700000, 0x000000008d800000|  0%| F|  |TAMS 0x000000008d700000, 0x000000008d700000| Untracked 
| 216|0x000000008d800000, 0x000000008d800000, 0x000000008d900000|  0%| F|  |TAMS 0x000000008d800000, 0x000000008d800000| Untracked 
| 217|0x000000008d900000, 0x000000008d900000, 0x000000008da00000|  0%| F|  |TAMS 0x000000008d900000, 0x000000008d900000| Untracked 
| 218|0x000000008da00000, 0x000000008da00000, 0x000000008db00000|  0%| F|  |TAMS 0x000000008da00000, 0x000000008da00000| Untracked 
| 219|0x000000008db00000, 0x000000008db00000, 0x000000008dc00000|  0%| F|  |TAMS 0x000000008db00000, 0x000000008db00000| Untracked 
| 220|0x000000008dc00000, 0x000000008dc00000, 0x000000008dd00000|  0%| F|  |TAMS 0x000000008dc00000, 0x000000008dc00000| Untracked 
| 221|0x000000008dd00000, 0x000000008dd00000, 0x000000008de00000|  0%| F|  |TAMS 0x000000008dd00000, 0x000000008dd00000| Untracked 
| 222|0x000000008de00000, 0x000000008de00000, 0x000000008df00000|  0%| F|  |TAMS 0x000000008de00000, 0x000000008de00000| Untracked 
| 223|0x000000008df00000, 0x000000008df00000, 0x000000008e000000|  0%| F|  |TAMS 0x000000008df00000, 0x000000008df00000| Untracked 
| 224|0x000000008e000000, 0x000000008e000000, 0x000000008e100000|  0%| F|  |TAMS 0x000000008e000000, 0x000000008e000000| Untracked 
| 225|0x000000008e100000, 0x000000008e100000, 0x000000008e200000|  0%| F|  |TAMS 0x000000008e100000, 0x000000008e100000| Untracked 
| 226|0x000000008e200000, 0x000000008e200000, 0x000000008e300000|  0%| F|  |TAMS 0x000000008e200000, 0x000000008e200000| Untracked 
| 227|0x000000008e300000, 0x000000008e300000, 0x000000008e400000|  0%| F|  |TAMS 0x000000008e300000, 0x000000008e300000| Untracked 
| 228|0x000000008e400000, 0x000000008e400000, 0x000000008e500000|  0%| F|  |TAMS 0x000000008e400000, 0x000000008e400000| Untracked 
| 229|0x000000008e500000, 0x000000008e500000, 0x000000008e600000|  0%| F|  |TAMS 0x000000008e500000, 0x000000008e500000| Untracked 
| 230|0x000000008e600000, 0x000000008e600000, 0x000000008e700000|  0%| F|  |TAMS 0x000000008e600000, 0x000000008e600000| Untracked 
| 231|0x000000008e700000, 0x000000008e700000, 0x000000008e800000|  0%| F|  |TAMS 0x000000008e700000, 0x000000008e700000| Untracked 
| 232|0x000000008e800000, 0x000000008e800000, 0x000000008e900000|  0%| F|  |TAMS 0x000000008e800000, 0x000000008e800000| Untracked 
| 233|0x000000008e900000, 0x000000008e900000, 0x000000008ea00000|  0%| F|  |TAMS 0x000000008e900000, 0x000000008e900000| Untracked 
| 234|0x000000008ea00000, 0x000000008ea00000, 0x000000008eb00000|  0%| F|  |TAMS 0x000000008ea00000, 0x000000008ea00000| Untracked 
| 235|0x000000008eb00000, 0x000000008eb00000, 0x000000008ec00000|  0%| F|  |TAMS 0x000000008eb00000, 0x000000008eb00000| Untracked 
| 236|0x000000008ec00000, 0x000000008ec00000, 0x000000008ed00000|  0%| F|  |TAMS 0x000000008ec00000, 0x000000008ec00000| Untracked 
| 237|0x000000008ed00000, 0x000000008ed00000, 0x000000008ee00000|  0%| F|  |TAMS 0x000000008ed00000, 0x000000008ed00000| Untracked 
| 238|0x000000008ee00000, 0x000000008ee00000, 0x000000008ef00000|  0%| F|  |TAMS 0x000000008ee00000, 0x000000008ee00000| Untracked 
| 239|0x000000008ef00000, 0x000000008ef00000, 0x000000008f000000|  0%| F|  |TAMS 0x000000008ef00000, 0x000000008ef00000| Untracked 
| 240|0x000000008f000000, 0x000000008f000000, 0x000000008f100000|  0%| F|  |TAMS 0x000000008f000000, 0x000000008f000000| Untracked 
| 241|0x000000008f100000, 0x000000008f100000, 0x000000008f200000|  0%| F|  |TAMS 0x000000008f100000, 0x000000008f100000| Untracked 
| 242|0x000000008f200000, 0x000000008f200000, 0x000000008f300000|  0%| F|  |TAMS 0x000000008f200000, 0x000000008f200000| Untracked 
| 243|0x000000008f300000, 0x000000008f300000, 0x000000008f400000|  0%| F|  |TAMS 0x000000008f300000, 0x000000008f300000| Untracked 
| 244|0x000000008f400000, 0x000000008f400000, 0x000000008f500000|  0%| F|  |TAMS 0x000000008f400000, 0x000000008f400000| Untracked 
| 245|0x000000008f500000, 0x000000008f500000, 0x000000008f600000|  0%| F|  |TAMS 0x000000008f500000, 0x000000008f500000| Untracked 
| 246|0x000000008f600000, 0x000000008f600000, 0x000000008f700000|  0%| F|  |TAMS 0x000000008f600000, 0x000000008f600000| Untracked 
| 247|0x000000008f700000, 0x000000008f700000, 0x000000008f800000|  0%| F|  |TAMS 0x000000008f700000, 0x000000008f700000| Untracked 
| 248|0x000000008f800000, 0x000000008f800000, 0x000000008f900000|  0%| F|  |TAMS 0x000000008f800000, 0x000000008f800000| Untracked 
| 249|0x000000008f900000, 0x000000008f900000, 0x000000008fa00000|  0%| F|  |TAMS 0x000000008f900000, 0x000000008f900000| Untracked 
| 250|0x000000008fa00000, 0x000000008fa00000, 0x000000008fb00000|  0%| F|  |TAMS 0x000000008fa00000, 0x000000008fa00000| Untracked 
| 251|0x000000008fb00000, 0x000000008fb00000, 0x000000008fc00000|  0%| F|  |TAMS 0x000000008fb00000, 0x000000008fb00000| Untracked 
| 252|0x000000008fc00000, 0x000000008fc00000, 0x000000008fd00000|  0%| F|  |TAMS 0x000000008fc00000, 0x000000008fc00000| Untracked 
| 253|0x000000008fd00000, 0x000000008fd00000, 0x000000008fe00000|  0%| F|  |TAMS 0x000000008fd00000, 0x000000008fd00000| Untracked 
| 254|0x000000008fe00000, 0x000000008fe00000, 0x000000008ff00000|  0%| F|  |TAMS 0x000000008fe00000, 0x000000008fe00000| Untracked 
| 255|0x000000008ff00000, 0x000000008ff00000, 0x0000000090000000|  0%| F|  |TAMS 0x000000008ff00000, 0x000000008ff00000| Untracked 
| 256|0x0000000090000000, 0x0000000090000000, 0x0000000090100000|  0%| F|  |TAMS 0x0000000090000000, 0x0000000090000000| Untracked 
| 257|0x0000000090100000, 0x0000000090100000, 0x0000000090200000|  0%| F|  |TAMS 0x0000000090100000, 0x0000000090100000| Untracked 
| 258|0x0000000090200000, 0x0000000090200000, 0x0000000090300000|  0%| F|  |TAMS 0x0000000090200000, 0x0000000090200000| Untracked 
| 259|0x0000000090300000, 0x0000000090300000, 0x0000000090400000|  0%| F|  |TAMS 0x0000000090300000, 0x0000000090300000| Untracked 
| 260|0x0000000090400000, 0x0000000090400000, 0x0000000090500000|  0%| F|  |TAMS 0x0000000090400000, 0x0000000090400000| Untracked 
| 261|0x0000000090500000, 0x0000000090500000, 0x0000000090600000|  0%| F|  |TAMS 0x0000000090500000, 0x0000000090500000| Untracked 
| 262|0x0000000090600000, 0x0000000090600000, 0x0000000090700000|  0%| F|  |TAMS 0x0000000090600000, 0x0000000090600000| Untracked 
| 263|0x0000000090700000, 0x0000000090700000, 0x0000000090800000|  0%| F|  |TAMS 0x0000000090700000, 0x0000000090700000| Untracked 
| 264|0x0000000090800000, 0x0000000090800000, 0x0000000090900000|  0%| F|  |TAMS 0x0000000090800000, 0x0000000090800000| Untracked 
| 265|0x0000000090900000, 0x0000000090900000, 0x0000000090a00000|  0%| F|  |TAMS 0x0000000090900000, 0x0000000090900000| Untracked 
| 266|0x0000000090a00000, 0x0000000090a00000, 0x0000000090b00000|  0%| F|  |TAMS 0x0000000090a00000, 0x0000000090a00000| Untracked 
| 267|0x0000000090b00000, 0x0000000090b00000, 0x0000000090c00000|  0%| F|  |TAMS 0x0000000090b00000, 0x0000000090b00000| Untracked 
| 268|0x0000000090c00000, 0x0000000090c00000, 0x0000000090d00000|  0%| F|  |TAMS 0x0000000090c00000, 0x0000000090c00000| Untracked 
| 269|0x0000000090d00000, 0x0000000090d00000, 0x0000000090e00000|  0%| F|  |TAMS 0x0000000090d00000, 0x0000000090d00000| Untracked 
| 270|0x0000000090e00000, 0x0000000090e00000, 0x0000000090f00000|  0%| F|  |TAMS 0x0000000090e00000, 0x0000000090e00000| Untracked 
| 271|0x0000000090f00000, 0x0000000090f00000, 0x0000000091000000|  0%| F|  |TAMS 0x0000000090f00000, 0x0000000090f00000| Untracked 
| 272|0x0000000091000000, 0x0000000091000000, 0x0000000091100000|  0%| F|  |TAMS 0x0000000091000000, 0x0000000091000000| Untracked 
| 273|0x0000000091100000, 0x0000000091100000, 0x0000000091200000|  0%| F|  |TAMS 0x0000000091100000, 0x0000000091100000| Untracked 
| 274|0x0000000091200000, 0x0000000091200000, 0x0000000091300000|  0%| F|  |TAMS 0x0000000091200000, 0x0000000091200000| Untracked 
| 275|0x0000000091300000, 0x0000000091300000, 0x0000000091400000|  0%| F|  |TAMS 0x0000000091300000, 0x0000000091300000| Untracked 
| 276|0x0000000091400000, 0x0000000091400000, 0x0000000091500000|  0%| F|  |TAMS 0x0000000091400000, 0x0000000091400000| Untracked 
| 277|0x0000000091500000, 0x0000000091500000, 0x0000000091600000|  0%| F|  |TAMS 0x0000000091500000, 0x0000000091500000| Untracked 
| 278|0x0000000091600000, 0x0000000091600000, 0x0000000091700000|  0%| F|  |TAMS 0x0000000091600000, 0x0000000091600000| Untracked 
| 279|0x0000000091700000, 0x0000000091700000, 0x0000000091800000|  0%| F|  |TAMS 0x0000000091700000, 0x0000000091700000| Untracked 
| 280|0x0000000091800000, 0x0000000091800000, 0x0000000091900000|  0%| F|  |TAMS 0x0000000091800000, 0x0000000091800000| Untracked 
| 281|0x0000000091900000, 0x0000000091900000, 0x0000000091a00000|  0%| F|  |TAMS 0x0000000091900000, 0x0000000091900000| Untracked 
| 282|0x0000000091a00000, 0x0000000091a00000, 0x0000000091b00000|  0%| F|  |TAMS 0x0000000091a00000, 0x0000000091a00000| Untracked 
| 283|0x0000000091b00000, 0x0000000091b00000, 0x0000000091c00000|  0%| F|  |TAMS 0x0000000091b00000, 0x0000000091b00000| Untracked 
| 284|0x0000000091c00000, 0x0000000091c00000, 0x0000000091d00000|  0%| F|  |TAMS 0x0000000091c00000, 0x0000000091c00000| Untracked 

Card table byte_map: [0x0000020dbfac0000,0x0000020dbfec0000] _byte_map_base: 0x0000020dbf6c0000

Marking Bits (Prev, Next): (CMBitMap*) 0x0000020daca4acd0, (CMBitMap*) 0x0000020daca4ac98
 Prev Bits: [0x0000020dc22c0000, 0x0000020dc42c0000)
 Next Bits: [0x0000020dc02c0000, 0x0000020dc22c0000)

Polling page: 0x0000020dac1f0000

Metaspace:

Usage:
  Non-class:     92.64 MB capacity,    91.00 MB ( 98%) used,     1.34 MB (  1%) free+waste,   299.00 KB ( <1%) overhead. 
      Class:     13.94 MB capacity,    13.03 MB ( 93%) used,   799.95 KB (  6%) free+waste,   135.13 KB ( <1%) overhead. 
       Both:    106.58 MB capacity,   104.03 MB ( 98%) used,     2.12 MB (  2%) free+waste,   434.13 KB ( <1%) overhead. 

Virtual space:
  Non-class space:       94.00 MB reserved,      93.20 MB (>99%) committed 
      Class space:        1.00 GB reserved,      14.25 MB (  1%) committed 
             Both:        1.09 GB reserved,     107.45 MB ( 10%) committed 

Chunk freelists:
   Non-Class:  446.00 KB
       Class:  314.00 KB
        Both:  760.00 KB

MaxMetaspaceSize: 17179869184.00 GB
CompressedClassSpaceSize: 1.00 GB

CodeHeap 'non-profiled nmethods': size=120000Kb used=6740Kb max_used=6740Kb free=113259Kb
 bounds [0x0000020db7e60000, 0x0000020db8500000, 0x0000020dbf390000]
CodeHeap 'profiled nmethods': size=120000Kb used=33984Kb max_used=33984Kb free=86015Kb
 bounds [0x0000020db0930000, 0x0000020db2a70000, 0x0000020db7e60000]
CodeHeap 'non-nmethods': size=5760Kb used=2365Kb max_used=2433Kb free=3394Kb
 bounds [0x0000020db0390000, 0x0000020db0610000, 0x0000020db0930000]
 total_blobs=15468 nmethods=14461 adapters=915
 compilation: enabled
              stopped_count=0, restarted_count=0
 full_count=0

Compilation events (20 events):
Event: 71.241 Thread 0x0000020dc7560000 16174       1       com.android.tools.r8.ir.conversion.L::c (5 bytes)
Event: 71.242 Thread 0x0000020dc7560000 nmethod 16174 0x0000020db84f5090 code [0x0000020db84f5240, 0x0000020db84f52f8]
Event: 71.242 Thread 0x0000020dc7560000 16175       2       com.android.tools.r8.v.b.s::a (160 bytes)
Event: 71.245 Thread 0x0000020dc7560000 nmethod 16175 0x0000020db2a64090 code [0x0000020db2a64300, 0x0000020db2a64998]
Event: 71.246 Thread 0x0000020dc7560000 16177 %     3       com.android.tools.r8.v.b.X::a @ 10 (101 bytes)
Event: 71.251 Thread 0x0000020dc7560000 nmethod 16177% 0x0000020db2a64d90 code [0x0000020db2a650e0, 0x0000020db2a66c08]
Event: 71.252 Thread 0x0000020dc7560000 16176       2       com.android.tools.r8.w.a.a.a.h.Z0::g (165 bytes)
Event: 71.254 Thread 0x0000020dc7560000 nmethod 16176 0x0000020db2a67310 code [0x0000020db2a67500, 0x0000020db2a679f8]
Event: 71.254 Thread 0x0000020dc7560000 16180       2       java.util.IdentityHashMap$KeySet::contains (9 bytes)
Event: 71.255 Thread 0x0000020dc7560000 nmethod 16180 0x0000020db2a67d10 code [0x0000020db2a67ec0, 0x0000020db2a67fe8]
Event: 71.255 Thread 0x0000020dc7560000 16179       2       com.android.tools.r8.s.a.a.b.T::toArray (26 bytes)
Event: 71.255 Thread 0x0000020dc7560000 nmethod 16179 0x0000020db2a68090 code [0x0000020db2a68260, 0x0000020db2a68478]
Event: 71.255 Thread 0x0000020dc7560000 16178       2       com.android.tools.r8.v.b.E::a (4 bytes)
Event: 71.256 Thread 0x0000020dc7560000 nmethod 16178 0x0000020db2a68590 code [0x0000020db2a68740, 0x0000020db2a68838]
Event: 71.256 Thread 0x0000020dc7560000 16181       2       java.util.TreeMap::getLastEntry (26 bytes)
Event: 71.256 Thread 0x0000020dc7560000 nmethod 16181 0x0000020db2a68910 code [0x0000020db2a68ac0, 0x0000020db2a68c18]
Event: 71.257 Thread 0x0000020dc7560000 16182       2       java.util.TreeMap::lastKey (8 bytes)
Event: 71.258 Thread 0x0000020dc7560000 nmethod 16182 0x0000020db2a68d10 code [0x0000020db2a68ee0, 0x0000020db2a69108]
Event: 71.258 Thread 0x0000020dc7560000 16183       2       com.android.tools.r8.ir.regalloc.c::c (15 bytes)
Event: 71.259 Thread 0x0000020dc7560000 nmethod 16183 0x0000020db2a69290 code [0x0000020db2a69440, 0x0000020db2a69558]

GC Heap History (20 events):
Event: 57.124 GC heap after
{Heap after GC invocations=40 (full 0):
 garbage-first heap   total 242688K, used 80552K [0x0000000080000000, 0x0000000100000000)
  region size 1024K, 4 young (4096K), 4 survivors (4096K)
 Metaspace       used 91713K, capacity 93773K, committed 94028K, reserved 1130496K
  class space    used 11426K, capacity 12124K, committed 12160K, reserved 1048576K
}
Event: 59.507 GC heap before
{Heap before GC invocations=40 (full 0):
 garbage-first heap   total 242688K, used 158376K [0x0000000080000000, 0x0000000100000000)
  region size 1024K, 81 young (82944K), 4 survivors (4096K)
 Metaspace       used 94265K, capacity 96318K, committed 96460K, reserved 1132544K
  class space    used 11732K, capacity 12429K, committed 12544K, reserved 1048576K
}
Event: 59.534 GC heap after
{Heap after GC invocations=41 (full 0):
 garbage-first heap   total 242688K, used 85286K [0x0000000080000000, 0x0000000100000000)
  region size 1024K, 8 young (8192K), 8 survivors (8192K)
 Metaspace       used 94265K, capacity 96318K, committed 96460K, reserved 1132544K
  class space    used 11732K, capacity 12429K, committed 12544K, reserved 1048576K
}
Event: 60.746 GC heap before
{Heap before GC invocations=41 (full 0):
 garbage-first heap   total 242688K, used 185638K [0x0000000080000000, 0x0000000100000000)
  region size 1024K, 95 young (97280K), 8 survivors (8192K)
 Metaspace       used 95888K, capacity 98035K, committed 98252K, reserved 1134592K
  class space    used 11959K, capacity 12679K, committed 12800K, reserved 1048576K
}
Event: 60.788 GC heap after
{Heap after GC invocations=42 (full 0):
 garbage-first heap   total 242688K, used 99848K [0x0000000080000000, 0x0000000100000000)
  region size 1024K, 12 young (12288K), 12 survivors (12288K)
 Metaspace       used 95888K, capacity 98035K, committed 98252K, reserved 1134592K
  class space    used 11959K, capacity 12679K, committed 12800K, reserved 1048576K
}
Event: 61.906 GC heap before
{Heap before GC invocations=42 (full 0):
 garbage-first heap   total 242688K, used 175624K [0x0000000080000000, 0x0000000100000000)
  region size 1024K, 87 young (89088K), 12 survivors (12288K)
 Metaspace       used 98203K, capacity 100539K, committed 100684K, reserved 1136640K
  class space    used 12318K, capacity 13121K, committed 13184K, reserved 1048576K
}
Event: 61.966 GC heap after
{Heap after GC invocations=43 (full 0):
 garbage-first heap   total 242688K, used 115931K [0x0000000080000000, 0x0000000100000000)
  region size 1024K, 11 young (11264K), 11 survivors (11264K)
 Metaspace       used 98203K, capacity 100539K, committed 100684K, reserved 1136640K
  class space    used 12318K, capacity 13121K, committed 13184K, reserved 1048576K
}
Event: 62.832 GC heap before
{Heap before GC invocations=43 (full 0):
 garbage-first heap   total 242688K, used 180443K [0x0000000080000000, 0x0000000100000000)
  region size 1024K, 75 young (76800K), 11 survivors (11264K)
 Metaspace       used 101572K, capacity 104154K, committed 104268K, reserved 1140736K
  class space    used 12891K, capacity 13869K, committed 13952K, reserved 1048576K
}
Event: 62.900 GC heap after
{Heap after GC invocations=44 (full 0):
 garbage-first heap   total 291840K, used 122217K [0x0000000080000000, 0x0000000100000000)
  region size 1024K, 9 young (9216K), 9 survivors (9216K)
 Metaspace       used 101572K, capacity 104154K, committed 104268K, reserved 1140736K
  class space    used 12891K, capacity 13869K, committed 13952K, reserved 1048576K
}
Event: 64.934 GC heap before
{Heap before GC invocations=44 (full 0):
 garbage-first heap   total 291840K, used 205161K [0x0000000080000000, 0x0000000100000000)
  region size 1024K, 89 young (91136K), 9 survivors (9216K)
 Metaspace       used 104796K, capacity 107660K, committed 107852K, reserved 1142784K
  class space    used 13362K, capacity 14413K, committed 14464K, reserved 1048576K
}
Event: 65.007 GC heap after
{Heap after GC invocations=45 (full 0):
 garbage-first heap   total 291840K, used 134748K [0x0000000080000000, 0x0000000100000000)
  region size 1024K, 12 young (12288K), 12 survivors (12288K)
 Metaspace       used 104796K, capacity 107660K, committed 107852K, reserved 1142784K
  class space    used 13362K, capacity 14413K, committed 14464K, reserved 1048576K
}
Event: 66.988 GC heap before
{Heap before GC invocations=45 (full 0):
 garbage-first heap   total 291840K, used 212572K [0x0000000080000000, 0x0000000100000000)
  region size 1024K, 89 young (91136K), 12 survivors (12288K)
 Metaspace       used 106136K, capacity 108939K, committed 109004K, reserved 1144832K
  class space    used 13481K, capacity 14527K, committed 14592K, reserved 1048576K
}
Event: 67.033 GC heap after
{Heap after GC invocations=46 (full 0):
 garbage-first heap   total 291840K, used 137773K [0x0000000080000000, 0x0000000100000000)
  region size 1024K, 3 young (3072K), 3 survivors (3072K)
 Metaspace       used 106136K, capacity 108939K, committed 109004K, reserved 1144832K
  class space    used 13481K, capacity 14527K, committed 14592K, reserved 1048576K
}
Event: 68.513 GC heap before
{Heap before GC invocations=46 (full 0):
 garbage-first heap   total 291840K, used 218669K [0x0000000080000000, 0x0000000100000000)
  region size 1024K, 82 young (83968K), 3 survivors (3072K)
 Metaspace       used 106225K, capacity 109012K, committed 109260K, reserved 1144832K
  class space    used 13485K, capacity 14530K, committed 14592K, reserved 1048576K
}
Event: 68.539 GC heap after
{Heap after GC invocations=47 (full 0):
 garbage-first heap   total 291840K, used 138649K [0x0000000080000000, 0x0000000100000000)
  region size 1024K, 4 young (4096K), 4 survivors (4096K)
 Metaspace       used 106225K, capacity 109012K, committed 109260K, reserved 1144832K
  class space    used 13485K, capacity 14530K, committed 14592K, reserved 1048576K
}
Event: 69.991 GC heap before
{Heap before GC invocations=48 (full 0):
 garbage-first heap   total 291840K, used 221593K [0x0000000080000000, 0x0000000100000000)
  region size 1024K, 86 young (88064K), 4 survivors (4096K)
 Metaspace       used 106281K, capacity 108803K, committed 109772K, reserved 1144832K
  class space    used 13341K, capacity 14276K, committed 14592K, reserved 1048576K
}
Event: 70.017 GC heap after
{Heap after GC invocations=49 (full 0):
 garbage-first heap   total 291840K, used 138052K [0x0000000080000000, 0x0000000100000000)
  region size 1024K, 4 young (4096K), 4 survivors (4096K)
 Metaspace       used 106281K, capacity 108803K, committed 109772K, reserved 1144832K
  class space    used 13341K, capacity 14276K, committed 14592K, reserved 1048576K
}
Event: 70.125 GC heap before
{Heap before GC invocations=49 (full 0):
 garbage-first heap   total 291840K, used 148292K [0x0000000080000000, 0x0000000100000000)
  region size 1024K, 14 young (14336K), 4 survivors (4096K)
 Metaspace       used 106289K, capacity 108868K, committed 109772K, reserved 1144832K
  class space    used 13341K, capacity 14276K, committed 14592K, reserved 1048576K
}
Event: 70.166 GC heap after
{Heap after GC invocations=50 (full 0):
 garbage-first heap   total 291840K, used 121854K [0x0000000080000000, 0x0000000100000000)
  region size 1024K, 1 young (1024K), 1 survivors (1024K)
 Metaspace       used 106289K, capacity 108868K, committed 109772K, reserved 1144832K
  class space    used 13341K, capacity 14276K, committed 14592K, reserved 1048576K
}
Event: 71.266 GC heap before
{Heap before GC invocations=50 (full 0):
 garbage-first heap   total 291840K, used 217086K [0x0000000080000000, 0x0000000100000000)
  region size 1024K, 94 young (96256K), 1 survivors (1024K)
 Metaspace       used 106530K, capacity 109140K, committed 110028K, reserved 1144832K
  class space    used 13342K, capacity 14278K, committed 14592K, reserved 1048576K
}

Deoptimization events (20 events):
Event: 70.192 Thread 0x0000020dca210800 DEOPT PACKING pc=0x0000020db24d4004 sp=0x000000b6d9dfa370
Event: 70.192 Thread 0x0000020dca210800 DEOPT UNPACKING pc=0x0000020db03b72ce sp=0x000000b6d9df9950 mode 0
Event: 70.221 Thread 0x0000020dca210800 DEOPT PACKING pc=0x0000020db24d682a sp=0x000000b6d9df9f10
Event: 70.221 Thread 0x0000020dca210800 DEOPT UNPACKING pc=0x0000020db03b72ce sp=0x000000b6d9df9498 mode 0
Event: 70.225 Thread 0x0000020dca210800 DEOPT PACKING pc=0x0000020db251649d sp=0x000000b6d9df9ee0
Event: 70.226 Thread 0x0000020dca210800 DEOPT UNPACKING pc=0x0000020db03b72ce sp=0x000000b6d9df9530 mode 0
Event: 70.369 Thread 0x0000020dca210800 DEOPT PACKING pc=0x0000020db2533338 sp=0x000000b6d9dfa260
Event: 70.369 Thread 0x0000020dca210800 DEOPT UNPACKING pc=0x0000020db03b72ce sp=0x000000b6d9df9920 mode 0
Event: 70.382 Thread 0x0000020dcb07d000 Uncommon trap: trap_request=0xffffff7e fr.pc=0x0000020db84ea634 relative=0x0000000000003334
Event: 70.382 Thread 0x0000020dcb07d000 Uncommon trap: reason=predicate action=maybe_recompile pc=0x0000020db84ea634 method=com.android.tools.r8.v.b.Z0.a(Lcom/android/tools/r8/ir/conversion/S;Ljava/util/Set;)Z @ 337 c2
Event: 70.382 Thread 0x0000020dcb07d000 DEOPT PACKING pc=0x0000020db84ea634 sp=0x000000b6e02f6530
Event: 70.383 Thread 0x0000020dcb07d000 DEOPT UNPACKING pc=0x0000020db03b74af sp=0x000000b6e02f6588 mode 2
Event: 70.627 Thread 0x0000020dca210800 DEOPT PACKING pc=0x0000020db2510fb6 sp=0x000000b6d9dfa070
Event: 70.627 Thread 0x0000020dca210800 DEOPT UNPACKING pc=0x0000020db03b72ce sp=0x000000b6d9df96f8 mode 0
Event: 70.779 Thread 0x0000020dcb07d000 DEOPT PACKING pc=0x0000020db25d5dd6 sp=0x000000b6e02f6290
Event: 70.779 Thread 0x0000020dcb07d000 DEOPT UNPACKING pc=0x0000020db03b72ce sp=0x000000b6e02f58c8 mode 0
Event: 70.931 Thread 0x0000020dca210800 DEOPT PACKING pc=0x0000020db223465e sp=0x000000b6d9dfa2d0
Event: 70.931 Thread 0x0000020dca210800 DEOPT UNPACKING pc=0x0000020db03b72ce sp=0x000000b6d9df9800 mode 0
Event: 70.991 Thread 0x0000020dcb07d000 DEOPT PACKING pc=0x0000020db265e54f sp=0x000000b6e02f6a20
Event: 70.991 Thread 0x0000020dcb07d000 DEOPT UNPACKING pc=0x0000020db03b72ce sp=0x000000b6e02f61d8 mode 0

Classes redefined (0 events):
No events

Internal exceptions (20 events):
Event: 62.439 Thread 0x0000020dca211800 Exception <a 'java/lang/NoSuchMethodError'{0x000000008cbb8648}: 'java.lang.Object java.lang.invoke.DirectMethodHandle$Holder.invokeStatic(java.lang.Object, int, java.lang.Object, java.lang.Object)'> (0x000000008cbb8648) thrown at [./src/hotspot/share/interpreter/linkResolver.cpp, line 773]
Event: 62.443 Thread 0x0000020dca213000 Exception <a 'java/lang/NoSuchMethodError'{0x000000008cb663f0}: 'java.lang.Object java.lang.invoke.DirectMethodHandle$Holder.invokeStatic(java.lang.Object, int, java.lang.Object, java.lang.Object)'> (0x000000008cb663f0) thrown at [./src/hotspot/share/interpreter/linkResolver.cpp, line 773]
Event: 62.516 Thread 0x0000020dca211800 Exception <a 'java/lang/NoSuchMethodError'{0x000000008c956798}: 'void java.lang.invoke.DirectMethodHandle$Holder.invokeSpecial(java.lang.Object, java.lang.Object, int, java.lang.Object)'> (0x000000008c956798) thrown at [./src/hotspot/share/interpreter/linkResolver.cpp, line 773]
Event: 62.516 Thread 0x0000020dca212000 Exception <a 'java/lang/NoSuchMethodError'{0x000000008c73b5c8}: 'void java.lang.invoke.DirectMethodHandle$Holder.invokeSpecial(java.lang.Object, java.lang.Object, int, java.lang.Object)'> (0x000000008c73b5c8) thrown at [./src/hotspot/share/interpreter/linkResolver.cpp, line 773]
Event: 62.516 Thread 0x0000020dca213000 Exception <a 'java/lang/NoSuchMethodError'{0x000000008c80b0b0}: 'void java.lang.invoke.DirectMethodHandle$Holder.invokeSpecial(java.lang.Object, java.lang.Object, int, java.lang.Object)'> (0x000000008c80b0b0) thrown at [./src/hotspot/share/interpreter/linkResolver.cpp, line 773]
Event: 62.591 Thread 0x0000020dca211800 Exception <a 'java/lang/NoSuchMethodError'{0x000000008c0c6740}: 'int java.lang.invoke.DirectMethodHandle$Holder.invokeSpecial(java.lang.Object, java.lang.Object, java.lang.Object, java.lang.Object, java.lang.Object)'> (0x000000008c0c6740) thrown at [./src/hotspot/share/interpreter/linkResolver.cpp, line 773]
Event: 62.591 Thread 0x0000020dca213000 Exception <a 'java/lang/NoSuchMethodError'{0x000000008c13b2d8}: 'int java.lang.invoke.DirectMethodHandle$Holder.invokeSpecial(java.lang.Object, java.lang.Object, java.lang.Object, java.lang.Object, java.lang.Object)'> (0x000000008c13b2d8) thrown at [./src/hotspot/share/interpreter/linkResolver.cpp, line 773]
Event: 62.743 Thread 0x0000020dca212000 Exception <a 'java/lang/NoSuchMethodError'{0x000000008b3bb828}: 'java.lang.Object java.lang.invoke.DirectMethodHandle$Holder.invokeVirtual(java.lang.Object, java.lang.Object, int, java.lang.Object)'> (0x000000008b3bb828) thrown at [./src/hotspot/share/interpreter/linkResolver.cpp, line 773]
Event: 62.829 Thread 0x0000020dca211800 Exception <a 'java/lang/NoSuchMethodError'{0x000000008ada1b98}: 'void java.lang.invoke.DirectMethodHandle$Holder.invokeVirtual(java.lang.Object, java.lang.Object, int, java.lang.Object)'> (0x000000008ada1b98) thrown at [./src/hotspot/share/interpreter/linkResolver.cpp, line 773]
Event: 62.829 Thread 0x0000020dca213000 Exception <a 'java/lang/NoSuchMethodError'{0x000000008af0e360}: 'void java.lang.invoke.DirectMethodHandle$Holder.invokeVirtual(java.lang.Object, java.lang.Object, int, java.lang.Object)'> (0x000000008af0e360) thrown at [./src/hotspot/share/interpreter/linkResolver.cpp, line 773]
Event: 62.829 Thread 0x0000020dca212000 Exception <a 'java/lang/NoSuchMethodError'{0x000000008b05d630}: 'void java.lang.invoke.DirectMethodHandle$Holder.invokeVirtual(java.lang.Object, java.lang.Object, int, java.lang.Object)'> (0x000000008b05d630) thrown at [./src/hotspot/share/interpreter/linkResolver.cpp, line 773]
Event: 63.560 Thread 0x0000020dca211800 Exception <a 'java/lang/NoSuchMethodError'{0x000000008fa1b080}: 'java.lang.Object java.lang.invoke.DirectMethodHandle$Holder.invokeSpecial(java.lang.Object, java.lang.Object, java.lang.Object, java.lang.Object, java.lang.Object, java.lang.Object, java.lang.Object, java.lang.Object, java.lang.Object, java.lang.Object)'> (0x000000008fa1b080) thrown at [./src/hotspot/share/interpreter/linkResolver.cpp, line 773]
Event: 63.561 Thread 0x0000020dca211800 Exception <a 'java/lang/NoSuchMethodError'{0x000000008f9133e0}: 'java.lang.Object java.lang.invoke.Invokers$Holder.linkToTargetMethod(java.lang.Object, java.lang.Object, java.lang.Object, java.lang.Object, java.lang.Object, java.lang.Object, java.lang.Object, java.lang.Object, java.lang.Object)'> (0x000000008f9133e0) thrown at [./src/hotspot/share/interpreter/linkResolver.cpp, line 773]
Event: 63.882 Thread 0x0000020dca212000 Exception <a 'java/lang/NoSuchMethodError'{0x000000008e90fdc8}: 'java.lang.Object java.lang.invoke.DirectMethodHandle$Holder.invokeInterface(java.lang.Object, java.lang.Object, int)'> (0x000000008e90fdc8) thrown at [./src/hotspot/share/interpreter/linkResolver.cpp, line 773]
Event: 63.914 Thread 0x0000020dca211800 Exception <a 'java/lang/NoSuchMethodError'{0x000000008e715bf0}: 'void java.lang.invoke.DirectMethodHandle$Holder.invokeVirtual(java.lang.Object, java.lang.Object, int)'> (0x000000008e715bf0) thrown at [./src/hotspot/share/interpreter/linkResolver.cpp, line 773]
Event: 64.005 Thread 0x0000020dca211800 Exception <a 'sun/nio/fs/WindowsException'{0x000000008e414e40}> (0x000000008e414e40) thrown at [./src/hotspot/share/prims/jni.cpp, line 615]
Event: 64.776 Thread 0x0000020dca213000 Exception <a 'sun/nio/fs/WindowsException'{0x000000008d44ef58}> (0x000000008d44ef58) thrown at [./src/hotspot/share/prims/jni.cpp, line 615]
Event: 65.395 Thread 0x0000020dca212000 Exception <a 'sun/nio/fs/WindowsException'{0x0000000090e131d8}> (0x0000000090e131d8) thrown at [./src/hotspot/share/prims/jni.cpp, line 615]
Event: 66.312 Thread 0x0000020dcb07d000 Exception <a 'java/lang/NoSuchMethodError'{0x000000008f0bc168}: 'int java.lang.invoke.DirectMethodHandle$Holder.invokeInterface(java.lang.Object, java.lang.Object, int)'> (0x000000008f0bc168) thrown at [./src/hotspot/share/interpreter/linkResolver.cpp, line 773]
Event: 67.308 Thread 0x0000020dcb07d000 Implicit null exception at 0x0000020db84a554c to 0x0000020db84a7e6c

Events (20 events):
Event: 69.510 loading class com/android/tools/r8/code/Z3 done
Event: 69.511 loading class com/android/tools/r8/code/W3
Event: 69.511 loading class com/android/tools/r8/code/W3 done
Event: 69.522 Executing VM operation: CGC_Operation
Event: 69.522 Executing VM operation: CGC_Operation done
Event: 69.990 Executing VM operation: G1CollectForAllocation
Event: 70.017 Executing VM operation: G1CollectForAllocation done
Event: 70.124 Executing VM operation: G1CollectForAllocation
Event: 70.166 Executing VM operation: G1CollectForAllocation done
Event: 70.521 loading class com/android/tools/r8/v/b/v1
Event: 70.521 loading class com/android/tools/r8/v/b/v1 done
Event: 70.522 loading class com/android/tools/r8/v/b/o0
Event: 70.522 loading class com/android/tools/r8/v/b/o0 done
Event: 70.522 loading class com/android/tools/r8/v/b/v1
Event: 70.522 loading class com/android/tools/r8/v/b/v1 done
Event: 70.694 loading class com/android/tools/r8/ir/conversion/q
Event: 70.694 loading class com/android/tools/r8/ir/conversion/q done
Event: 71.009 Executing VM operation: ICBufferFull
Event: 71.010 Executing VM operation: ICBufferFull done
Event: 71.265 Executing VM operation: G1CollectForAllocation


Dynamic libraries:
0x00007ff70cb20000 - 0x00007ff70cb2a000 	C:\Program Files\Android\Android Studio\jre\bin\java.exe
0x00007ffa40fd0000 - 0x00007ffa411c5000 	C:\WINDOWS\SYSTEM32\ntdll.dll
0x00007ffa3f580000 - 0x00007ffa3f63d000 	C:\WINDOWS\System32\KERNEL32.DLL
0x00007ffa3ec00000 - 0x00007ffa3eec9000 	C:\WINDOWS\System32\KERNELBASE.dll
0x00007ffa3eb00000 - 0x00007ffa3ec00000 	C:\WINDOWS\System32\ucrtbase.dll
0x00007ffa2e880000 - 0x00007ffa2e899000 	C:\Program Files\Android\Android Studio\jre\bin\jli.dll
0x00007ffa36960000 - 0x00007ffa36977000 	C:\Program Files\Android\Android Studio\jre\bin\VCRUNTIME140.dll
0x00007ffa40320000 - 0x00007ffa404c0000 	C:\WINDOWS\System32\USER32.dll
0x00007ffa3eed0000 - 0x00007ffa3eef2000 	C:\WINDOWS\System32\win32u.dll
0x00007ffa2b850000 - 0x00007ffa2baea000 	C:\WINDOWS\WinSxS\amd64_microsoft.windows.common-controls_6595b64144ccf1df_6.0.19041.844_none_ca00b6081b84eb1d\COMCTL32.dll
0x00007ffa40250000 - 0x00007ffa4027a000 	C:\WINDOWS\System32\GDI32.dll
0x00007ffa3fe50000 - 0x00007ffa3feee000 	C:\WINDOWS\System32\msvcrt.dll
0x00007ffa3e710000 - 0x00007ffa3e81b000 	C:\WINDOWS\System32\gdi32full.dll
0x00007ffa3e870000 - 0x00007ffa3e90d000 	C:\WINDOWS\System32\msvcp_win.dll
0x00007ffa40220000 - 0x00007ffa40250000 	C:\WINDOWS\System32\IMM32.DLL
0x00007ffa12840000 - 0x00007ffa128dd000 	C:\Program Files\Android\Android Studio\jre\bin\msvcp140.dll
0x00007ffa11b00000 - 0x00007ffa125bc000 	C:\Program Files\Android\Android Studio\jre\bin\server\jvm.dll
0x00007ffa3fc90000 - 0x00007ffa3fd3c000 	C:\WINDOWS\System32\ADVAPI32.dll
0x00007ffa40740000 - 0x00007ffa407dc000 	C:\WINDOWS\System32\sechost.dll
0x00007ffa3fb60000 - 0x00007ffa3fc8b000 	C:\WINDOWS\System32\RPCRT4.dll
0x00007ffa3f640000 - 0x00007ffa3f648000 	C:\WINDOWS\System32\PSAPI.DLL
0x00007ffa3a220000 - 0x00007ffa3a229000 	C:\WINDOWS\SYSTEM32\WSOCK32.dll
0x00007ffa2efd0000 - 0x00007ffa2eff7000 	C:\WINDOWS\SYSTEM32\WINMM.dll
0x00007ffa2aee0000 - 0x00007ffa2aeea000 	C:\WINDOWS\SYSTEM32\VERSION.dll
0x00007ffa402b0000 - 0x00007ffa4031b000 	C:\WINDOWS\System32\WS2_32.dll
0x00007ffa3c650000 - 0x00007ffa3c662000 	C:\WINDOWS\SYSTEM32\kernel.appcore.dll
0x00007ffa3a1e0000 - 0x00007ffa3a1f1000 	C:\Program Files\Android\Android Studio\jre\bin\verify.dll
0x00007ffa2a4d0000 - 0x00007ffa2a6b4000 	C:\WINDOWS\SYSTEM32\DBGHELP.DLL
0x00007ffa29c00000 - 0x00007ffa29c2c000 	C:\WINDOWS\SYSTEM32\dbgcore.DLL
0x00007ffa3efb0000 - 0x00007ffa3f030000 	C:\WINDOWS\System32\bcryptPrimitives.dll
0x00007ffa3a120000 - 0x00007ffa3a149000 	C:\Program Files\Android\Android Studio\jre\bin\java.dll
0x00007ffa39940000 - 0x00007ffa3994b000 	C:\Program Files\Android\Android Studio\jre\bin\jimage.dll
0x00007ffa36980000 - 0x00007ffa36998000 	C:\Program Files\Android\Android Studio\jre\bin\zip.dll
0x00007ffa407e0000 - 0x00007ffa40f22000 	C:\WINDOWS\System32\SHELL32.dll
0x00007ffa3c850000 - 0x00007ffa3cfe0000 	C:\WINDOWS\SYSTEM32\windows.storage.dll
0x00007ffa3f800000 - 0x00007ffa3fb55000 	C:\WINDOWS\System32\combase.dll
0x00007ffa3e180000 - 0x00007ffa3e1ac000 	C:\WINDOWS\SYSTEM32\Wldp.dll
0x00007ffa3fd40000 - 0x00007ffa3fdee000 	C:\WINDOWS\System32\SHCORE.dll
0x00007ffa404c0000 - 0x00007ffa40515000 	C:\WINDOWS\System32\shlwapi.dll
0x00007ffa3e650000 - 0x00007ffa3e66f000 	C:\WINDOWS\SYSTEM32\profapi.dll
0x00007ffa368a0000 - 0x00007ffa368ba000 	C:\Program Files\Android\Android Studio\jre\bin\net.dll
0x00007ffa38460000 - 0x00007ffa3856c000 	C:\WINDOWS\SYSTEM32\WINHTTP.dll
0x00007ffa3df00000 - 0x00007ffa3df6a000 	C:\WINDOWS\system32\mswsock.dll
0x00007ffa36880000 - 0x00007ffa36894000 	C:\Program Files\Android\Android Studio\jre\bin\nio.dll
0x00007ffa2e440000 - 0x00007ffa2e467000 	C:\Users\ACER\.gradle\native\fdc75f09e3144964f2cf3f50f0aa648679c211496f362492102eb8c894070792\windows-amd64\native-platform.dll
0x00007ffa132c0000 - 0x00007ffa13456000 	C:\Users\ACER\.gradle\native\12488b8bf47d2d4c9fbf2f6322a914ad602e24e48041cd04a747c6da556b65c4\windows-amd64\native-platform-file-events.dll
0x00007ffa39220000 - 0x00007ffa3922a000 	C:\Program Files\Android\Android Studio\jre\bin\management.dll
0x00007ffa39040000 - 0x00007ffa3904c000 	C:\Program Files\Android\Android Studio\jre\bin\management_ext.dll
0x00007ffa3e0d0000 - 0x00007ffa3e0e8000 	C:\WINDOWS\SYSTEM32\CRYPTSP.dll
0x00007ffa3d830000 - 0x00007ffa3d864000 	C:\WINDOWS\system32\rsaenh.dll
0x00007ffa3ea70000 - 0x00007ffa3ea97000 	C:\WINDOWS\System32\bcrypt.dll
0x00007ffa3e610000 - 0x00007ffa3e63e000 	C:\WINDOWS\SYSTEM32\USERENV.dll
0x00007ffa3e0f0000 - 0x00007ffa3e0fc000 	C:\WINDOWS\SYSTEM32\CRYPTBASE.dll
0x00007ffa3dba0000 - 0x00007ffa3dbdb000 	C:\WINDOWS\SYSTEM32\IPHLPAPI.DLL
0x00007ffa3f030000 - 0x00007ffa3f038000 	C:\WINDOWS\System32\NSI.dll
0x00007ffa36f40000 - 0x00007ffa36f57000 	C:\WINDOWS\SYSTEM32\dhcpcsvc6.DLL
0x00007ffa37d20000 - 0x00007ffa37d3d000 	C:\WINDOWS\SYSTEM32\dhcpcsvc.DLL
0x00007ffa3dbe0000 - 0x00007ffa3dcab000 	C:\WINDOWS\SYSTEM32\DNSAPI.dll
0x00007ffa38950000 - 0x00007ffa3895b000 	C:\WINDOWS\SYSTEM32\WINNSI.DLL
0x00007ffa2e680000 - 0x00007ffa2e822000 	C:\Program Files\Android\Android Studio\jre\bin\awt.dll
0x00007ffa3f4b0000 - 0x00007ffa3f57d000 	C:\WINDOWS\System32\OLEAUT32.dll
0x00007ffa3c470000 - 0x00007ffa3c49f000 	C:\WINDOWS\SYSTEM32\dwmapi.dll
0x00007ffa3c090000 - 0x00007ffa3c120000 	C:\WINDOWS\SYSTEM32\apphelp.dll
0x00007ffa3c190000 - 0x00007ffa3c22e000 	C:\WINDOWS\system32\uxtheme.dll

dbghelp: loaded successfully - version: 4.0.5 - missing functions: none
symbol engine: initialized successfully - sym options: 0x614 - pdb path: .;C:\Program Files\Android\Android Studio\jre\bin;C:\WINDOWS\SYSTEM32;C:\WINDOWS\WinSxS\amd64_microsoft.windows.common-controls_6595b64144ccf1df_6.0.19041.844_none_ca00b6081b84eb1d;C:\Program Files\Android\Android Studio\jre\bin\server;C:\Users\ACER\.gradle\native\fdc75f09e3144964f2cf3f50f0aa648679c211496f362492102eb8c894070792\windows-amd64;C:\Users\ACER\.gradle\native\12488b8bf47d2d4c9fbf2f6322a914ad602e24e48041cd04a747c6da556b65c4\windows-amd64

VM Arguments:
jvm_args: --add-opens=java.base/java.util=ALL-UNNAMED --add-opens=java.base/java.lang=ALL-UNNAMED --add-opens=java.base/java.lang.invoke=ALL-UNNAMED --add-opens=java.prefs/java.util.prefs=ALL-UNNAMED -Xmx2048m -Dfile.encoding=UTF-8 -Duser.country=US -Duser.language=en -Duser.variant 
java_command: org.gradle.launcher.daemon.bootstrap.GradleDaemon 6.7.1
java_class_path (initial): C:\Users\ACER\.gradle\wrapper\dists\gradle-6.7.1-bin\bwlcbys1h7rz3272sye1xwiv6\gradle-6.7.1\lib\gradle-launcher-6.7.1.jar
Launcher Type: SUN_STANDARD

[Global flags]
     intx CICompilerCount                          = 4                                         {product} {ergonomic}
     uint ConcGCThreads                            = 2                                         {product} {ergonomic}
     uint G1ConcRefinementThreads                  = 8                                         {product} {ergonomic}
   size_t G1HeapRegionSize                         = 1048576                                   {product} {ergonomic}
    uintx GCDrainStackTargetSize                   = 64                                        {product} {ergonomic}
   size_t InitialHeapSize                          = 132120576                                 {product} {ergonomic}
   size_t MarkStackSize                            = 4194304                                   {product} {ergonomic}
   size_t MaxHeapSize                              = 2147483648                                {product} {command line}
   size_t MaxNewSize                               = 1287651328                                {product} {ergonomic}
   size_t MinHeapDeltaBytes                        = 1048576                                   {product} {ergonomic}
    uintx NonNMethodCodeHeapSize                   = 5836300                                {pd product} {ergonomic}
    uintx NonProfiledCodeHeapSize                  = 122910970                              {pd product} {ergonomic}
    uintx ProfiledCodeHeapSize                     = 122910970                              {pd product} {ergonomic}
    uintx ReservedCodeCacheSize                    = 251658240                              {pd product} {ergonomic}
     bool SegmentedCodeCache                       = true                                      {product} {ergonomic}
     bool UseCompressedClassPointers               = true                                 {lp64_product} {ergonomic}
     bool UseCompressedOops                        = true                                 {lp64_product} {ergonomic}
     bool UseG1GC                                  = true                                      {product} {ergonomic}
     bool UseLargePagesIndividualAllocation        = false                                  {pd product} {ergonomic}

Logging:
Log output configuration:
 #0: stdout all=warning uptime,level,tags
 #1: stderr all=off uptime,level,tags

Environment Variables:
PATH=C:\Program Files (x86)\Common Files\Oracle\Java\javapath;C:\Users\ACER\AppData\Local\Microsoft\WindowsApps;C:\Program Files\Java\jdk1.8.0_181\bin;C:\Program Files (x86)\Microsoft SQL Server\90\Tools\binn\;C:\xampp\mysql\bin;C:\WINDOWS\system32;C:\WINDOWS;C:\WINDOWS\System32\Wbem;C:\WINDOWS\System32\WindowsPowerShell\v1.0\;C:\WINDOWS\System32\OpenSSH\;C:\Program Files\NVIDIA Corporation\NVIDIA NvDLISR;C:\Program Files (x86)\NVIDIA Corporation\PhysX\Common;C:\Program Files\Git\cmd;C:\WINDOWS\system32;C:\Users\ACER\AppData\Local\Microsoft\WindowsApps;
USERNAME=ACER
OS=Windows_NT
PROCESSOR_IDENTIFIER=Intel64 Family 6 Model 158 Stepping 10, GenuineIntel



---------------  S Y S T E M  ---------------

OS: Windows 10 , 64 bit Build 19041 (10.0.19041.804)
OS uptime: 0 days 3:01 hours

CPU:total 8 (initial active 8) (4 cores per cpu, 2 threads per core) family 6 model 158 stepping 10, cmov, cx8, fxsr, mmx, sse, sse2, sse3, ssse3, sse4.1, sse4.2, popcnt, avx, avx2, aes, clmul, erms, 3dnowpref, lzcnt, ht, tsc, tscinvbit, bmi1, bmi2, adx, fma

Memory: 4k page, system-wide physical 8034M (288M free)
TotalPageFile size 11574M (AvailPageFile size 22M)
current process WorkingSet (physical memory assigned to process): 570M, peak: 609M
current process commit charge ("private bytes"): 679M, peak: 748M

vm_info: OpenJDK 64-Bit Server VM (11.0.8+10-b944.6842174) for windows-amd64 JRE (11.0.8+10-b944.6842174), built on Sep 19 2020 01:11:42 by "builder" with MS VC++ 14.0 (VS2015)

END.
