#
# There is insufficient memory for the Java Runtime Environment to continue.
# Native memory allocation (malloc) failed to allocate 32744 bytes for ChunkPool::allocate
# Possible reasons:
#   The system is out of physical RAM or swap space
#   The process is running with CompressedOops enabled, and the Java Heap may be blocking the growth of the native heap
# Possible solutions:
#   Reduce memory load on the system
#   Increase physical memory or swap space
#   Check if swap backing store is full
#   Decrease Java heap size (-Xmx/-Xms)
#   Decrease number of Java threads
#   Decrease Java thread stack sizes (-Xss)
#   Set larger code cache with -XX:ReservedCodeCacheSize=
#   JVM is running with Unscaled Compressed Oops mode in which the Java heap is
#     placed in the first 4GB address space. The Java Heap base address is the
#     maximum limit for the native heap growth. Please use -XX:HeapBaseMinAddress
#     to set the Java Heap base and to place the Java Heap above 4GB virtual address.
# This output file may be truncated or incomplete.
#
#  Out of Memory Error (./src/hotspot/share/memory/arena.cpp:81), pid=11272, tid=12000
#
# JRE version: OpenJDK Runtime Environment (11.0.8+10) (build 11.0.8+10-b944.6842174)
# Java VM: OpenJDK 64-Bit Server VM (11.0.8+10-b944.6842174, mixed mode, tiered, compressed oops, g1 gc, windows-amd64)
# No core dump will be written. Minidumps are not enabled by default on client versions of Windows
#

---------------  S U M M A R Y ------------

Command Line: --add-opens=java.base/java.util=ALL-UNNAMED --add-opens=java.base/java.lang=ALL-UNNAMED --add-opens=java.base/java.lang.invoke=ALL-UNNAMED --add-opens=java.prefs/java.util.prefs=ALL-UNNAMED -Xmx2048m -Dfile.encoding=UTF-8 -Duser.country=US -Duser.language=en -Duser.variant org.gradle.launcher.daemon.bootstrap.GradleDaemon 6.7.1

Host: Intel(R) Core(TM) i5-8300H CPU @ 2.30GHz, 8 cores, 7G,  Windows 10 , 64 bit Build 19041 (10.0.19041.804)
Time: Sat Jun  5 01:45:42 2021 SE Asia Standard Time elapsed time: 56 seconds (0d 0h 0m 56s)

---------------  T H R E A D  ---------------

Current thread (0x000001e602820000):  VMThread "VM Thread" [stack: 0x0000004ea8600000,0x0000004ea8700000] [id=12000] _threads_hazard_ptr=0x000001e609166650

Stack: [0x0000004ea8600000,0x0000004ea8700000]
[error occurred during error reporting (printing stack bounds), id 0xc0000005, EXCEPTION_ACCESS_VIOLATION (0xc0000005) at pc=0x000001e66b680dad]

Native frames: (J=compiled Java code, j=interpreted, Vv=VM code, C=native code)
V  [jvm.dll+0x5de50a]
V  [jvm.dll+0x7122f5]
V  [jvm.dll+0x71384d]
V  [jvm.dll+0x713e65]
V  [jvm.dll+0x713e1b]
V  [jvm.dll+0x5dd958]
V  [jvm.dll+0x5de0f8]
C  [ntdll.dll+0xa1f6f]
C  [ntdll.dll+0x51454]
C  [ntdll.dll+0xa0a9e]
C  0x000001e66b680dad

VM_Operation (0x0000004eb1ffb340): BulkRevokeBias, mode: safepoint, requested by thread 0x000001e6091b3800


---------------  P R O C E S S  ---------------

Threads class SMR info:
_java_thread_list=0x000001e609166650, length=146, elements={
0x000001e667cf8800, 0x000001e602822000, 0x000001e602825000, 0x000001e6031a2800,
0x000001e60283c800, 0x000001e60283d000, 0x000001e60284d800, 0x000001e60284f800,
0x000001e6032e3000, 0x000001e603300000, 0x000001e604a6b000, 0x000001e604a2f000,
0x000001e604778800, 0x000001e603314000, 0x000001e604c5b800, 0x000001e6057da000,
0x000001e6057d7000, 0x000001e6057db000, 0x000001e6057d6000, 0x000001e6057dc800,
0x000001e6057d7800, 0x000001e6057d8800, 0x000001e6057d9800, 0x000001e60778e000,
0x000001e60778d000, 0x000001e60778e800, 0x000001e60778f800, 0x000001e607790000,
0x000001e60778a800, 0x000001e60778b800, 0x000001e607791000, 0x000001e607792000,
0x000001e60778c000, 0x000001e607797800, 0x000001e607793800, 0x000001e607796000,
0x000001e607797000, 0x000001e607798800, 0x000001e607794800, 0x000001e6071bc000,
0x000001e6071be800, 0x000001e6071c8800, 0x000001e6071cb000, 0x000001e6071c9000,
0x000001e605801800, 0x000001e6057ff000, 0x000001e6057ff800, 0x000001e605800800,
0x000001e6057fe000, 0x000001e605806000, 0x000001e605803800, 0x000001e605808000,
0x000001e605807000, 0x000001e605803000, 0x000001e605804800, 0x000001e605805800,
0x000001e605802000, 0x000001e60580c000, 0x000001e60580c800, 0x000001e60580b000,
0x000001e605808800, 0x000001e605809800, 0x000001e60580a800, 0x000001e608adf000,
0x000001e608add800, 0x000001e608ade000, 0x000001e608ae0000, 0x000001e608ae0800,
0x000001e608adb800, 0x000001e608ae1800, 0x000001e608ae2000, 0x000001e608adc800,
0x000001e608ae5800, 0x000001e608ae4800, 0x000001e608ae4000, 0x000001e608ae6800,
0x000001e608ae7000, 0x000001e608ae8000, 0x000001e608ae9000, 0x000001e608ae3000,
0x000001e608ae9800, 0x000001e608aea800, 0x000001e608ee2000, 0x000001e608ee4000,
0x000001e608ee1800, 0x000001e608ee6800, 0x000001e608ee7000, 0x000001e608ee4800,
0x000001e608ee8000, 0x000001e608ee5800, 0x000001e608ee8800, 0x000001e608ee3000,
0x000001e608eea800, 0x000001e608eeb000, 0x000001e608eec000, 0x000001e608eed000,
0x000001e608eed800, 0x000001e608eee800, 0x000001e608ee9800, 0x000001e608eef800,
0x000001e608ef0000, 0x000001e607366000, 0x000001e607363800, 0x000001e607363000,
0x000001e607360800, 0x000001e607364800, 0x000001e607367000, 0x000001e607365000,
0x000001e607361000, 0x000001e607367800, 0x000001e607362000, 0x000001e60736e000,
0x000001e607368800, 0x000001e607369800, 0x000001e60736d800, 0x000001e60736b000,
0x000001e60736c000, 0x000001e60736a000, 0x000001e60736c800, 0x000001e60736f000,
0x000001e6071c5000, 0x000001e6071c2800, 0x000001e6071c3800, 0x000001e6071bf800,
0x000001e6071c6000, 0x000001e6071c1000, 0x000001e6071c7000, 0x000001e6071c7800,
0x000001e6071ca000, 0x000001e607795000, 0x000001e607792800, 0x000001e607799000,
0x000001e6057dc000, 0x000001e6091ac000, 0x000001e6091ae800, 0x000001e6091af800,
0x000001e6091b0000, 0x000001e6091ae000, 0x000001e6091ad000, 0x000001e6091b2800,
0x000001e6091b6000, 0x000001e6091b7000, 0x000001e6091b3800, 0x000001e6091b5000,
0x000001e6091b4800, 0x000001e6091b1000
}

Java Threads: ( => current thread )
  0x000001e667cf8800 JavaThread "main" [_thread_blocked, id=3352, stack(0x0000004ea8000000,0x0000004ea8100000)]
  0x000001e602822000 JavaThread "Reference Handler" daemon [_thread_blocked, id=12184, stack(0x0000004ea8700000,0x0000004ea8800000)]
  0x000001e602825000 JavaThread "Finalizer" daemon [_thread_blocked, id=832, stack(0x0000004ea8800000,0x0000004ea8900000)]
  0x000001e6031a2800 JavaThread "Signal Dispatcher" daemon [_thread_blocked, id=12040, stack(0x0000004ea8900000,0x0000004ea8a00000)]
  0x000001e60283c800 JavaThread "Attach Listener" daemon [_thread_blocked, id=13108, stack(0x0000004ea8a00000,0x0000004ea8b00000)]
  0x000001e60283d000 JavaThread "C2 CompilerThread0" daemon [_thread_blocked, id=11780, stack(0x0000004ea8b00000,0x0000004ea8c00000)]
  0x000001e60284d800 JavaThread "C1 CompilerThread0" daemon [_thread_blocked, id=13160, stack(0x0000004ea8c00000,0x0000004ea8d00000)]
  0x000001e60284f800 JavaThread "Sweeper thread" daemon [_thread_blocked, id=2584, stack(0x0000004ea8d00000,0x0000004ea8e00000)]
  0x000001e6032e3000 JavaThread "Common-Cleaner" daemon [_thread_blocked, id=11984, stack(0x0000004ea8e00000,0x0000004ea8f00000)]
  0x000001e603300000 JavaThread "Service Thread" daemon [_thread_blocked, id=11528, stack(0x0000004ea8f00000,0x0000004ea9000000)]
  0x000001e604a6b000 JavaThread "Daemon health stats" [_thread_blocked, id=6588, stack(0x0000004ea9200000,0x0000004ea9300000)]
  0x000001e604a2f000 JavaThread "Incoming local TCP Connector on port 64731" [_thread_in_native, id=5904, stack(0x0000004ea9600000,0x0000004ea9700000)]
  0x000001e604778800 JavaThread "Daemon periodic checks" [_thread_blocked, id=2852, stack(0x0000004ea9700000,0x0000004ea9800000)]
  0x000001e603314000 JavaThread "Daemon" [_thread_blocked, id=10776, stack(0x0000004ea9800000,0x0000004ea9900000)]
  0x000001e604c5b800 JavaThread "Daemon worker" [_thread_blocked, id=8900, stack(0x0000004ea9c00000,0x0000004ea9d00000)]
  0x000001e6057da000 JavaThread "Cache worker for file hash cache (C:\Users\ACER\.gradle\caches\6.7.1\fileHashes)" [_thread_blocked, id=8160, stack(0x0000004eaa400000,0x0000004eaa500000)]
  0x000001e6057d7000 JavaThread "File lock request listener" [_thread_in_native, id=6564, stack(0x0000004eaa500000,0x0000004eaa600000)]
  0x000001e6057db000 JavaThread "Cache worker for journal cache (C:\Users\ACER\.gradle\caches\journal-1)" [_thread_blocked, id=2448, stack(0x0000004eaa700000,0x0000004eaa800000)]
  0x000001e6057d6000 JavaThread "jar transforms" [_thread_blocked, id=6360, stack(0x0000004eaaa00000,0x0000004eaab00000)]
  0x000001e6057dc800 JavaThread "jar transforms Thread 2" [_thread_blocked, id=10636, stack(0x0000004eaab00000,0x0000004eaac00000)]
  0x000001e6057d7800 JavaThread "jar transforms Thread 3" [_thread_blocked, id=8184, stack(0x0000004eaac00000,0x0000004eaad00000)]
  0x000001e6057d8800 JavaThread "jar transforms Thread 4" [_thread_blocked, id=1472, stack(0x0000004eaad00000,0x0000004eaae00000)]
  0x000001e6057d9800 JavaThread "jar transforms Thread 5" [_thread_blocked, id=12860, stack(0x0000004eaae00000,0x0000004eaaf00000)]
  0x000001e60778e000 JavaThread "jar transforms Thread 6" [_thread_blocked, id=12596, stack(0x0000004eaaf00000,0x0000004eab000000)]
  0x000001e60778d000 JavaThread "jar transforms Thread 7" [_thread_blocked, id=12172, stack(0x0000004eab000000,0x0000004eab100000)]
  0x000001e60778e800 JavaThread "jar transforms Thread 8" [_thread_blocked, id=12804, stack(0x0000004eab100000,0x0000004eab200000)]
  0x000001e60778f800 JavaThread "jar transforms Thread 9" [_thread_blocked, id=9008, stack(0x0000004eab200000,0x0000004eab300000)]
  0x000001e607790000 JavaThread "jar transforms Thread 10" [_thread_blocked, id=7516, stack(0x0000004eab300000,0x0000004eab400000)]
  0x000001e60778a800 JavaThread "jar transforms Thread 11" [_thread_blocked, id=9736, stack(0x0000004eab400000,0x0000004eab500000)]
  0x000001e60778b800 JavaThread "jar transforms Thread 12" [_thread_blocked, id=12632, stack(0x0000004eab500000,0x0000004eab600000)]
  0x000001e607791000 JavaThread "jar transforms Thread 13" [_thread_blocked, id=2560, stack(0x0000004eab600000,0x0000004eab700000)]
  0x000001e607792000 JavaThread "jar transforms Thread 14" [_thread_blocked, id=3916, stack(0x0000004eab700000,0x0000004eab800000)]
  0x000001e60778c000 JavaThread "jar transforms Thread 15" [_thread_blocked, id=12460, stack(0x0000004eab800000,0x0000004eab900000)]
  0x000001e607797800 JavaThread "jar transforms Thread 16" [_thread_blocked, id=6680, stack(0x0000004eab900000,0x0000004eaba00000)]
  0x000001e607793800 JavaThread "jar transforms Thread 17" [_thread_blocked, id=1996, stack(0x0000004eaba00000,0x0000004eabb00000)]
  0x000001e607796000 JavaThread "jar transforms Thread 18" [_thread_blocked, id=1680, stack(0x0000004eabb00000,0x0000004eabc00000)]
  0x000001e607797000 JavaThread "jar transforms Thread 19" [_thread_blocked, id=13128, stack(0x0000004eabc00000,0x0000004eabd00000)]
  0x000001e607798800 JavaThread "jar transforms Thread 20" [_thread_blocked, id=1624, stack(0x0000004eabd00000,0x0000004eabe00000)]
  0x000001e607794800 JavaThread "jar transforms Thread 21" [_thread_blocked, id=1020, stack(0x0000004eabe00000,0x0000004eabf00000)]
  0x000001e6071bc000 JavaThread "Cache worker for execution history cache (C:\Users\ACER\.gradle\caches\6.7.1\executionHistory)" [_thread_blocked, id=13604, stack(0x0000004eac200000,0x0000004eac300000)]
  0x000001e6071be800 JavaThread "Cache worker for file content cache (C:\Users\ACER\.gradle\caches\6.7.1\fileContent)" [_thread_blocked, id=12436, stack(0x0000004eac300000,0x0000004eac400000)]
  0x000001e6071c8800 JavaThread "jar transforms Thread 22" [_thread_blocked, id=14328, stack(0x0000004eacd00000,0x0000004eace00000)]
  0x000001e6071cb000 JavaThread "jar transforms Thread 23" [_thread_blocked, id=9568, stack(0x0000004eace00000,0x0000004eacf00000)]
  0x000001e6071c9000 JavaThread "jar transforms Thread 24" [_thread_blocked, id=5172, stack(0x0000004eacf00000,0x0000004ead000000)]
  0x000001e605801800 JavaThread "jar transforms Thread 25" [_thread_blocked, id=13940, stack(0x0000004ead000000,0x0000004ead100000)]
  0x000001e6057ff000 JavaThread "jar transforms Thread 26" [_thread_blocked, id=12104, stack(0x0000004ead100000,0x0000004ead200000)]
  0x000001e6057ff800 JavaThread "jar transforms Thread 27" [_thread_blocked, id=12832, stack(0x0000004ead200000,0x0000004ead300000)]
  0x000001e605800800 JavaThread "jar transforms Thread 28" [_thread_blocked, id=8512, stack(0x0000004ead300000,0x0000004ead400000)]
  0x000001e6057fe000 JavaThread "jar transforms Thread 29" [_thread_blocked, id=11548, stack(0x0000004ead400000,0x0000004ead500000)]
  0x000001e605806000 JavaThread "jar transforms Thread 30" [_thread_blocked, id=5672, stack(0x0000004ead500000,0x0000004ead600000)]
  0x000001e605803800 JavaThread "jar transforms Thread 31" [_thread_blocked, id=12120, stack(0x0000004ead600000,0x0000004ead700000)]
  0x000001e605808000 JavaThread "jar transforms Thread 32" [_thread_blocked, id=11024, stack(0x0000004ead700000,0x0000004ead800000)]
  0x000001e605807000 JavaThread "jar transforms Thread 33" [_thread_blocked, id=9844, stack(0x0000004ead800000,0x0000004ead900000)]
  0x000001e605803000 JavaThread "jar transforms Thread 34" [_thread_blocked, id=2308, stack(0x0000004ead900000,0x0000004eada00000)]
  0x000001e605804800 JavaThread "jar transforms Thread 35" [_thread_blocked, id=9796, stack(0x0000004eada00000,0x0000004eadb00000)]
  0x000001e605805800 JavaThread "jar transforms Thread 36" [_thread_blocked, id=14260, stack(0x0000004eadb00000,0x0000004eadc00000)]
  0x000001e605802000 JavaThread "jar transforms Thread 37" [_thread_blocked, id=5876, stack(0x0000004eadc00000,0x0000004eadd00000)]
  0x000001e60580c000 JavaThread "jar transforms Thread 38" [_thread_blocked, id=13844, stack(0x0000004eadd00000,0x0000004eade00000)]
  0x000001e60580c800 JavaThread "jar transforms Thread 39" [_thread_blocked, id=13096, stack(0x0000004eade00000,0x0000004eadf00000)]
  0x000001e60580b000 JavaThread "jar transforms Thread 40" [_thread_blocked, id=8816, stack(0x0000004eadf00000,0x0000004eae000000)]
  0x000001e605808800 JavaThread "jar transforms Thread 41" [_thread_blocked, id=9400, stack(0x0000004eae000000,0x0000004eae100000)]
  0x000001e605809800 JavaThread "jar transforms Thread 42" [_thread_blocked, id=4456, stack(0x0000004eae100000,0x0000004eae200000)]
  0x000001e60580a800 JavaThread "jar transforms Thread 43" [_thread_blocked, id=5536, stack(0x0000004eae200000,0x0000004eae300000)]
  0x000001e608adf000 JavaThread "jar transforms Thread 44" [_thread_blocked, id=5984, stack(0x0000004eae300000,0x0000004eae400000)]
  0x000001e608add800 JavaThread "jar transforms Thread 45" [_thread_blocked, id=5356, stack(0x0000004eae400000,0x0000004eae500000)]
  0x000001e608ade000 JavaThread "jar transforms Thread 46" [_thread_blocked, id=9644, stack(0x0000004eae500000,0x0000004eae600000)]
  0x000001e608ae0000 JavaThread "jar transforms Thread 47" [_thread_blocked, id=10004, stack(0x0000004eae600000,0x0000004eae700000)]
  0x000001e608ae0800 JavaThread "jar transforms Thread 48" [_thread_blocked, id=12060, stack(0x0000004eae700000,0x0000004eae800000)]
  0x000001e608adb800 JavaThread "jar transforms Thread 49" [_thread_blocked, id=4184, stack(0x0000004eae800000,0x0000004eae900000)]
  0x000001e608ae1800 JavaThread "jar transforms Thread 50" [_thread_blocked, id=13504, stack(0x0000004eae900000,0x0000004eaea00000)]
  0x000001e608ae2000 JavaThread "jar transforms Thread 51" [_thread_blocked, id=11608, stack(0x0000004eaea00000,0x0000004eaeb00000)]
  0x000001e608adc800 JavaThread "jar transforms Thread 52" [_thread_blocked, id=12036, stack(0x0000004eaeb00000,0x0000004eaec00000)]
  0x000001e608ae5800 JavaThread "jar transforms Thread 53" [_thread_blocked, id=13880, stack(0x0000004eaec00000,0x0000004eaed00000)]
  0x000001e608ae4800 JavaThread "jar transforms Thread 54" [_thread_blocked, id=12692, stack(0x0000004eaed00000,0x0000004eaee00000)]
  0x000001e608ae4000 JavaThread "jar transforms Thread 55" [_thread_blocked, id=1496, stack(0x0000004eaee00000,0x0000004eaef00000)]
  0x000001e608ae6800 JavaThread "jar transforms Thread 56" [_thread_blocked, id=2892, stack(0x0000004eaef00000,0x0000004eaf000000)]
  0x000001e608ae7000 JavaThread "jar transforms Thread 57" [_thread_blocked, id=5252, stack(0x0000004eaf000000,0x0000004eaf100000)]
  0x000001e608ae8000 JavaThread "jar transforms Thread 58" [_thread_blocked, id=2368, stack(0x0000004eaf100000,0x0000004eaf200000)]
  0x000001e608ae9000 JavaThread "jar transforms Thread 59" [_thread_blocked, id=2452, stack(0x0000004eaf200000,0x0000004eaf300000)]
  0x000001e608ae3000 JavaThread "jar transforms Thread 60" [_thread_blocked, id=12852, stack(0x0000004eaf300000,0x0000004eaf400000)]
  0x000001e608ae9800 JavaThread "jar transforms Thread 61" [_thread_blocked, id=3004, stack(0x0000004eaf400000,0x0000004eaf500000)]
  0x000001e608aea800 JavaThread "jar transforms Thread 62" [_thread_blocked, id=3504, stack(0x0000004eaf500000,0x0000004eaf600000)]
  0x000001e608ee2000 JavaThread "jar transforms Thread 63" [_thread_blocked, id=1832, stack(0x0000004eaf600000,0x0000004eaf700000)]
  0x000001e608ee4000 JavaThread "jar transforms Thread 64" [_thread_blocked, id=10544, stack(0x0000004eaf700000,0x0000004eaf800000)]
  0x000001e608ee1800 JavaThread "jar transforms Thread 65" [_thread_blocked, id=13956, stack(0x0000004eaf800000,0x0000004eaf900000)]
  0x000001e608ee6800 JavaThread "jar transforms Thread 66" [_thread_blocked, id=13768, stack(0x0000004eaf900000,0x0000004eafa00000)]
  0x000001e608ee7000 JavaThread "jar transforms Thread 67" [_thread_blocked, id=10564, stack(0x0000004eafa00000,0x0000004eafb00000)]
  0x000001e608ee4800 JavaThread "jar transforms Thread 68" [_thread_blocked, id=11396, stack(0x0000004eafb00000,0x0000004eafc00000)]
  0x000001e608ee8000 JavaThread "jar transforms Thread 69" [_thread_blocked, id=872, stack(0x0000004eafc00000,0x0000004eafd00000)]
  0x000001e608ee5800 JavaThread "jar transforms Thread 70" [_thread_blocked, id=14120, stack(0x0000004eafd00000,0x0000004eafe00000)]
  0x000001e608ee8800 JavaThread "jar transforms Thread 71" [_thread_blocked, id=13920, stack(0x0000004eafe00000,0x0000004eaff00000)]
  0x000001e608ee3000 JavaThread "jar transforms Thread 72" [_thread_blocked, id=4468, stack(0x0000004eaff00000,0x0000004eb0000000)]
  0x000001e608eea800 JavaThread "jar transforms Thread 73" [_thread_blocked, id=12164, stack(0x0000004eb0000000,0x0000004eb0100000)]
  0x000001e608eeb000 JavaThread "jar transforms Thread 74" [_thread_blocked, id=3640, stack(0x0000004eb0100000,0x0000004eb0200000)]
  0x000001e608eec000 JavaThread "jar transforms Thread 75" [_thread_blocked, id=10576, stack(0x0000004eb0200000,0x0000004eb0300000)]
  0x000001e608eed000 JavaThread "jar transforms Thread 76" [_thread_blocked, id=12004, stack(0x0000004eb0300000,0x0000004eb0400000)]
  0x000001e608eed800 JavaThread "jar transforms Thread 77" [_thread_blocked, id=8244, stack(0x0000004eb0400000,0x0000004eb0500000)]
  0x000001e608eee800 JavaThread "jar transforms Thread 78" [_thread_blocked, id=1884, stack(0x0000004eb0500000,0x0000004eb0600000)]
  0x000001e608ee9800 JavaThread "jar transforms Thread 79" [_thread_blocked, id=10788, stack(0x0000004eb0600000,0x0000004eb0700000)]
  0x000001e608eef800 JavaThread "jar transforms Thread 80" [_thread_blocked, id=14284, stack(0x0000004eb0700000,0x0000004eb0800000)]
  0x000001e608ef0000 JavaThread "jar transforms Thread 81" [_thread_blocked, id=12148, stack(0x0000004eb0800000,0x0000004eb0900000)]
  0x000001e607366000 JavaThread "jar transforms Thread 82" [_thread_blocked, id=8328, stack(0x0000004eb0900000,0x0000004eb0a00000)]
  0x000001e607363800 JavaThread "jar transforms Thread 83" [_thread_blocked, id=9028, stack(0x0000004eb0a00000,0x0000004eb0b00000)]
  0x000001e607363000 JavaThread "jar transforms Thread 84" [_thread_blocked, id=12772, stack(0x0000004eb0b00000,0x0000004eb0c00000)]
  0x000001e607360800 JavaThread "jar transforms Thread 85" [_thread_blocked, id=6048, stack(0x0000004eb0c00000,0x0000004eb0d00000)]
  0x000001e607364800 JavaThread "jar transforms Thread 86" [_thread_blocked, id=11304, stack(0x0000004eb0d00000,0x0000004eb0e00000)]
  0x000001e607367000 JavaThread "jar transforms Thread 87" [_thread_blocked, id=14076, stack(0x0000004eb0e00000,0x0000004eb0f00000)]
  0x000001e607365000 JavaThread "jar transforms Thread 88" [_thread_blocked, id=14168, stack(0x0000004eb0f00000,0x0000004eb1000000)]
  0x000001e607361000 JavaThread "jar transforms Thread 89" [_thread_blocked, id=4980, stack(0x0000004eb1000000,0x0000004eb1100000)]
  0x000001e607367800 JavaThread "jar transforms Thread 90" [_thread_blocked, id=7732, stack(0x0000004eb1100000,0x0000004eb1200000)]
  0x000001e607362000 JavaThread "jar transforms Thread 91" [_thread_blocked, id=8908, stack(0x0000004eb1200000,0x0000004eb1300000)]
  0x000001e60736e000 JavaThread "jar transforms Thread 92" [_thread_blocked, id=7944, stack(0x0000004eb1300000,0x0000004eb1400000)]
  0x000001e607368800 JavaThread "jar transforms Thread 93" [_thread_blocked, id=14108, stack(0x0000004eb1400000,0x0000004eb1500000)]
  0x000001e607369800 JavaThread "jar transforms Thread 94" [_thread_blocked, id=14008, stack(0x0000004eb1500000,0x0000004eb1600000)]
  0x000001e60736d800 JavaThread "jar transforms Thread 95" [_thread_blocked, id=11328, stack(0x0000004eb1600000,0x0000004eb1700000)]
  0x000001e60736b000 JavaThread "jar transforms Thread 96" [_thread_blocked, id=8988, stack(0x0000004eb1700000,0x0000004eb1800000)]
  0x000001e60736c000 JavaThread "jar transforms Thread 97" [_thread_blocked, id=7748, stack(0x0000004eb1800000,0x0000004eb1900000)]
  0x000001e60736a000 JavaThread "Memory manager" [_thread_blocked, id=9864, stack(0x0000004eb1900000,0x0000004eb1a00000)]
  0x000001e60736c800 JavaThread "Handler for socket connection from /127.0.0.1:64731 to /127.0.0.1:53356" [_thread_in_native, id=8540, stack(0x0000004ea9900000,0x0000004ea9a00000)]
  0x000001e60736f000 JavaThread "Cancel handler" [_thread_blocked, id=8612, stack(0x0000004ea9b00000,0x0000004ea9c00000)]
  0x000001e6071c5000 JavaThread "Asynchronous log dispatcher for DefaultDaemonConnection: socket connection from /127.0.0.1:64731 to /127.0.0.1:53356" [_thread_blocked, id=13440, stack(0x0000004ea9d00000,0x0000004ea9e00000)]
  0x000001e6071c2800 JavaThread "Stdin handler" [_thread_blocked, id=12704, stack(0x0000004ea9e00000,0x0000004ea9f00000)]
  0x000001e6071c3800 JavaThread "Thread-136" [_thread_blocked, id=14136, stack(0x0000004ea9f00000,0x0000004eaa000000)]
  0x000001e6071bf800 JavaThread "Cache worker for file hash cache (E:\UTS-MySelfApp-master\.gradle\6.7.1\fileHashes)" [_thread_blocked, id=6296, stack(0x0000004eaa800000,0x0000004eaa900000)]
  0x000001e6071c6000 JavaThread "Cache worker for checksums cache (E:\UTS-MySelfApp-master\.gradle\checksums)" [_thread_blocked, id=11820, stack(0x0000004eaa900000,0x0000004eaaa00000)]
  0x000001e6071c1000 JavaThread "Cache worker for cache directory md-supplier (C:\Users\ACER\.gradle\caches\6.7.1\md-supplier)" [_thread_blocked, id=3972, stack(0x0000004eabf00000,0x0000004eac000000)]
  0x000001e6071c7000 JavaThread "Cache worker for cache directory md-rule (C:\Users\ACER\.gradle\caches\6.7.1\md-rule)" [_thread_blocked, id=13436, stack(0x0000004eac000000,0x0000004eac100000)]
  0x000001e6071c7800 JavaThread "Cache worker for Build Output Cleanup Cache (E:\UTS-MySelfApp-master\.gradle\buildOutputCleanup)" [_thread_blocked, id=10728, stack(0x0000004eac100000,0x0000004eac200000)]
  0x000001e6071ca000 JavaThread "Build operations" [_thread_blocked, id=12520, stack(0x0000004eac400000,0x0000004eac500000)]
  0x000001e607795000 JavaThread "Build operations Thread 2" [_thread_blocked, id=7284, stack(0x0000004eac500000,0x0000004eac600000)]
  0x000001e607792800 JavaThread "Build operations Thread 3" [_thread_blocked, id=7508, stack(0x0000004eac600000,0x0000004eac700000)]
  0x000001e607799000 JavaThread "Build operations Thread 4" [_thread_blocked, id=8596, stack(0x0000004eac700000,0x0000004eac800000)]
  0x000001e6057dc000 JavaThread "Build operations Thread 5" [_thread_blocked, id=14216, stack(0x0000004eac800000,0x0000004eac900000)]
  0x000001e6091ac000 JavaThread "Build operations Thread 6" [_thread_blocked, id=11740, stack(0x0000004eac900000,0x0000004eaca00000)]
  0x000001e6091ae800 JavaThread "Build operations Thread 7" [_thread_blocked, id=10384, stack(0x0000004eaca00000,0x0000004eacb00000)]
  0x000001e6091af800 JavaThread "Build operations Thread 8" [_thread_blocked, id=2536, stack(0x0000004eacb00000,0x0000004eacc00000)]
  0x000001e6091b0000 JavaThread "build event listener" [_thread_blocked, id=9460, stack(0x0000004eacc00000,0x0000004eacd00000)]
  0x000001e6091ae000 JavaThread "build event listener" [_thread_blocked, id=10096, stack(0x0000004eb1a00000,0x0000004eb1b00000)]
  0x000001e6091ad000 JavaThread "Execution worker for ':'" [_thread_blocked, id=2372, stack(0x0000004eb1b00000,0x0000004eb1c00000)]
  0x000001e6091b2800 JavaThread "Execution worker for ':' Thread 2" [_thread_blocked, id=11992, stack(0x0000004eb1c00000,0x0000004eb1d00000)]
  0x000001e6091b6000 JavaThread "Execution worker for ':' Thread 3" [_thread_blocked, id=1792, stack(0x0000004eb1d00000,0x0000004eb1e00000)]
  0x000001e6091b7000 JavaThread "Execution worker for ':' Thread 4" [_thread_blocked, id=2284, stack(0x0000004eb1e00000,0x0000004eb1f00000)]
  0x000001e6091b3800 JavaThread "Execution worker for ':' Thread 5" [_thread_blocked, id=3332, stack(0x0000004eb1f00000,0x0000004eb2000000)]
  0x000001e6091b5000 JavaThread "Execution worker for ':' Thread 6" [_thread_blocked, id=12336, stack(0x0000004eb2000000,0x0000004eb2100000)]
  0x000001e6091b4800 JavaThread "Execution worker for ':' Thread 7" [_thread_blocked, id=1368, stack(0x0000004eb2100000,0x0000004eb2200000)]
  0x000001e6091b1000 JavaThread "Cache worker for execution history cache (E:\UTS-MySelfApp-master\.gradle\6.7.1\executionHistory)" [_thread_blocked, id=2176, stack(0x0000004eb2200000,0x0000004eb2300000)]

Other Threads:
=>0x000001e602820000 VMThread "VM Thread" [stack: 0x0000004ea8600000,0x0000004ea8700000] [id=12000] _threads_hazard_ptr=0x000001e609166650
  0x000001e603302000 WatcherThread [stack: 0x0000004ea9000000,0x0000004ea9100000] [id=3112]
  0x000001e667d10800 GCTaskThread "GC Thread#0" [stack: 0x0000004ea8100000,0x0000004ea8200000] [id=14160]
  0x000001e603d83000 GCTaskThread "GC Thread#1" [stack: 0x0000004ea9300000,0x0000004ea9400000] [id=3956]
  0x000001e603f43000 GCTaskThread "GC Thread#2" [stack: 0x0000004ea9400000,0x0000004ea9500000] [id=5800]
  0x000001e60540d800 GCTaskThread "GC Thread#3" [stack: 0x0000004ea9a00000,0x0000004ea9b00000] [id=8464]
  0x000001e604b1a800 GCTaskThread "GC Thread#4" [stack: 0x0000004eaa000000,0x0000004eaa100000] [id=11044]
  0x000001e60501f800 GCTaskThread "GC Thread#5" [stack: 0x0000004eaa100000,0x0000004eaa200000] [id=12624]
  0x000001e60501c800 GCTaskThread "GC Thread#6" [stack: 0x0000004eaa200000,0x0000004eaa300000] [id=3388]
  0x000001e60407b000 GCTaskThread "GC Thread#7" [stack: 0x0000004eaa300000,0x0000004eaa400000] [id=564]
  0x000001e667d44000 ConcurrentGCThread "G1 Main Marker" [stack: 0x0000004ea8200000,0x0000004ea8300000] [id=8012]
  0x000001e667d46800 ConcurrentGCThread "G1 Conc#0" [stack: 0x0000004ea8300000,0x0000004ea8400000] [id=2092]
  0x000001e60382a000 ConcurrentGCThread "G1 Conc#1" [stack: 0x0000004eaa600000,0x0000004eaa700000] [id=13876]
  0x000001e667dd7800 ConcurrentGCThread "G1 Refine#0" [stack: 0x0000004ea8400000,0x0000004ea8500000] [id=580]
  0x000001e667dd8800 ConcurrentGCThread "G1 Young RemSet Sampling" [stack: 0x0000004ea8500000,0x0000004ea8600000] [id=10664]

Threads with active compile tasks:
C2 CompilerThread0  56852 9995   !   4       org.gradle.api.internal.attributes.DefaultImmutableAttributesFactory::doConcatIsolatable (128 bytes)

VM state:at safepoint (normal execution)

VM Mutex/Monitor currently owned by a thread:  ([mutex/lock_event])
[0x000001e667cf4ca0] Threads_lock - owner thread: 0x000001e602820000

Heap address: 0x0000000080000000, size: 2048 MB, Compressed Oops mode: 32-bit
Narrow klass base: 0x0000000000000000, Narrow klass shift: 3
Compressed class space size: 1073741824 Address: 0x0000000100000000

Heap:
 garbage-first heap   total 187392K, used 132356K [0x0000000080000000, 0x0000000100000000)
  region size 1024K, 46 young (47104K), 5 survivors (5120K)
 Metaspace       used 97392K, capacity 100257K, committed 100476K, reserved 1136640K
  class space    used 12516K, capacity 13524K, committed 13568K, reserved 1048576K
Heap Regions: E=young(eden), S=young(survivor), O=old, HS=humongous(starts), HC=humongous(continues), CS=collection set, F=free, A=archive, TAMS=top-at-mark-start (previous, next)
|   0|0x0000000080000000, 0x0000000080100000, 0x0000000080100000|100%| O|  |TAMS 0x0000000080100000, 0x0000000080000000| Untracked 
|   1|0x0000000080100000, 0x0000000080200000, 0x0000000080200000|100%| O|  |TAMS 0x0000000080200000, 0x0000000080100000| Untracked 
|   2|0x0000000080200000, 0x0000000080300000, 0x0000000080300000|100%| O|  |TAMS 0x0000000080300000, 0x0000000080200000| Untracked 
|   3|0x0000000080300000, 0x0000000080400000, 0x0000000080400000|100%|HS|  |TAMS 0x0000000080400000, 0x0000000080300000| Complete 
|   4|0x0000000080400000, 0x0000000080500000, 0x0000000080500000|100%|HC|  |TAMS 0x0000000080500000, 0x0000000080400000| Complete 
|   5|0x0000000080500000, 0x0000000080600000, 0x0000000080600000|100%|HC|  |TAMS 0x0000000080600000, 0x0000000080500000| Complete 
|   6|0x0000000080600000, 0x0000000080700000, 0x0000000080700000|100%| O|  |TAMS 0x0000000080700000, 0x0000000080600000| Untracked 
|   7|0x0000000080700000, 0x0000000080800000, 0x0000000080800000|100%| O|  |TAMS 0x0000000080800000, 0x0000000080700000| Untracked 
|   8|0x0000000080800000, 0x0000000080900000, 0x0000000080900000|100%| O|  |TAMS 0x0000000080900000, 0x0000000080800000| Untracked 
|   9|0x0000000080900000, 0x0000000080a00000, 0x0000000080a00000|100%| O|  |TAMS 0x0000000080a00000, 0x0000000080900000| Untracked 
|  10|0x0000000080a00000, 0x0000000080b00000, 0x0000000080b00000|100%| O|  |TAMS 0x0000000080b00000, 0x0000000080a00000| Untracked 
|  11|0x0000000080b00000, 0x0000000080c00000, 0x0000000080c00000|100%| O|  |TAMS 0x0000000080c00000, 0x0000000080b00000| Untracked 
|  12|0x0000000080c00000, 0x0000000080d00000, 0x0000000080d00000|100%| O|  |TAMS 0x0000000080d00000, 0x0000000080c00000| Untracked 
|  13|0x0000000080d00000, 0x0000000080e00000, 0x0000000080e00000|100%| O|  |TAMS 0x0000000080e00000, 0x0000000080d00000| Untracked 
|  14|0x0000000080e00000, 0x0000000080f00000, 0x0000000080f00000|100%| O|  |TAMS 0x0000000080f00000, 0x0000000080e00000| Untracked 
|  15|0x0000000080f00000, 0x0000000081000000, 0x0000000081000000|100%| O|  |TAMS 0x0000000081000000, 0x0000000080f00000| Untracked 
|  16|0x0000000081000000, 0x0000000081100000, 0x0000000081100000|100%|HS|  |TAMS 0x0000000081100000, 0x0000000081000000| Complete 
|  17|0x0000000081100000, 0x0000000081200000, 0x0000000081200000|100%|HC|  |TAMS 0x0000000081200000, 0x0000000081100000| Complete 
|  18|0x0000000081200000, 0x0000000081300000, 0x0000000081300000|100%|HS|  |TAMS 0x0000000081300000, 0x0000000081200000| Complete 
|  19|0x0000000081300000, 0x0000000081400000, 0x0000000081400000|100%|HC|  |TAMS 0x0000000081400000, 0x0000000081300000| Complete 
|  20|0x0000000081400000, 0x0000000081500000, 0x0000000081500000|100%|HC|  |TAMS 0x0000000081500000, 0x0000000081400000| Complete 
|  21|0x0000000081500000, 0x0000000081600000, 0x0000000081600000|100%|HS|  |TAMS 0x0000000081600000, 0x0000000081500000| Complete 
|  22|0x0000000081600000, 0x0000000081700000, 0x0000000081700000|100%|HC|  |TAMS 0x0000000081700000, 0x0000000081600000| Complete 
|  23|0x0000000081700000, 0x0000000081800000, 0x0000000081800000|100%|HC|  |TAMS 0x0000000081800000, 0x0000000081700000| Complete 
|  24|0x0000000081800000, 0x0000000081900000, 0x0000000081900000|100%|HC|  |TAMS 0x0000000081900000, 0x0000000081800000| Complete 
|  25|0x0000000081900000, 0x0000000081a00000, 0x0000000081a00000|100%| O|  |TAMS 0x0000000081a00000, 0x0000000081900000| Untracked 
|  26|0x0000000081a00000, 0x0000000081b00000, 0x0000000081b00000|100%| O|  |TAMS 0x0000000081b00000, 0x0000000081a00000| Untracked 
|  27|0x0000000081b00000, 0x0000000081c00000, 0x0000000081c00000|100%| O|  |TAMS 0x0000000081c00000, 0x0000000081b00000| Untracked 
|  28|0x0000000081c00000, 0x0000000081d00000, 0x0000000081d00000|100%|HS|  |TAMS 0x0000000081d00000, 0x0000000081c00000| Complete 
|  29|0x0000000081d00000, 0x0000000081e00000, 0x0000000081e00000|100%|HC|  |TAMS 0x0000000081e00000, 0x0000000081d00000| Complete 
|  30|0x0000000081e00000, 0x0000000081f00000, 0x0000000081f00000|100%|HC|  |TAMS 0x0000000081f00000, 0x0000000081e00000| Complete 
|  31|0x0000000081f00000, 0x0000000082000000, 0x0000000082000000|100%|HC|  |TAMS 0x0000000082000000, 0x0000000081f00000| Complete 
|  32|0x0000000082000000, 0x0000000082100000, 0x0000000082100000|100%|HS|  |TAMS 0x0000000082100000, 0x0000000082000000| Complete 
|  33|0x0000000082100000, 0x0000000082200000, 0x0000000082200000|100%|HC|  |TAMS 0x0000000082200000, 0x0000000082100000| Complete 
|  34|0x0000000082200000, 0x0000000082300000, 0x0000000082300000|100%|HC|  |TAMS 0x0000000082300000, 0x0000000082200000| Complete 
|  35|0x0000000082300000, 0x0000000082400000, 0x0000000082400000|100%| O|  |TAMS 0x0000000082400000, 0x0000000082300000| Untracked 
|  36|0x0000000082400000, 0x0000000082500000, 0x0000000082500000|100%| O|  |TAMS 0x0000000082500000, 0x0000000082400000| Untracked 
|  37|0x0000000082500000, 0x0000000082600000, 0x0000000082600000|100%| O|  |TAMS 0x0000000082600000, 0x0000000082500000| Untracked 
|  38|0x0000000082600000, 0x0000000082700000, 0x0000000082700000|100%| O|  |TAMS 0x0000000082700000, 0x0000000082600000| Untracked 
|  39|0x0000000082700000, 0x0000000082800000, 0x0000000082800000|100%| O|  |TAMS 0x0000000082800000, 0x0000000082700000| Untracked 
|  40|0x0000000082800000, 0x0000000082900000, 0x0000000082900000|100%| O|  |TAMS 0x0000000082900000, 0x0000000082800000| Untracked 
|  41|0x0000000082900000, 0x0000000082a00000, 0x0000000082a00000|100%| O|  |TAMS 0x0000000082a00000, 0x0000000082900000| Untracked 
|  42|0x0000000082a00000, 0x0000000082b00000, 0x0000000082b00000|100%| O|  |TAMS 0x0000000082b00000, 0x0000000082a00000| Untracked 
|  43|0x0000000082b00000, 0x0000000082c00000, 0x0000000082c00000|100%| O|  |TAMS 0x0000000082c00000, 0x0000000082b00000| Untracked 
|  44|0x0000000082c00000, 0x0000000082d00000, 0x0000000082d00000|100%| O|  |TAMS 0x0000000082d00000, 0x0000000082c00000| Untracked 
|  45|0x0000000082d00000, 0x0000000082e00000, 0x0000000082e00000|100%| O|  |TAMS 0x0000000082e00000, 0x0000000082d00000| Untracked 
|  46|0x0000000082e00000, 0x0000000082f00000, 0x0000000082f00000|100%| O|  |TAMS 0x0000000082f00000, 0x0000000082e00000| Untracked 
|  47|0x0000000082f00000, 0x0000000083000000, 0x0000000083000000|100%| O|  |TAMS 0x0000000083000000, 0x0000000082f00000| Untracked 
|  48|0x0000000083000000, 0x0000000083100000, 0x0000000083100000|100%| O|  |TAMS 0x0000000083100000, 0x0000000083000000| Untracked 
|  49|0x0000000083100000, 0x0000000083200000, 0x0000000083200000|100%|HS|  |TAMS 0x0000000083200000, 0x0000000083100000| Complete 
|  50|0x0000000083200000, 0x0000000083300000, 0x0000000083300000|100%|HS|  |TAMS 0x0000000083300000, 0x0000000083200000| Complete 
|  51|0x0000000083300000, 0x0000000083400000, 0x0000000083400000|100%|HC|  |TAMS 0x0000000083400000, 0x0000000083300000| Complete 
|  52|0x0000000083400000, 0x0000000083500000, 0x0000000083500000|100%| O|  |TAMS 0x0000000083500000, 0x0000000083400000| Untracked 
|  53|0x0000000083500000, 0x0000000083600000, 0x0000000083600000|100%| O|  |TAMS 0x0000000083600000, 0x0000000083500000| Untracked 
|  54|0x0000000083600000, 0x0000000083700000, 0x0000000083700000|100%| O|  |TAMS 0x0000000083700000, 0x0000000083600000| Untracked 
|  55|0x0000000083700000, 0x0000000083800000, 0x0000000083800000|100%| O|  |TAMS 0x0000000083800000, 0x0000000083700000| Untracked 
|  56|0x0000000083800000, 0x0000000083900000, 0x0000000083900000|100%| O|  |TAMS 0x0000000083900000, 0x0000000083800000| Untracked 
|  57|0x0000000083900000, 0x0000000083a00000, 0x0000000083a00000|100%| O|  |TAMS 0x0000000083a00000, 0x0000000083900000| Untracked 
|  58|0x0000000083a00000, 0x0000000083b00000, 0x0000000083b00000|100%| O|  |TAMS 0x0000000083b00000, 0x0000000083a00000| Untracked 
|  59|0x0000000083b00000, 0x0000000083c00000, 0x0000000083c00000|100%| O|  |TAMS 0x0000000083c00000, 0x0000000083b00000| Untracked 
|  60|0x0000000083c00000, 0x0000000083d00000, 0x0000000083d00000|100%| O|  |TAMS 0x0000000083d00000, 0x0000000083c00000| Untracked 
|  61|0x0000000083d00000, 0x0000000083e00000, 0x0000000083e00000|100%| O|  |TAMS 0x0000000083e00000, 0x0000000083d00000| Untracked 
|  62|0x0000000083e00000, 0x0000000083f00000, 0x0000000083f00000|100%| O|  |TAMS 0x0000000083f00000, 0x0000000083e00000| Untracked 
|  63|0x0000000083f00000, 0x0000000084000000, 0x0000000084000000|100%| O|  |TAMS 0x0000000084000000, 0x0000000083f00000| Untracked 
|  64|0x0000000084000000, 0x0000000084100000, 0x0000000084100000|100%| O|  |TAMS 0x0000000084100000, 0x0000000084000000| Untracked 
|  65|0x0000000084100000, 0x0000000084200000, 0x0000000084200000|100%| O|  |TAMS 0x0000000084200000, 0x0000000084100000| Untracked 
|  66|0x0000000084200000, 0x0000000084300000, 0x0000000084300000|100%| O|  |TAMS 0x0000000084300000, 0x0000000084200000| Untracked 
|  67|0x0000000084300000, 0x0000000084400000, 0x0000000084400000|100%| O|  |TAMS 0x0000000084400000, 0x0000000084300000| Untracked 
|  68|0x0000000084400000, 0x0000000084500000, 0x0000000084500000|100%| O|  |TAMS 0x0000000084500000, 0x0000000084400000| Untracked 
|  69|0x0000000084500000, 0x0000000084600000, 0x0000000084600000|100%| O|  |TAMS 0x0000000084600000, 0x0000000084500000| Untracked 
|  70|0x0000000084600000, 0x0000000084700000, 0x0000000084700000|100%| O|  |TAMS 0x0000000084700000, 0x0000000084600000| Untracked 
|  71|0x0000000084700000, 0x0000000084800000, 0x0000000084800000|100%| O|  |TAMS 0x0000000084800000, 0x0000000084700000| Untracked 
|  72|0x0000000084800000, 0x0000000084900000, 0x0000000084900000|100%| O|  |TAMS 0x0000000084900000, 0x0000000084800000| Untracked 
|  73|0x0000000084900000, 0x0000000084a00000, 0x0000000084a00000|100%| O|  |TAMS 0x0000000084a00000, 0x0000000084900000| Untracked 
|  74|0x0000000084a00000, 0x0000000084b00000, 0x0000000084b00000|100%| O|  |TAMS 0x0000000084b00000, 0x0000000084a00000| Untracked 
|  75|0x0000000084b00000, 0x0000000084c00000, 0x0000000084c00000|100%| O|  |TAMS 0x0000000084c00000, 0x0000000084b00000| Untracked 
|  76|0x0000000084c00000, 0x0000000084d00000, 0x0000000084d00000|100%| O|  |TAMS 0x0000000084d00000, 0x0000000084c00000| Untracked 
|  77|0x0000000084d00000, 0x0000000084e00000, 0x0000000084e00000|100%| O|  |TAMS 0x0000000084e00000, 0x0000000084d00000| Untracked 
|  78|0x0000000084e00000, 0x0000000084f00000, 0x0000000084f00000|100%| O|  |TAMS 0x0000000084f00000, 0x0000000084e00000| Untracked 
|  79|0x0000000084f00000, 0x0000000085000000, 0x0000000085000000|100%| O|  |TAMS 0x0000000085000000, 0x0000000084f00000| Untracked 
|  80|0x0000000085000000, 0x0000000085100000, 0x0000000085100000|100%| O|  |TAMS 0x0000000085100000, 0x0000000085000000| Untracked 
|  81|0x0000000085100000, 0x0000000085200000, 0x0000000085200000|100%| O|  |TAMS 0x0000000085200000, 0x0000000085100000| Untracked 
|  82|0x0000000085200000, 0x0000000085300000, 0x0000000085300000|100%| O|  |TAMS 0x00000000852a7200, 0x0000000085200000| Untracked 
|  83|0x0000000085300000, 0x0000000085300000, 0x0000000085400000|  0%| F|  |TAMS 0x0000000085300000, 0x0000000085300000| Untracked 
|  84|0x0000000085400000, 0x0000000085500000, 0x0000000085500000|100%| O|  |TAMS 0x0000000085400000, 0x0000000085400000| Untracked 
|  85|0x0000000085500000, 0x00000000855d9000, 0x0000000085600000| 84%| O|  |TAMS 0x0000000085500000, 0x0000000085500000| Untracked 
|  86|0x0000000085600000, 0x0000000085600000, 0x0000000085700000|  0%| F|  |TAMS 0x0000000085600000, 0x0000000085600000| Untracked 
|  87|0x0000000085700000, 0x0000000085700000, 0x0000000085800000|  0%| F|  |TAMS 0x0000000085700000, 0x0000000085700000| Untracked 
|  88|0x0000000085800000, 0x0000000085800000, 0x0000000085900000|  0%| F|  |TAMS 0x0000000085800000, 0x0000000085800000| Untracked 
|  89|0x0000000085900000, 0x0000000085900000, 0x0000000085a00000|  0%| F|  |TAMS 0x0000000085900000, 0x0000000085900000| Untracked 
|  90|0x0000000085a00000, 0x0000000085a00000, 0x0000000085b00000|  0%| F|  |TAMS 0x0000000085a00000, 0x0000000085a00000| Untracked 
|  91|0x0000000085b00000, 0x0000000085b00000, 0x0000000085c00000|  0%| F|  |TAMS 0x0000000085b00000, 0x0000000085b00000| Untracked 
|  92|0x0000000085c00000, 0x0000000085c00000, 0x0000000085d00000|  0%| F|  |TAMS 0x0000000085c00000, 0x0000000085c00000| Untracked 
|  93|0x0000000085d00000, 0x0000000085d00000, 0x0000000085e00000|  0%| F|  |TAMS 0x0000000085d00000, 0x0000000085d00000| Untracked 
|  94|0x0000000085e00000, 0x0000000085e00000, 0x0000000085f00000|  0%| F|  |TAMS 0x0000000085e00000, 0x0000000085e00000| Untracked 
|  95|0x0000000085f00000, 0x0000000085f00000, 0x0000000086000000|  0%| F|  |TAMS 0x0000000085f00000, 0x0000000085f00000| Untracked 
|  96|0x0000000086000000, 0x0000000086000000, 0x0000000086100000|  0%| F|  |TAMS 0x0000000086000000, 0x0000000086000000| Untracked 
|  97|0x0000000086100000, 0x0000000086100000, 0x0000000086200000|  0%| F|  |TAMS 0x0000000086100000, 0x0000000086100000| Untracked 
|  98|0x0000000086200000, 0x0000000086200000, 0x0000000086300000|  0%| F|  |TAMS 0x0000000086200000, 0x0000000086200000| Untracked 
|  99|0x0000000086300000, 0x0000000086300000, 0x0000000086400000|  0%| F|  |TAMS 0x0000000086300000, 0x0000000086300000| Untracked 
| 100|0x0000000086400000, 0x0000000086400000, 0x0000000086500000|  0%| F|  |TAMS 0x0000000086400000, 0x0000000086400000| Untracked 
| 101|0x0000000086500000, 0x0000000086500000, 0x0000000086600000|  0%| F|  |TAMS 0x0000000086500000, 0x0000000086500000| Untracked 
| 102|0x0000000086600000, 0x0000000086600000, 0x0000000086700000|  0%| F|  |TAMS 0x0000000086600000, 0x0000000086600000| Untracked 
| 103|0x0000000086700000, 0x00000000867683e0, 0x0000000086800000| 40%| S|CS|TAMS 0x0000000086700000, 0x0000000086700000| Complete 
| 104|0x0000000086800000, 0x0000000086900000, 0x0000000086900000|100%| S|CS|TAMS 0x0000000086800000, 0x0000000086800000| Complete 
| 105|0x0000000086900000, 0x0000000086a00000, 0x0000000086a00000|100%| S|CS|TAMS 0x0000000086900000, 0x0000000086900000| Complete 
| 106|0x0000000086a00000, 0x0000000086b00000, 0x0000000086b00000|100%| S|CS|TAMS 0x0000000086a00000, 0x0000000086a00000| Complete 
| 107|0x0000000086b00000, 0x0000000086c00000, 0x0000000086c00000|100%| S|CS|TAMS 0x0000000086b00000, 0x0000000086b00000| Complete 
| 108|0x0000000086c00000, 0x0000000086c00000, 0x0000000086d00000|  0%| F|  |TAMS 0x0000000086c00000, 0x0000000086c00000| Untracked 
| 109|0x0000000086d00000, 0x0000000086d00000, 0x0000000086e00000|  0%| F|  |TAMS 0x0000000086d00000, 0x0000000086d00000| Untracked 
| 110|0x0000000086e00000, 0x0000000086e00000, 0x0000000086f00000|  0%| F|  |TAMS 0x0000000086e00000, 0x0000000086e00000| Untracked 
| 111|0x0000000086f00000, 0x0000000086f00000, 0x0000000087000000|  0%| F|  |TAMS 0x0000000086f00000, 0x0000000086f00000| Untracked 
| 112|0x0000000087000000, 0x0000000087000000, 0x0000000087100000|  0%| F|  |TAMS 0x0000000087000000, 0x0000000087000000| Untracked 
| 113|0x0000000087100000, 0x0000000087100000, 0x0000000087200000|  0%| F|  |TAMS 0x0000000087100000, 0x0000000087100000| Untracked 
| 114|0x0000000087200000, 0x0000000087200000, 0x0000000087300000|  0%| F|  |TAMS 0x0000000087200000, 0x0000000087200000| Untracked 
| 115|0x0000000087300000, 0x0000000087300000, 0x0000000087400000|  0%| F|  |TAMS 0x0000000087300000, 0x0000000087300000| Untracked 
| 116|0x0000000087400000, 0x0000000087400000, 0x0000000087500000|  0%| F|  |TAMS 0x0000000087400000, 0x0000000087400000| Untracked 
| 117|0x0000000087500000, 0x0000000087500000, 0x0000000087600000|  0%| F|  |TAMS 0x0000000087500000, 0x0000000087500000| Untracked 
| 118|0x0000000087600000, 0x0000000087600000, 0x0000000087700000|  0%| F|  |TAMS 0x0000000087600000, 0x0000000087600000| Untracked 
| 119|0x0000000087700000, 0x0000000087700000, 0x0000000087800000|  0%| F|  |TAMS 0x0000000087700000, 0x0000000087700000| Untracked 
| 120|0x0000000087800000, 0x0000000087800000, 0x0000000087900000|  0%| F|  |TAMS 0x0000000087800000, 0x0000000087800000| Untracked 
| 121|0x0000000087900000, 0x0000000087900000, 0x0000000087a00000|  0%| F|  |TAMS 0x0000000087900000, 0x0000000087900000| Untracked 
| 122|0x0000000087a00000, 0x0000000087a00000, 0x0000000087b00000|  0%| F|  |TAMS 0x0000000087a00000, 0x0000000087a00000| Untracked 
| 123|0x0000000087b00000, 0x0000000087b00000, 0x0000000087c00000|  0%| F|  |TAMS 0x0000000087b00000, 0x0000000087b00000| Untracked 
| 124|0x0000000087c00000, 0x0000000087c00000, 0x0000000087d00000|  0%| F|  |TAMS 0x0000000087c00000, 0x0000000087c00000| Untracked 
| 125|0x0000000087d00000, 0x0000000087d00000, 0x0000000087e00000|  0%| F|  |TAMS 0x0000000087d00000, 0x0000000087d00000| Untracked 
| 126|0x0000000087e00000, 0x0000000087e00000, 0x0000000087f00000|  0%| F|  |TAMS 0x0000000087e00000, 0x0000000087e00000| Untracked 
| 127|0x0000000087f00000, 0x0000000087f00000, 0x0000000088000000|  0%| F|  |TAMS 0x0000000087f00000, 0x0000000087f00000| Untracked 
| 128|0x0000000088000000, 0x0000000088000000, 0x0000000088100000|  0%| F|  |TAMS 0x0000000088000000, 0x0000000088000000| Untracked 
| 129|0x0000000088100000, 0x0000000088100000, 0x0000000088200000|  0%| F|  |TAMS 0x0000000088100000, 0x0000000088100000| Untracked 
| 130|0x0000000088200000, 0x0000000088200000, 0x0000000088300000|  0%| F|  |TAMS 0x0000000088200000, 0x0000000088200000| Untracked 
| 131|0x0000000088300000, 0x0000000088300000, 0x0000000088400000|  0%| F|  |TAMS 0x0000000088300000, 0x0000000088300000| Untracked 
| 132|0x0000000088400000, 0x0000000088400000, 0x0000000088500000|  0%| F|  |TAMS 0x0000000088400000, 0x0000000088400000| Untracked 
| 133|0x0000000088500000, 0x0000000088500000, 0x0000000088600000|  0%| F|  |TAMS 0x0000000088500000, 0x0000000088500000| Untracked 
| 134|0x0000000088600000, 0x0000000088600000, 0x0000000088700000|  0%| F|  |TAMS 0x0000000088600000, 0x0000000088600000| Untracked 
| 135|0x0000000088700000, 0x0000000088700000, 0x0000000088800000|  0%| F|  |TAMS 0x0000000088700000, 0x0000000088700000| Untracked 
| 136|0x0000000088800000, 0x0000000088800000, 0x0000000088900000|  0%| F|  |TAMS 0x0000000088800000, 0x0000000088800000| Untracked 
| 137|0x0000000088900000, 0x0000000088900000, 0x0000000088a00000|  0%| F|  |TAMS 0x0000000088900000, 0x0000000088900000| Untracked 
| 138|0x0000000088a00000, 0x0000000088a00000, 0x0000000088b00000|  0%| F|  |TAMS 0x0000000088a00000, 0x0000000088a00000| Untracked 
| 139|0x0000000088b00000, 0x0000000088b00000, 0x0000000088c00000|  0%| F|  |TAMS 0x0000000088b00000, 0x0000000088b00000| Untracked 
| 140|0x0000000088c00000, 0x0000000088c00000, 0x0000000088d00000|  0%| F|  |TAMS 0x0000000088c00000, 0x0000000088c00000| Untracked 
| 141|0x0000000088d00000, 0x0000000088d00000, 0x0000000088e00000|  0%| F|  |TAMS 0x0000000088d00000, 0x0000000088d00000| Untracked 
| 142|0x0000000088e00000, 0x0000000088e16b18, 0x0000000088f00000|  8%| E|  |TAMS 0x0000000088e00000, 0x0000000088e00000| Complete 
| 143|0x0000000088f00000, 0x0000000089000000, 0x0000000089000000|100%| E|CS|TAMS 0x0000000088f00000, 0x0000000088f00000| Complete 
| 144|0x0000000089000000, 0x0000000089100000, 0x0000000089100000|100%| E|CS|TAMS 0x0000000089000000, 0x0000000089000000| Complete 
| 145|0x0000000089100000, 0x0000000089200000, 0x0000000089200000|100%| E|CS|TAMS 0x0000000089100000, 0x0000000089100000| Complete 
| 146|0x0000000089200000, 0x0000000089300000, 0x0000000089300000|100%| E|CS|TAMS 0x0000000089200000, 0x0000000089200000| Complete 
| 147|0x0000000089300000, 0x0000000089400000, 0x0000000089400000|100%| E|CS|TAMS 0x0000000089300000, 0x0000000089300000| Complete 
| 148|0x0000000089400000, 0x0000000089500000, 0x0000000089500000|100%| E|CS|TAMS 0x0000000089400000, 0x0000000089400000| Complete 
| 149|0x0000000089500000, 0x0000000089600000, 0x0000000089600000|100%| E|CS|TAMS 0x0000000089500000, 0x0000000089500000| Complete 
| 150|0x0000000089600000, 0x0000000089700000, 0x0000000089700000|100%| E|CS|TAMS 0x0000000089600000, 0x0000000089600000| Complete 
| 151|0x0000000089700000, 0x0000000089800000, 0x0000000089800000|100%| E|CS|TAMS 0x0000000089700000, 0x0000000089700000| Complete 
| 152|0x0000000089800000, 0x0000000089900000, 0x0000000089900000|100%| E|CS|TAMS 0x0000000089800000, 0x0000000089800000| Complete 
| 153|0x0000000089900000, 0x0000000089a00000, 0x0000000089a00000|100%| E|CS|TAMS 0x0000000089900000, 0x0000000089900000| Complete 
| 154|0x0000000089a00000, 0x0000000089b00000, 0x0000000089b00000|100%| E|CS|TAMS 0x0000000089a00000, 0x0000000089a00000| Complete 
| 155|0x0000000089b00000, 0x0000000089c00000, 0x0000000089c00000|100%| E|CS|TAMS 0x0000000089b00000, 0x0000000089b00000| Complete 
| 156|0x0000000089c00000, 0x0000000089d00000, 0x0000000089d00000|100%| E|CS|TAMS 0x0000000089c00000, 0x0000000089c00000| Complete 
| 157|0x0000000089d00000, 0x0000000089e00000, 0x0000000089e00000|100%| E|CS|TAMS 0x0000000089d00000, 0x0000000089d00000| Complete 
| 158|0x0000000089e00000, 0x0000000089f00000, 0x0000000089f00000|100%| E|CS|TAMS 0x0000000089e00000, 0x0000000089e00000| Complete 
| 159|0x0000000089f00000, 0x000000008a000000, 0x000000008a000000|100%| E|CS|TAMS 0x0000000089f00000, 0x0000000089f00000| Complete 
| 160|0x000000008a000000, 0x000000008a100000, 0x000000008a100000|100%| E|CS|TAMS 0x000000008a000000, 0x000000008a000000| Complete 
| 161|0x000000008a100000, 0x000000008a200000, 0x000000008a200000|100%| E|CS|TAMS 0x000000008a100000, 0x000000008a100000| Complete 
| 162|0x000000008a200000, 0x000000008a300000, 0x000000008a300000|100%| E|CS|TAMS 0x000000008a200000, 0x000000008a200000| Complete 
| 163|0x000000008a300000, 0x000000008a400000, 0x000000008a400000|100%| E|CS|TAMS 0x000000008a300000, 0x000000008a300000| Complete 
| 164|0x000000008a400000, 0x000000008a500000, 0x000000008a500000|100%| E|CS|TAMS 0x000000008a400000, 0x000000008a400000| Complete 
| 165|0x000000008a500000, 0x000000008a600000, 0x000000008a600000|100%| E|CS|TAMS 0x000000008a500000, 0x000000008a500000| Complete 
| 166|0x000000008a600000, 0x000000008a700000, 0x000000008a700000|100%| E|CS|TAMS 0x000000008a600000, 0x000000008a600000| Complete 
| 167|0x000000008a700000, 0x000000008a800000, 0x000000008a800000|100%| E|CS|TAMS 0x000000008a700000, 0x000000008a700000| Complete 
| 168|0x000000008a800000, 0x000000008a900000, 0x000000008a900000|100%| E|CS|TAMS 0x000000008a800000, 0x000000008a800000| Complete 
| 169|0x000000008a900000, 0x000000008aa00000, 0x000000008aa00000|100%| E|CS|TAMS 0x000000008a900000, 0x000000008a900000| Complete 
| 170|0x000000008aa00000, 0x000000008ab00000, 0x000000008ab00000|100%| E|CS|TAMS 0x000000008aa00000, 0x000000008aa00000| Complete 
| 171|0x000000008ab00000, 0x000000008ac00000, 0x000000008ac00000|100%| E|CS|TAMS 0x000000008ab00000, 0x000000008ab00000| Complete 
| 172|0x000000008ac00000, 0x000000008ad00000, 0x000000008ad00000|100%| E|CS|TAMS 0x000000008ac00000, 0x000000008ac00000| Complete 
| 173|0x000000008ad00000, 0x000000008ae00000, 0x000000008ae00000|100%| E|CS|TAMS 0x000000008ad00000, 0x000000008ad00000| Complete 
| 174|0x000000008ae00000, 0x000000008af00000, 0x000000008af00000|100%| E|CS|TAMS 0x000000008ae00000, 0x000000008ae00000| Complete 
| 175|0x000000008af00000, 0x000000008b000000, 0x000000008b000000|100%| E|CS|TAMS 0x000000008af00000, 0x000000008af00000| Complete 
| 176|0x000000008b000000, 0x000000008b100000, 0x000000008b100000|100%| E|CS|TAMS 0x000000008b000000, 0x000000008b000000| Complete 
| 177|0x000000008b100000, 0x000000008b200000, 0x000000008b200000|100%| E|CS|TAMS 0x000000008b100000, 0x000000008b100000| Complete 
| 178|0x000000008b200000, 0x000000008b300000, 0x000000008b300000|100%| E|CS|TAMS 0x000000008b200000, 0x000000008b200000| Complete 
| 179|0x000000008b300000, 0x000000008b400000, 0x000000008b400000|100%| E|CS|TAMS 0x000000008b300000, 0x000000008b300000| Complete 
| 180|0x000000008b400000, 0x000000008b500000, 0x000000008b500000|100%| E|CS|TAMS 0x000000008b400000, 0x000000008b400000| Complete 
| 181|0x000000008b500000, 0x000000008b600000, 0x000000008b600000|100%| E|CS|TAMS 0x000000008b500000, 0x000000008b500000| Complete 
| 182|0x000000008b600000, 0x000000008b700000, 0x000000008b700000|100%| E|CS|TAMS 0x000000008b600000, 0x000000008b600000| Complete 

Card table byte_map: [0x000001e67b500000,0x000001e67b900000] _byte_map_base: 0x000001e67b100000

Marking Bits (Prev, Next): (CMBitMap*) 0x000001e667d3b298, (CMBitMap*) 0x000001e667d3b2d0
 Prev Bits: [0x000001e67bd00000, 0x000001e67dd00000)
 Next Bits: [0x000001e67dd00000, 0x000001e67fd00000)

Polling page: 0x000001e666460000

Metaspace:

Usage:
  Non-class:     84.70 MB capacity,    82.89 MB ( 98%) used,     1.54 MB (  2%) free+waste,   282.56 KB ( <1%) overhead. 
      Class:     13.21 MB capacity,    12.22 MB ( 93%) used,   873.48 KB (  6%) free+waste,   133.75 KB ( <1%) overhead. 
       Both:     97.91 MB capacity,    95.11 MB ( 97%) used,     2.39 MB (  2%) free+waste,   416.31 KB ( <1%) overhead. 

Virtual space:
  Non-class space:       86.00 MB reserved,      84.87 MB ( 99%) committed 
      Class space:        1.00 GB reserved,      13.25 MB (  1%) committed 
             Both:        1.08 GB reserved,      98.12 MB (  9%) committed 

Chunk freelists:
   Non-Class:  3.00 KB
       Class:  12.00 KB
        Both:  15.00 KB

MaxMetaspaceSize: 17179869184.00 GB
CompressedClassSpaceSize: 1.00 GB

CodeHeap 'non-profiled nmethods': size=120000Kb used=4285Kb max_used=4285Kb free=115714Kb
 bounds [0x000001e673150000, 0x000001e673580000, 0x000001e67a680000]
CodeHeap 'profiled nmethods': size=120000Kb used=19832Kb max_used=19832Kb free=100167Kb
 bounds [0x000001e66bc20000, 0x000001e66cf80000, 0x000001e673150000]
CodeHeap 'non-nmethods': size=5760Kb used=2287Kb max_used=2337Kb free=3472Kb
 bounds [0x000001e66b680000, 0x000001e66b8f0000, 0x000001e66bc20000]
 total_blobs=10664 nmethods=9776 adapters=799
 compilation: enabled
              stopped_count=0, restarted_count=0
 full_count=0

Compilation events (20 events):
Event: 56.663 Thread 0x000001e60284d800 10336       2       java.io.Bits::putLong (86 bytes)
Event: 56.664 Thread 0x000001e60284d800 nmethod 10336 0x000001e66cf7c010 code [0x000001e66cf7c1c0, 0x000001e66cf7c418]
Event: 56.665 Thread 0x000001e60284d800 10337       2       org.gradle.internal.resources.AbstractTrackedResourceLock::failIfNotInResourceLockStateChange (23 bytes)
Event: 56.666 Thread 0x000001e60284d800 nmethod 10337 0x000001e66cf7c590 code [0x000001e66cf7c760, 0x000001e66cf7c978]
Event: 56.666 Thread 0x000001e60284d800 10338       2       org.gradle.internal.resources.DefaultResourceLockCoordinationService$DefaultResourceLockState::<init> (5 bytes)
Event: 56.666 Thread 0x000001e60284d800 nmethod 10338 0x000001e66cf7ca90 code [0x000001e66cf7cc40, 0x000001e66cf7cd38]
Event: 56.666 Thread 0x000001e60284d800 10340       2       java.io.ObjectOutputStream::writeNonProxyDesc (109 bytes)
Event: 56.671 Thread 0x000001e60284d800 nmethod 10340 0x000001e66cf7ce10 code [0x000001e66cf7d0a0, 0x000001e66cf7d6e8]
Event: 56.671 Thread 0x000001e60284d800 10339       2       org.gradle.internal.resources.DefaultResourceLockCoordinationService$DefaultResourceLockState::<init> (5 bytes)
Event: 56.671 Thread 0x000001e60284d800 nmethod 10339 0x000001e66cf7dc10 code [0x000001e66cf7ddc0, 0x000001e66cf7deb8]
Event: 56.673 Thread 0x000001e60284d800 10341       2       com.google.common.collect.ImmutableSet::of (9 bytes)
Event: 56.674 Thread 0x000001e60284d800 nmethod 10341 0x000001e66cf7df90 code [0x000001e66cf7e160, 0x000001e66cf7e3a8]
Event: 56.674 Thread 0x000001e60284d800 10342       2       com.google.common.collect.SingletonImmutableSet::<init> (13 bytes)
Event: 56.674 Thread 0x000001e60284d800 nmethod 10342 0x000001e66cf7e490 code [0x000001e66cf7e660, 0x000001e66cf7e868]
Event: 56.675 Thread 0x000001e60284d800 10343       2       org.gradle.api.internal.file.collections.UnpackingVisitor$SingleFileResolvingFileCollection::getIntrinsicFiles (37 bytes)
Event: 56.676 Thread 0x000001e60284d800 nmethod 10343 0x000001e66cf7e990 code [0x000001e66cf7eb80, 0x000001e66cf7ef58]
Event: 56.677 Thread 0x000001e60284d800 10344       2       java.io.ObjectOutputStream::writeLong (9 bytes)
Event: 56.678 Thread 0x000001e60284d800 nmethod 10344 0x000001e66cf7f110 code [0x000001e66cf7f2c0, 0x000001e66cf7f3e8]
Event: 56.678 Thread 0x000001e60284d800 10345       2       org.gradle.api.internal.tasks.properties.DefaultTypeMetadataStore$DefaultTypeMetadata::visitValidationFailures (10 bytes)
Event: 56.679 Thread 0x000001e60284d800 nmethod 10345 0x000001e66cf7f490 code [0x000001e66cf7f660, 0x000001e66cf7f8a8]

GC Heap History (20 events):
Event: 35.251 GC heap before
{Heap before GC invocations=19 (full 0):
 garbage-first heap   total 129024K, used 106183K [0x0000000080000000, 0x0000000100000000)
  region size 1024K, 37 young (37888K), 3 survivors (3072K)
 Metaspace       used 70105K, capacity 71898K, committed 72188K, reserved 1112064K
  class space    used 9119K, capacity 9745K, committed 9856K, reserved 1048576K
}
Event: 35.264 GC heap after
{Heap after GC invocations=20 (full 0):
 garbage-first heap   total 129024K, used 72687K [0x0000000080000000, 0x0000000100000000)
  region size 1024K, 4 young (4096K), 4 survivors (4096K)
 Metaspace       used 70105K, capacity 71898K, committed 72188K, reserved 1112064K
  class space    used 9119K, capacity 9745K, committed 9856K, reserved 1048576K
}
Event: 36.614 GC heap before
{Heap before GC invocations=20 (full 0):
 garbage-first heap   total 129024K, used 107503K [0x0000000080000000, 0x0000000100000000)
  region size 1024K, 38 young (38912K), 4 survivors (4096K)
 Metaspace       used 72125K, capacity 74041K, committed 74236K, reserved 1114112K
  class space    used 9369K, capacity 9985K, committed 10112K, reserved 1048576K
}
Event: 36.632 GC heap after
{Heap after GC invocations=21 (full 0):
 garbage-first heap   total 129024K, used 75289K [0x0000000080000000, 0x0000000100000000)
  region size 1024K, 5 young (5120K), 5 survivors (5120K)
 Metaspace       used 72125K, capacity 74041K, committed 74236K, reserved 1114112K
  class space    used 9369K, capacity 9985K, committed 10112K, reserved 1048576K
}
Event: 37.870 GC heap before
{Heap before GC invocations=22 (full 0):
 garbage-first heap   total 129024K, used 107033K [0x0000000080000000, 0x0000000100000000)
  region size 1024K, 36 young (36864K), 5 survivors (5120K)
 Metaspace       used 74324K, capacity 76286K, committed 76540K, reserved 1116160K
  class space    used 9712K, capacity 10357K, committed 10368K, reserved 1048576K
}
Event: 37.890 GC heap after
{Heap after GC invocations=23 (full 0):
 garbage-first heap   total 129024K, used 77206K [0x0000000080000000, 0x0000000100000000)
  region size 1024K, 5 young (5120K), 5 survivors (5120K)
 Metaspace       used 74324K, capacity 76286K, committed 76540K, reserved 1116160K
  class space    used 9712K, capacity 10357K, committed 10368K, reserved 1048576K
}
Event: 39.199 GC heap before
{Heap before GC invocations=23 (full 0):
 garbage-first heap   total 129024K, used 107926K [0x0000000080000000, 0x0000000100000000)
  region size 1024K, 35 young (35840K), 5 survivors (5120K)
 Metaspace       used 76549K, capacity 78585K, committed 78716K, reserved 1118208K
  class space    used 10012K, capacity 10645K, committed 10752K, reserved 1048576K
}
Event: 39.217 GC heap after
{Heap after GC invocations=24 (full 0):
 garbage-first heap   total 129024K, used 78844K [0x0000000080000000, 0x0000000100000000)
  region size 1024K, 4 young (4096K), 4 survivors (4096K)
 Metaspace       used 76549K, capacity 78585K, committed 78716K, reserved 1118208K
  class space    used 10012K, capacity 10645K, committed 10752K, reserved 1048576K
}
Event: 40.943 GC heap before
{Heap before GC invocations=25 (full 0):
 garbage-first heap   total 129024K, used 108540K [0x0000000080000000, 0x0000000100000000)
  region size 1024K, 33 young (33792K), 4 survivors (4096K)
 Metaspace       used 80385K, capacity 82401K, committed 82556K, reserved 1120256K
  class space    used 10547K, capacity 11203K, committed 11264K, reserved 1048576K
}
Event: 40.959 GC heap after
{Heap after GC invocations=26 (full 0):
 garbage-first heap   total 129024K, used 80230K [0x0000000080000000, 0x0000000100000000)
  region size 1024K, 4 young (4096K), 4 survivors (4096K)
 Metaspace       used 80385K, capacity 82401K, committed 82556K, reserved 1120256K
  class space    used 10547K, capacity 11203K, committed 11264K, reserved 1048576K
}
Event: 42.478 GC heap before
{Heap before GC invocations=26 (full 0):
 garbage-first heap   total 129024K, used 108902K [0x0000000080000000, 0x0000000100000000)
  region size 1024K, 32 young (32768K), 4 survivors (4096K)
 Metaspace       used 83500K, capacity 85479K, committed 85756K, reserved 1124352K
  class space    used 10888K, capacity 11542K, committed 11648K, reserved 1048576K
}
Event: 42.502 GC heap after
{Heap after GC invocations=27 (full 0):
 garbage-first heap   total 155648K, used 82046K [0x0000000080000000, 0x0000000100000000)
  region size 1024K, 3 young (3072K), 3 survivors (3072K)
 Metaspace       used 83500K, capacity 85479K, committed 85756K, reserved 1124352K
  class space    used 10888K, capacity 11542K, committed 11648K, reserved 1048576K
}
Event: 43.998 GC heap before
{Heap before GC invocations=28 (full 0):
 garbage-first heap   total 155648K, used 124029K [0x0000000080000000, 0x0000000100000000)
  region size 1024K, 45 young (46080K), 3 survivors (3072K)
 Metaspace       used 85135K, capacity 87459K, committed 87676K, reserved 1124352K
  class space    used 11164K, capacity 11941K, committed 12032K, reserved 1048576K
}
Event: 44.021 GC heap after
{Heap after GC invocations=29 (full 0):
 garbage-first heap   total 155648K, used 84897K [0x0000000080000000, 0x0000000100000000)
  region size 1024K, 6 young (6144K), 6 survivors (6144K)
 Metaspace       used 85135K, capacity 87459K, committed 87676K, reserved 1124352K
  class space    used 11164K, capacity 11941K, committed 12032K, reserved 1048576K
}
Event: 45.271 GC heap before
{Heap before GC invocations=29 (full 0):
 garbage-first heap   total 155648K, used 125857K [0x0000000080000000, 0x0000000100000000)
  region size 1024K, 47 young (48128K), 6 survivors (6144K)
 Metaspace       used 85990K, capacity 88363K, committed 88444K, reserved 1126400K
  class space    used 11232K, capacity 11998K, committed 12032K, reserved 1048576K
}
Event: 45.298 GC heap after
{Heap after GC invocations=30 (full 0):
 garbage-first heap   total 155648K, used 87455K [0x0000000080000000, 0x0000000100000000)
  region size 1024K, 6 young (6144K), 6 survivors (6144K)
 Metaspace       used 85990K, capacity 88363K, committed 88444K, reserved 1126400K
  class space    used 11232K, capacity 11998K, committed 12032K, reserved 1048576K
}
Event: 47.131 GC heap before
{Heap before GC invocations=31 (full 0):
 garbage-first heap   total 155648K, used 120223K [0x0000000080000000, 0x0000000100000000)
  region size 1024K, 40 young (40960K), 6 survivors (6144K)
 Metaspace       used 89720K, capacity 92316K, committed 92412K, reserved 1128448K
  class space    used 11764K, capacity 12647K, committed 12672K, reserved 1048576K
}
Event: 47.154 GC heap after
{Heap after GC invocations=32 (full 0):
 garbage-first heap   total 155648K, used 89756K [0x0000000080000000, 0x0000000100000000)
  region size 1024K, 5 young (5120K), 5 survivors (5120K)
 Metaspace       used 89720K, capacity 92316K, committed 92412K, reserved 1128448K
  class space    used 11764K, capacity 12647K, committed 12672K, reserved 1048576K
}
Event: 49.070 GC heap before
{Heap before GC invocations=33 (full 0):
 garbage-first heap   total 155648K, used 129692K [0x0000000080000000, 0x0000000100000000)
  region size 1024K, 44 young (45056K), 5 survivors (5120K)
 Metaspace       used 95463K, capacity 98207K, committed 98428K, reserved 1134592K
  class space    used 12304K, capacity 13234K, committed 13312K, reserved 1048576K
}
Event: 49.098 GC heap after
{Heap after GC invocations=34 (full 0):
 garbage-first heap   total 187392K, used 91396K [0x0000000080000000, 0x0000000100000000)
  region size 1024K, 5 young (5120K), 5 survivors (5120K)
 Metaspace       used 95463K, capacity 98207K, committed 98428K, reserved 1134592K
  class space    used 12304K, capacity 13234K, committed 13312K, reserved 1048576K
}

Deoptimization events (20 events):
Event: 56.533 Thread 0x000001e6091b3800 Uncommon trap: trap_request=0xffffffc6 fr.pc=0x000001e673454db4 relative=0x0000000000000454
Event: 56.533 Thread 0x000001e6091b3800 Uncommon trap: reason=bimorphic_or_optimized_type_check action=maybe_recompile pc=0x000001e673454db4 method=java.util.Collections$SetFromMap.remove(Ljava/lang/Object;)Z @ 5 c2
Event: 56.533 Thread 0x000001e6091b3800 DEOPT PACKING pc=0x000001e673454db4 sp=0x0000004eb1ffee30
Event: 56.533 Thread 0x000001e6091b3800 DEOPT UNPACKING pc=0x000001e66b6a74af sp=0x0000004eb1ffee28 mode 2
Event: 56.533 Thread 0x000001e6091b3800 Uncommon trap: trap_request=0xffffffc6 fr.pc=0x000001e673454db4 relative=0x0000000000000454
Event: 56.533 Thread 0x000001e6091b3800 Uncommon trap: reason=bimorphic_or_optimized_type_check action=maybe_recompile pc=0x000001e673454db4 method=java.util.Collections$SetFromMap.remove(Ljava/lang/Object;)Z @ 5 c2
Event: 56.533 Thread 0x000001e6091b3800 DEOPT PACKING pc=0x000001e673454db4 sp=0x0000004eb1ffecd0
Event: 56.533 Thread 0x000001e6091b3800 DEOPT UNPACKING pc=0x000001e66b6a74af sp=0x0000004eb1ffecc8 mode 2
Event: 56.590 Thread 0x000001e6071c7800 Uncommon trap: trap_request=0xffffffc6 fr.pc=0x000001e6732171ac relative=0x0000000000000ecc
Event: 56.590 Thread 0x000001e6071c7800 Uncommon trap: reason=bimorphic_or_optimized_type_check action=maybe_recompile pc=0x000001e6732171ac method=java.io.DataOutputStream.writeShort(I)V @ 12 c2
Event: 56.590 Thread 0x000001e6071c7800 DEOPT PACKING pc=0x000001e6732171ac sp=0x0000004eac1fe170
Event: 56.591 Thread 0x000001e6071c7800 DEOPT UNPACKING pc=0x000001e66b6a74af sp=0x0000004eac1fe178 mode 2
Event: 56.611 Thread 0x000001e6091b1000 Uncommon trap: trap_request=0xffffffc6 fr.pc=0x000001e6732171ac relative=0x0000000000000ecc
Event: 56.611 Thread 0x000001e6091b1000 Uncommon trap: reason=bimorphic_or_optimized_type_check action=maybe_recompile pc=0x000001e6732171ac method=java.io.DataOutputStream.writeShort(I)V @ 12 c2
Event: 56.611 Thread 0x000001e6091b1000 DEOPT PACKING pc=0x000001e6732171ac sp=0x0000004eb22fda00
Event: 56.611 Thread 0x000001e6091b1000 DEOPT UNPACKING pc=0x000001e66b6a74af sp=0x0000004eb22fda08 mode 2
Event: 56.659 Thread 0x000001e6091b3800 Uncommon trap: trap_request=0xffffffc6 fr.pc=0x000001e673454db4 relative=0x0000000000000454
Event: 56.659 Thread 0x000001e6091b3800 Uncommon trap: reason=bimorphic_or_optimized_type_check action=maybe_recompile pc=0x000001e673454db4 method=java.util.Collections$SetFromMap.remove(Ljava/lang/Object;)Z @ 5 c2
Event: 56.659 Thread 0x000001e6091b3800 DEOPT PACKING pc=0x000001e673454db4 sp=0x0000004eb1ffee30
Event: 56.659 Thread 0x000001e6091b3800 DEOPT UNPACKING pc=0x000001e66b6a74af sp=0x0000004eb1ffee28 mode 2

Classes redefined (0 events):
No events

Internal exceptions (20 events):
Event: 55.251 Thread 0x000001e604c5b800 Exception <a 'java/lang/NoSuchMethodError'{0x000000008a349680}: 'long java.lang.invoke.DirectMethodHandle$Holder.invokeVirtual(java.lang.Object, java.lang.Object)'> (0x000000008a349680) thrown at [./src/hotspot/share/interpreter/linkResolver.cpp, line 773]
Event: 55.263 Thread 0x000001e6071c3800 Exception <a 'java/lang/NoSuchMethodError'{0x000000008a386bc0}: <clinit>> (0x000000008a386bc0) thrown at [./src/hotspot/share/prims/jni.cpp, line 1362]
Event: 55.271 Thread 0x000001e6071c3800 Exception <a 'java/lang/NoSuchMethodError'{0x000000008a3a3f90}: <clinit>> (0x000000008a3a3f90) thrown at [./src/hotspot/share/prims/jni.cpp, line 1362]
Event: 55.271 Thread 0x000001e6071c3800 Exception <a 'java/lang/NoSuchMethodError'{0x000000008a3a50b8}: <clinit>> (0x000000008a3a50b8) thrown at [./src/hotspot/share/prims/jni.cpp, line 1362]
Event: 55.272 Thread 0x000001e6071c3800 Exception <a 'java/lang/NoSuchMethodError'{0x000000008a3a63c0}: <clinit>> (0x000000008a3a63c0) thrown at [./src/hotspot/share/prims/jni.cpp, line 1362]
Event: 55.272 Thread 0x000001e6071c3800 Exception <a 'java/lang/NoSuchMethodError'{0x000000008a3a73e0}: <clinit>> (0x000000008a3a73e0) thrown at [./src/hotspot/share/prims/jni.cpp, line 1362]
Event: 55.274 Thread 0x000001e6071c3800 Exception <a 'java/lang/NoSuchMethodError'{0x000000008a201310}: <clinit>> (0x000000008a201310) thrown at [./src/hotspot/share/prims/jni.cpp, line 1362]
Event: 55.277 Thread 0x000001e6071c3800 Exception <a 'java/lang/NoSuchMethodError'{0x000000008a20c178}: <clinit>> (0x000000008a20c178) thrown at [./src/hotspot/share/prims/jni.cpp, line 1362]
Event: 55.284 Thread 0x000001e6071c3800 Exception <a 'java/lang/NoSuchMethodError'{0x000000008a21fa70}: <clinit>> (0x000000008a21fa70) thrown at [./src/hotspot/share/prims/jni.cpp, line 1362]
Event: 55.869 Thread 0x000001e604c5b800 Exception <a 'sun/nio/fs/WindowsException'{0x0000000089bb94b0}> (0x0000000089bb94b0) thrown at [./src/hotspot/share/prims/jni.cpp, line 615]
Event: 56.385 Thread 0x000001e604c5b800 Exception <a 'java/lang/NoSuchMethodError'{0x00000000895dc398}: <clinit>> (0x00000000895dc398) thrown at [./src/hotspot/share/prims/jni.cpp, line 1362]
Event: 56.511 Thread 0x000001e6071c3800 Exception <a 'java/lang/NoSuchMethodError'{0x0000000089d8a2f8}: <clinit>> (0x0000000089d8a2f8) thrown at [./src/hotspot/share/prims/jni.cpp, line 1362]
Event: 56.513 Thread 0x000001e6071c3800 Exception <a 'java/lang/NoSuchMethodError'{0x0000000089d936d0}: <clinit>> (0x0000000089d936d0) thrown at [./src/hotspot/share/prims/jni.cpp, line 1362]
Event: 56.520 Thread 0x000001e6071c3800 Exception <a 'java/lang/NoSuchMethodError'{0x0000000089249f68}: <clinit>> (0x0000000089249f68) thrown at [./src/hotspot/share/prims/jni.cpp, line 1362]
Event: 56.524 Thread 0x000001e6071c3800 Exception <a 'java/lang/NoSuchMethodError'{0x0000000089270508}: <clinit>> (0x0000000089270508) thrown at [./src/hotspot/share/prims/jni.cpp, line 1362]
Event: 56.525 Thread 0x000001e6071c3800 Exception <a 'java/lang/NoSuchMethodError'{0x00000000892717e0}: <clinit>> (0x00000000892717e0) thrown at [./src/hotspot/share/prims/jni.cpp, line 1362]
Event: 56.537 Thread 0x000001e6091b3800 Exception <a 'java/lang/NoSuchMethodError'{0x00000000893106f0}: 'java.lang.Object java.lang.invoke.Invokers$Holder.linkToTargetMethod(java.lang.Object, java.lang.Object, java.lang.Object, java.lang.Object, java.lang.Object, java.lang.Object, java.lang.Object, java.lang.Object)'> (0x00000000893106f0) thrown at [./src/hotspot/share/interpreter/linkResolver.cpp, line 773]
Event: 56.586 Thread 0x000001e6091b0000 Exception <a 'java/lang/NoSuchMethodError'{0x00000000890311c0}: <clinit>> (0x00000000890311c0) thrown at [./src/hotspot/share/prims/jni.cpp, line 1362]
Event: 56.593 Thread 0x000001e6091b0000 Exception <a 'java/lang/NoSuchMethodError'{0x00000000890609c8}: <clinit>> (0x00000000890609c8) thrown at [./src/hotspot/share/prims/jni.cpp, line 1362]
Event: 56.661 Thread 0x000001e6071c3800 Exception <a 'java/lang/NoSuchMethodError'{0x0000000089280890}: <clinit>> (0x0000000089280890) thrown at [./src/hotspot/share/prims/jni.cpp, line 1362]

Events (20 events):
Event: 56.688 loading class org/gradle/internal/snapshot/MissingFileSnapshot done
Event: 56.688 loading class org/gradle/internal/snapshot/MissingFileSnapshot
Event: 56.688 loading class org/gradle/internal/snapshot/MissingFileSnapshot done
Event: 56.690 loading class org/gradle/internal/fingerprint/overlap/impl/DefaultOverlappingOutputDetector$OverlappingOutputsDetectingVisitor
Event: 56.690 loading class org/gradle/internal/fingerprint/overlap/impl/DefaultOverlappingOutputDetector$OverlappingOutputsDetectingVisitor done
Event: 56.692 loading class org/gradle/api/internal/tasks/properties/InputFilePropertySpec
Event: 56.692 loading class org/gradle/api/internal/tasks/properties/InputFilePropertySpec done
Event: 56.692 loading class org/gradle/internal/fingerprint/CurrentFileCollectionFingerprint
Event: 56.692 loading class org/gradle/internal/fingerprint/CurrentFileCollectionFingerprint done
Event: 56.692 loading class org/gradle/api/internal/tasks/execution/ExecuteActionsTaskExecuter$TaskExecution
Event: 56.692 loading class org/gradle/api/internal/tasks/execution/ExecuteActionsTaskExecuter$TaskExecution done
Event: 56.695 Executing VM operation: RevokeBias
Event: 56.696 Executing VM operation: RevokeBias done
Event: 56.697 Executing VM operation: RevokeBias
Event: 56.697 Executing VM operation: RevokeBias done
Event: 56.697 Executing VM operation: RevokeBias
Event: 56.698 Executing VM operation: RevokeBias done
Event: 56.698 Executing VM operation: RevokeBias
Event: 56.699 Executing VM operation: RevokeBias done
Event: 56.700 Executing VM operation: BulkRevokeBias


Dynamic libraries:
0x00007ff70cb20000 - 0x00007ff70cb2a000 	C:\Program Files\Android\Android Studio\jre\bin\java.exe
0x00007ffa40fd0000 - 0x00007ffa411c5000 	C:\WINDOWS\SYSTEM32\ntdll.dll
0x00007ffa3f580000 - 0x00007ffa3f63d000 	C:\WINDOWS\System32\KERNEL32.DLL
0x00007ffa3ec00000 - 0x00007ffa3eec9000 	C:\WINDOWS\System32\KERNELBASE.dll
0x00007ffa3eb00000 - 0x00007ffa3ec00000 	C:\WINDOWS\System32\ucrtbase.dll
0x00007ffa2e880000 - 0x00007ffa2e899000 	C:\Program Files\Android\Android Studio\jre\bin\jli.dll
0x00007ffa36960000 - 0x00007ffa36977000 	C:\Program Files\Android\Android Studio\jre\bin\VCRUNTIME140.dll
0x00007ffa40320000 - 0x00007ffa404c0000 	C:\WINDOWS\System32\USER32.dll
0x00007ffa3eed0000 - 0x00007ffa3eef2000 	C:\WINDOWS\System32\win32u.dll
0x00007ffa2b850000 - 0x00007ffa2baea000 	C:\WINDOWS\WinSxS\amd64_microsoft.windows.common-controls_6595b64144ccf1df_6.0.19041.844_none_ca00b6081b84eb1d\COMCTL32.dll
0x00007ffa40250000 - 0x00007ffa4027a000 	C:\WINDOWS\System32\GDI32.dll
0x00007ffa3fe50000 - 0x00007ffa3feee000 	C:\WINDOWS\System32\msvcrt.dll
0x00007ffa3e710000 - 0x00007ffa3e81b000 	C:\WINDOWS\System32\gdi32full.dll
0x00007ffa3e870000 - 0x00007ffa3e90d000 	C:\WINDOWS\System32\msvcp_win.dll
0x00007ffa40220000 - 0x00007ffa40250000 	C:\WINDOWS\System32\IMM32.DLL
0x00007ffa12840000 - 0x00007ffa128dd000 	C:\Program Files\Android\Android Studio\jre\bin\msvcp140.dll
0x00007ffa11b00000 - 0x00007ffa125bc000 	C:\Program Files\Android\Android Studio\jre\bin\server\jvm.dll
0x00007ffa3fc90000 - 0x00007ffa3fd3c000 	C:\WINDOWS\System32\ADVAPI32.dll
0x00007ffa40740000 - 0x00007ffa407dc000 	C:\WINDOWS\System32\sechost.dll
0x00007ffa3fb60000 - 0x00007ffa3fc8b000 	C:\WINDOWS\System32\RPCRT4.dll
0x00007ffa3f640000 - 0x00007ffa3f648000 	C:\WINDOWS\System32\PSAPI.DLL
0x00007ffa3a220000 - 0x00007ffa3a229000 	C:\WINDOWS\SYSTEM32\WSOCK32.dll
0x00007ffa2efd0000 - 0x00007ffa2eff7000 	C:\WINDOWS\SYSTEM32\WINMM.dll
0x00007ffa2aee0000 - 0x00007ffa2aeea000 	C:\WINDOWS\SYSTEM32\VERSION.dll
0x00007ffa402b0000 - 0x00007ffa4031b000 	C:\WINDOWS\System32\WS2_32.dll
0x00007ffa3c650000 - 0x00007ffa3c662000 	C:\WINDOWS\SYSTEM32\kernel.appcore.dll
0x00007ffa3a1e0000 - 0x00007ffa3a1f1000 	C:\Program Files\Android\Android Studio\jre\bin\verify.dll
0x00007ffa2a4d0000 - 0x00007ffa2a6b4000 	C:\WINDOWS\SYSTEM32\DBGHELP.DLL
0x00007ffa29c00000 - 0x00007ffa29c2c000 	C:\WINDOWS\SYSTEM32\dbgcore.DLL
0x00007ffa3efb0000 - 0x00007ffa3f030000 	C:\WINDOWS\System32\bcryptPrimitives.dll
0x00007ffa3a120000 - 0x00007ffa3a149000 	C:\Program Files\Android\Android Studio\jre\bin\java.dll
0x00007ffa39940000 - 0x00007ffa3994b000 	C:\Program Files\Android\Android Studio\jre\bin\jimage.dll
0x00007ffa36980000 - 0x00007ffa36998000 	C:\Program Files\Android\Android Studio\jre\bin\zip.dll
0x00007ffa407e0000 - 0x00007ffa40f22000 	C:\WINDOWS\System32\SHELL32.dll
0x00007ffa3c850000 - 0x00007ffa3cfe0000 	C:\WINDOWS\SYSTEM32\windows.storage.dll
0x00007ffa3f800000 - 0x00007ffa3fb55000 	C:\WINDOWS\System32\combase.dll
0x00007ffa3e180000 - 0x00007ffa3e1ac000 	C:\WINDOWS\SYSTEM32\Wldp.dll
0x00007ffa3fd40000 - 0x00007ffa3fdee000 	C:\WINDOWS\System32\SHCORE.dll
0x00007ffa404c0000 - 0x00007ffa40515000 	C:\WINDOWS\System32\shlwapi.dll
0x00007ffa3e650000 - 0x00007ffa3e66f000 	C:\WINDOWS\SYSTEM32\profapi.dll
0x00007ffa368a0000 - 0x00007ffa368ba000 	C:\Program Files\Android\Android Studio\jre\bin\net.dll
0x00007ffa38460000 - 0x00007ffa3856c000 	C:\WINDOWS\SYSTEM32\WINHTTP.dll
0x00007ffa3df00000 - 0x00007ffa3df6a000 	C:\WINDOWS\system32\mswsock.dll
0x00007ffa36880000 - 0x00007ffa36894000 	C:\Program Files\Android\Android Studio\jre\bin\nio.dll
0x00007ffa2e440000 - 0x00007ffa2e467000 	C:\Users\ACER\.gradle\native\fdc75f09e3144964f2cf3f50f0aa648679c211496f362492102eb8c894070792\windows-amd64\native-platform.dll
0x00007ffa132c0000 - 0x00007ffa13456000 	C:\Users\ACER\.gradle\native\12488b8bf47d2d4c9fbf2f6322a914ad602e24e48041cd04a747c6da556b65c4\windows-amd64\native-platform-file-events.dll
0x00007ffa39220000 - 0x00007ffa3922a000 	C:\Program Files\Android\Android Studio\jre\bin\management.dll
0x00007ffa39040000 - 0x00007ffa3904c000 	C:\Program Files\Android\Android Studio\jre\bin\management_ext.dll
0x00007ffa3e0d0000 - 0x00007ffa3e0e8000 	C:\WINDOWS\SYSTEM32\CRYPTSP.dll
0x00007ffa3d830000 - 0x00007ffa3d864000 	C:\WINDOWS\system32\rsaenh.dll
0x00007ffa3ea70000 - 0x00007ffa3ea97000 	C:\WINDOWS\System32\bcrypt.dll
0x00007ffa3e610000 - 0x00007ffa3e63e000 	C:\WINDOWS\SYSTEM32\USERENV.dll
0x00007ffa3e0f0000 - 0x00007ffa3e0fc000 	C:\WINDOWS\SYSTEM32\CRYPTBASE.dll
0x00007ffa3dba0000 - 0x00007ffa3dbdb000 	C:\WINDOWS\SYSTEM32\IPHLPAPI.DLL
0x00007ffa3f030000 - 0x00007ffa3f038000 	C:\WINDOWS\System32\NSI.dll
0x00007ffa36f40000 - 0x00007ffa36f57000 	C:\WINDOWS\SYSTEM32\dhcpcsvc6.DLL
0x00007ffa37d20000 - 0x00007ffa37d3d000 	C:\WINDOWS\SYSTEM32\dhcpcsvc.DLL
0x00007ffa3dbe0000 - 0x00007ffa3dcab000 	C:\WINDOWS\SYSTEM32\DNSAPI.dll
0x00007ffa38950000 - 0x00007ffa3895b000 	C:\WINDOWS\SYSTEM32\WINNSI.DLL

dbghelp: loaded successfully - version: 4.0.5 - missing functions: none
symbol engine: initialized successfully - sym options: 0x614 - pdb path: .;C:\Program Files\Android\Android Studio\jre\bin;C:\WINDOWS\SYSTEM32;C:\WINDOWS\WinSxS\amd64_microsoft.windows.common-controls_6595b64144ccf1df_6.0.19041.844_none_ca00b6081b84eb1d;C:\Program Files\Android\Android Studio\jre\bin\server;C:\Users\ACER\.gradle\native\fdc75f09e3144964f2cf3f50f0aa648679c211496f362492102eb8c894070792\windows-amd64;C:\Users\ACER\.gradle\native\12488b8bf47d2d4c9fbf2f6322a914ad602e24e48041cd04a747c6da556b65c4\windows-amd64

VM Arguments:
jvm_args: --add-opens=java.base/java.util=ALL-UNNAMED --add-opens=java.base/java.lang=ALL-UNNAMED --add-opens=java.base/java.lang.invoke=ALL-UNNAMED --add-opens=java.prefs/java.util.prefs=ALL-UNNAMED -Xmx2048m -Dfile.encoding=UTF-8 -Duser.country=US -Duser.language=en -Duser.variant 
java_command: org.gradle.launcher.daemon.bootstrap.GradleDaemon 6.7.1
java_class_path (initial): C:\Users\ACER\.gradle\wrapper\dists\gradle-6.7.1-bin\bwlcbys1h7rz3272sye1xwiv6\gradle-6.7.1\lib\gradle-launcher-6.7.1.jar
Launcher Type: SUN_STANDARD

[Global flags]
     intx CICompilerCount                          = 4                                         {product} {ergonomic}
     uint ConcGCThreads                            = 2                                         {product} {ergonomic}
     uint G1ConcRefinementThreads                  = 8                                         {product} {ergonomic}
   size_t G1HeapRegionSize                         = 1048576                                   {product} {ergonomic}
    uintx GCDrainStackTargetSize                   = 64                                        {product} {ergonomic}
   size_t InitialHeapSize                          = 132120576                                 {product} {ergonomic}
   size_t MarkStackSize                            = 4194304                                   {product} {ergonomic}
   size_t MaxHeapSize                              = 2147483648                                {product} {command line}
   size_t MaxNewSize                               = 1287651328                                {product} {ergonomic}
   size_t MinHeapDeltaBytes                        = 1048576                                   {product} {ergonomic}
    uintx NonNMethodCodeHeapSize                   = 5836300                                {pd product} {ergonomic}
    uintx NonProfiledCodeHeapSize                  = 122910970                              {pd product} {ergonomic}
    uintx ProfiledCodeHeapSize                     = 122910970                              {pd product} {ergonomic}
    uintx ReservedCodeCacheSize                    = 251658240                              {pd product} {ergonomic}
     bool SegmentedCodeCache                       = true                                      {product} {ergonomic}
     bool UseCompressedClassPointers               = true                                 {lp64_product} {ergonomic}
     bool UseCompressedOops                        = true                                 {lp64_product} {ergonomic}
     bool UseG1GC                                  = true                                      {product} {ergonomic}
     bool UseLargePagesIndividualAllocation        = false                                  {pd product} {ergonomic}

Logging:
Log output configuration:
 #0: stdout all=warning uptime,level,tags
 #1: stderr all=off uptime,level,tags

Environment Variables:
PATH=C:\Program Files (x86)\Common Files\Oracle\Java\javapath;C:\Users\ACER\AppData\Local\Microsoft\WindowsApps;C:\Program Files\Java\jdk1.8.0_181\bin;C:\Program Files (x86)\Microsoft SQL Server\90\Tools\binn\;C:\xampp\mysql\bin;C:\WINDOWS\system32;C:\WINDOWS;C:\WINDOWS\System32\Wbem;C:\WINDOWS\System32\WindowsPowerShell\v1.0\;C:\WINDOWS\System32\OpenSSH\;C:\Program Files\NVIDIA Corporation\NVIDIA NvDLISR;C:\Program Files (x86)\NVIDIA Corporation\PhysX\Common;C:\Program Files\Git\cmd;C:\WINDOWS\system32;C:\Users\ACER\AppData\Local\Microsoft\WindowsApps;
USERNAME=ACER
OS=Windows_NT
PROCESSOR_IDENTIFIER=Intel64 Family 6 Model 158 Stepping 10, GenuineIntel



---------------  S Y S T E M  ---------------

OS: Windows 10 , 64 bit Build 19041 (10.0.19041.804)
OS uptime: 0 days 3:00 hours

CPU:total 8 (initial active 8) (4 cores per cpu, 2 threads per core) family 6 model 158 stepping 10, cmov, cx8, fxsr, mmx, sse, sse2, sse3, ssse3, sse4.1, sse4.2, popcnt, avx, avx2, aes, clmul, erms, 3dnowpref, lzcnt, ht, tsc, tscinvbit, bmi1, bmi2, adx, fma

Memory: 4k page, system-wide physical 8034M (275M free)
TotalPageFile size 11574M (AvailPageFile size 3M)
current process WorkingSet (physical memory assigned to process): 427M, peak: 427M
current process commit charge ("private bytes"): 473M, peak: 473M

vm_info: OpenJDK 64-Bit Server VM (11.0.8+10-b944.6842174) for windows-amd64 JRE (11.0.8+10-b944.6842174), built on Sep 19 2020 01:11:42 by "builder" with MS VC++ 14.0 (VS2015)

END.
